#
# There is insufficient memory for the Java Runtime Environment to continue.
# Native memory allocation (malloc) failed to allocate 1048576 bytes for AllocateHeap
# Possible reasons:
#   The system is out of physical RAM or swap space
#   The process is running with CompressedOops enabled, and the Java Heap may be blocking the growth of the native heap
# Possible solutions:
#   Reduce memory load on the system
#   Increase physical memory or swap space
#   Check if swap backing store is full
#   Decrease Java heap size (-Xmx/-Xms)
#   Decrease number of Java threads
#   Decrease Java thread stack sizes (-Xss)
#   Set larger code cache with -XX:ReservedCodeCacheSize=
#   JVM is running with Unscaled Compressed Oops mode in which the Java heap is
#     placed in the first 4GB address space. The Java Heap base address is the
#     maximum limit for the native heap growth. Please use -XX:HeapBaseMinAddress
#     to set the Java Heap base and to place the Java Heap above 4GB virtual address.
# This output file may be truncated or incomplete.
#
#  Out of Memory Error (./src/hotspot/share/memory/allocation.cpp:46), pid=3592, tid=2312
#
# JRE version: OpenJDK Runtime Environment (11.0.10) (build 11.0.10+0-b96-7249189)
# Java VM: OpenJDK 64-Bit Server VM (11.0.10+0-b96-7249189, mixed mode, tiered, compressed oops, g1 gc, windows-amd64)
# No core dump will be written. Minidumps are not enabled by default on client versions of Windows
#

---------------  S U M M A R Y ------------

Command Line: --add-opens=java.base/java.util=ALL-UNNAMED --add-opens=java.base/java.lang=ALL-UNNAMED --add-opens=java.base/java.lang.invoke=ALL-UNNAMED --add-opens=java.base/java.util=ALL-UNNAMED --add-opens=java.prefs/java.util.prefs=ALL-UNNAMED --add-opens=java.prefs/java.util.prefs=ALL-UNNAMED --add-opens=java.base/java.nio.charset=ALL-UNNAMED --add-opens=java.base/java.net=ALL-UNNAMED --add-opens=java.base/java.util.concurrent.atomic=ALL-UNNAMED -Xmx2048m -Dfile.encoding=UTF-8 -Duser.country=RU -Duser.language=ru -Duser.variant org.gradle.launcher.daemon.bootstrap.GradleDaemon 7.3.3

Host: Intel(R) Core(TM) i5-7200U CPU @ 2.50GHz, 4 cores, 7G,  Windows 10 , 64 bit Build 19041 (10.0.19041.1202)
Time: Mon Feb  7 15:38:43 2022 Финляндия (зима) elapsed time: 13.902437 seconds (0d 0h 0m 13s)

---------------  T H R E A D  ---------------

Current thread (0x000001cfe67ab800):  VMThread "VM Thread" [stack: 0x00000048fe300000,0x00000048fe400000] [id=2312]

Stack: [0x00000048fe300000,0x00000048fe400000]
[error occurred during error reporting (printing stack bounds), id 0xc0000005, EXCEPTION_ACCESS_VIOLATION (0xc0000005) at pc=0x000001cfcff40f2d]

Native frames: (J=compiled Java code, j=interpreted, Vv=VM code, C=native code)
V  [jvm.dll+0x5ecfaa]
V  [jvm.dll+0x722bd5]
V  [jvm.dll+0x72412d]
V  [jvm.dll+0x724745]
V  [jvm.dll+0x7246fb]
V  [jvm.dll+0x5ec348]
V  [jvm.dll+0x5ecad8]
C  [ntdll.dll+0xa20cf]
C  [ntdll.dll+0x51454]
C  [ntdll.dll+0xa0bfe]
C  0x000001cfcff40f2d

VM_Operation (0x00000048ff6f7290): CollectForMetadataAllocation, mode: safepoint, requested by thread 0x000001cfe88a6000


---------------  P R O C E S S  ---------------

Threads class SMR info:
_java_thread_list=0x000001cfe8af4e50, length=78, elements={
0x000001cfcac2e000, 0x000001cfe67b0800, 0x000001cfe67be000, 0x000001cfe67cf800,
0x000001cfe67d0800, 0x000001cfe67d1800, 0x000001cfe67d2800, 0x000001cfe67e1000,
0x000001cfe67fb000, 0x000001cfe728b000, 0x000001cfe85d7800, 0x000001cfe9aa8000,
0x000001cfe7cc7000, 0x000001cfe9db9800, 0x000001cfe817e000, 0x000001cfe9989800,
0x000001cfe88a6000, 0x000001cfe8af0000, 0x000001cfe830d800, 0x000001cfe80de000,
0x000001cfe80df000, 0x000001cfe80e0800, 0x000001cfe80e3000, 0x000001cfe80df800,
0x000001cfe80e1800, 0x000001cfe80e2000, 0x000001cfe80dd800, 0x000001cfe80e4000,
0x000001cfea4fa800, 0x000001cfea4f9800, 0x000001cfea4fb000, 0x000001cfea4fc000,
0x000001cfea4f7000, 0x000001cfea4f9000, 0x000001cfea4f8000, 0x000001cfea4fe800,
0x000001cfea505000, 0x000001cfea501000, 0x000001cfea4ff800, 0x000001cfea506000,
0x000001cfea502000, 0x000001cfea500000, 0x000001cfec9a9000, 0x000001cfec9a4000,
0x000001cfec9a6000, 0x000001cfec9aa000, 0x000001cfec9a5000, 0x000001cfec9ab800,
0x000001cfec9ac800, 0x000001cfec9aa800, 0x000001cfec9a6800, 0x000001cfec9ad000,
0x000001cfec9a7800, 0x000001cfec9ae000, 0x000001cfec9a8000, 0x000001cfec9b2000,
0x000001cfec9af800, 0x000001cfec9b0800, 0x000001cfec9af000, 0x000001cfec9b1000,
0x000001cfec9b3000, 0x000001cfee116000, 0x000001cfee113800, 0x000001cfee119000,
0x000001cfee118800, 0x000001cfee115000, 0x000001cfee11a000, 0x000001cfee116800,
0x000001cfee114800, 0x000001cfee117800, 0x000001cfee11f800, 0x000001cfee11c800,
0x000001cfee120800, 0x000001cfee11b000, 0x000001cfee11e000, 0x000001cfee11f000,
0x000001cfee121800, 0x000001cfee11b800
}

Java Threads: ( => current thread )
  0x000001cfcac2e000 JavaThread "main" [_thread_blocked, id=6944, stack(0x00000048fdd00000,0x00000048fde00000)]
  0x000001cfe67b0800 JavaThread "Reference Handler" daemon [_thread_blocked, id=1332, stack(0x00000048fe400000,0x00000048fe500000)]
  0x000001cfe67be000 JavaThread "Finalizer" daemon [_thread_blocked, id=2916, stack(0x00000048fe500000,0x00000048fe600000)]
  0x000001cfe67cf800 JavaThread "Signal Dispatcher" daemon [_thread_blocked, id=1504, stack(0x00000048fe600000,0x00000048fe700000)]
  0x000001cfe67d0800 JavaThread "Attach Listener" daemon [_thread_blocked, id=4816, stack(0x00000048fe700000,0x00000048fe800000)]
  0x000001cfe67d1800 JavaThread "Service Thread" daemon [_thread_blocked, id=2500, stack(0x00000048fe800000,0x00000048fe900000)]
  0x000001cfe67d2800 JavaThread "C2 CompilerThread0" daemon [_thread_blocked, id=3180, stack(0x00000048fe900000,0x00000048fea00000)]
  0x000001cfe67e1000 JavaThread "C1 CompilerThread0" daemon [_thread_blocked, id=4236, stack(0x00000048fea00000,0x00000048feb00000)]
  0x000001cfe67fb000 JavaThread "Sweeper thread" daemon [_thread_blocked, id=1664, stack(0x00000048feb00000,0x00000048fec00000)]
  0x000001cfe728b000 JavaThread "Common-Cleaner" daemon [_thread_blocked, id=2820, stack(0x00000048fec00000,0x00000048fed00000)]
  0x000001cfe85d7800 JavaThread "Daemon health stats" [_thread_blocked, id=7768, stack(0x00000048ff100000,0x00000048ff200000)]
  0x000001cfe9aa8000 JavaThread "Incoming local TCP Connector on port 55395" [_thread_in_native, id=228, stack(0x00000048fee00000,0x00000048fef00000)]
  0x000001cfe7cc7000 JavaThread "Daemon periodic checks" [_thread_blocked, id=7692, stack(0x00000048ff200000,0x00000048ff300000)]
  0x000001cfe9db9800 JavaThread "Daemon" [_thread_blocked, id=4332, stack(0x00000048ff300000,0x00000048ff400000)]
  0x000001cfe817e000 JavaThread "Handler for socket connection from /127.0.0.1:55395 to /127.0.0.1:55396" [_thread_in_native, id=6012, stack(0x00000048ff400000,0x00000048ff500000)]
  0x000001cfe9989800 JavaThread "Cancel handler" [_thread_blocked, id=7608, stack(0x00000048ff500000,0x00000048ff600000)]
  0x000001cfe88a6000 JavaThread "Daemon worker" [_thread_blocked, id=300, stack(0x00000048ff600000,0x00000048ff700000)]
  0x000001cfe8af0000 JavaThread "Asynchronous log dispatcher for DefaultDaemonConnection: socket connection from /127.0.0.1:55395 to /127.0.0.1:55396" [_thread_blocked, id=4744, stack(0x00000048ff700000,0x00000048ff800000)]
  0x000001cfe830d800 JavaThread "Stdin handler" [_thread_blocked, id=6116, stack(0x00000048ff800000,0x00000048ff900000)]
  0x000001cfe80de000 JavaThread "Daemon client event forwarder" [_thread_blocked, id=6912, stack(0x00000048ff900000,0x00000048ffa00000)]
  0x000001cfe80df000 JavaThread "Cache worker for journal cache (C:\Users\Vitaly\.gradle\caches\journal-1)" [_thread_blocked, id=6748, stack(0x00000048ffb00000,0x00000048ffc00000)]
  0x000001cfe80e0800 JavaThread "File lock request listener" [_thread_in_native, id=1340, stack(0x00000048ffc00000,0x00000048ffd00000)]
  0x000001cfe80e3000 JavaThread "Cache worker for file hash cache (C:\Users\Vitaly\.gradle\caches\7.3.3\fileHashes)" [_thread_blocked, id=6068, stack(0x00000048ffd00000,0x00000048ffe00000)]
  0x000001cfe80df800 JavaThread "Cache worker for file hash cache (D:\android dev\Retrofit\.gradle\7.3.3\fileHashes)" [_thread_blocked, id=6776, stack(0x00000048fff00000,0x0000004900000000)]
  0x000001cfe80e1800 JavaThread "File watcher server" daemon [_thread_in_native, id=7908, stack(0x0000004880000000,0x0000004880100000)]
  0x000001cfe80e2000 JavaThread "File watcher consumer" daemon [_thread_blocked, id=4020, stack(0x0000004880100000,0x0000004880200000)]
  0x000001cfe80dd800 JavaThread "jar transforms" [_thread_blocked, id=72, stack(0x0000004880200000,0x0000004880300000)]
  0x000001cfe80e4000 JavaThread "jar transforms Thread 2" [_thread_blocked, id=4620, stack(0x0000004880300000,0x0000004880400000)]
  0x000001cfea4fa800 JavaThread "jar transforms Thread 3" [_thread_blocked, id=2940, stack(0x0000004880400000,0x0000004880500000)]
  0x000001cfea4f9800 JavaThread "jar transforms Thread 4" [_thread_blocked, id=7108, stack(0x0000004880500000,0x0000004880600000)]
  0x000001cfea4fb000 JavaThread "Cache worker for checksums cache (D:\android dev\Retrofit\.gradle\7.3.3\checksums)" [_thread_blocked, id=3000, stack(0x0000004880600000,0x0000004880700000)]
  0x000001cfea4fc000 JavaThread "Cache worker for cache directory md-supplier (C:\Users\Vitaly\.gradle\caches\7.3.3\md-supplier)" [_thread_blocked, id=7728, stack(0x0000004880700000,0x0000004880800000)]
  0x000001cfea4f7000 JavaThread "Cache worker for cache directory md-rule (C:\Users\Vitaly\.gradle\caches\7.3.3\md-rule)" [_thread_blocked, id=2584, stack(0x0000004880800000,0x0000004880900000)]
  0x000001cfea4f9000 JavaThread "Cache worker for execution history cache (C:\Users\Vitaly\.gradle\caches\7.3.3\executionHistory)" [_thread_blocked, id=216, stack(0x0000004880900000,0x0000004880a00000)]
  0x000001cfea4f8000 JavaThread "Cache worker for file content cache (C:\Users\Vitaly\.gradle\caches\7.3.3\fileContent)" [_thread_blocked, id=1328, stack(0x0000004880a00000,0x0000004880b00000)]
  0x000001cfea4fe800 JavaThread "Cache worker for dependencies-accessors (D:\android dev\Retrofit\.gradle\7.3.3\dependencies-accessors)" [_thread_blocked, id=1296, stack(0x0000004880b00000,0x0000004880c00000)]
  0x000001cfea505000 JavaThread "Cache worker for Build Output Cleanup Cache (D:\android dev\Retrofit\.gradle\buildOutputCleanup)" [_thread_blocked, id=6352, stack(0x0000004880c00000,0x0000004880d00000)]
  0x000001cfea501000 JavaThread "Unconstrained build operations" [_thread_blocked, id=8112, stack(0x0000004880d00000,0x0000004880e00000)]
  0x000001cfea4ff800 JavaThread "Unconstrained build operations Thread 2" [_thread_blocked, id=6160, stack(0x0000004880e00000,0x0000004880f00000)]
  0x000001cfea506000 JavaThread "Unconstrained build operations Thread 3" [_thread_blocked, id=608, stack(0x0000004880f00000,0x0000004881000000)]
  0x000001cfea502000 JavaThread "Unconstrained build operations Thread 4" [_thread_blocked, id=8032, stack(0x0000004881000000,0x0000004881100000)]
  0x000001cfea500000 JavaThread "Unconstrained build operations Thread 5" [_thread_blocked, id=7576, stack(0x0000004881100000,0x0000004881200000)]
  0x000001cfec9a9000 JavaThread "Unconstrained build operations Thread 6" [_thread_blocked, id=2092, stack(0x0000004881200000,0x0000004881300000)]
  0x000001cfec9a4000 JavaThread "Unconstrained build operations Thread 7" [_thread_blocked, id=7216, stack(0x0000004881300000,0x0000004881400000)]
  0x000001cfec9a6000 JavaThread "Unconstrained build operations Thread 8" [_thread_blocked, id=5344, stack(0x0000004881400000,0x0000004881500000)]
  0x000001cfec9aa000 JavaThread "Unconstrained build operations Thread 9" [_thread_blocked, id=7420, stack(0x0000004881500000,0x0000004881600000)]
  0x000001cfec9a5000 JavaThread "Unconstrained build operations Thread 10" [_thread_blocked, id=7764, stack(0x0000004881600000,0x0000004881700000)]
  0x000001cfec9ab800 JavaThread "Unconstrained build operations Thread 11" [_thread_blocked, id=4144, stack(0x0000004881700000,0x0000004881800000)]
  0x000001cfec9ac800 JavaThread "Unconstrained build operations Thread 12" [_thread_blocked, id=8188, stack(0x0000004881800000,0x0000004881900000)]
  0x000001cfec9aa800 JavaThread "Unconstrained build operations Thread 13" [_thread_blocked, id=6736, stack(0x0000004881900000,0x0000004881a00000)]
  0x000001cfec9a6800 JavaThread "Unconstrained build operations Thread 14" [_thread_blocked, id=7472, stack(0x0000004881a00000,0x0000004881b00000)]
  0x000001cfec9ad000 JavaThread "Unconstrained build operations Thread 15" [_thread_blocked, id=6388, stack(0x0000004881b00000,0x0000004881c00000)]
  0x000001cfec9a7800 JavaThread "Unconstrained build operations Thread 16" [_thread_blocked, id=6500, stack(0x0000004881c00000,0x0000004881d00000)]
  0x000001cfec9ae000 JavaThread "Unconstrained build operations Thread 17" [_thread_blocked, id=7528, stack(0x0000004881d00000,0x0000004881e00000)]
  0x000001cfec9a8000 JavaThread "Unconstrained build operations Thread 18" [_thread_blocked, id=3656, stack(0x0000004881e00000,0x0000004881f00000)]
  0x000001cfec9b2000 JavaThread "Unconstrained build operations Thread 19" [_thread_blocked, id=2268, stack(0x0000004881f00000,0x0000004882000000)]
  0x000001cfec9af800 JavaThread "Unconstrained build operations Thread 20" [_thread_blocked, id=7912, stack(0x0000004882000000,0x0000004882100000)]
  0x000001cfec9b0800 JavaThread "Unconstrained build operations Thread 21" [_thread_blocked, id=368, stack(0x0000004882100000,0x0000004882200000)]
  0x000001cfec9af000 JavaThread "Unconstrained build operations Thread 22" [_thread_blocked, id=7296, stack(0x0000004882200000,0x0000004882300000)]
  0x000001cfec9b1000 JavaThread "Unconstrained build operations Thread 23" [_thread_blocked, id=7864, stack(0x0000004882300000,0x0000004882400000)]
  0x000001cfec9b3000 JavaThread "Unconstrained build operations Thread 24" [_thread_blocked, id=6908, stack(0x0000004882400000,0x0000004882500000)]
  0x000001cfee116000 JavaThread "Unconstrained build operations Thread 25" [_thread_blocked, id=1532, stack(0x0000004882500000,0x0000004882600000)]
  0x000001cfee113800 JavaThread "Unconstrained build operations Thread 26" [_thread_blocked, id=7952, stack(0x0000004882600000,0x0000004882700000)]
  0x000001cfee119000 JavaThread "Unconstrained build operations Thread 27" [_thread_blocked, id=6684, stack(0x0000004882700000,0x0000004882800000)]
  0x000001cfee118800 JavaThread "Unconstrained build operations Thread 28" [_thread_blocked, id=6600, stack(0x0000004882800000,0x0000004882900000)]
  0x000001cfee115000 JavaThread "Unconstrained build operations Thread 29" [_thread_blocked, id=3908, stack(0x0000004882900000,0x0000004882a00000)]
  0x000001cfee11a000 JavaThread "Unconstrained build operations Thread 30" [_thread_blocked, id=7900, stack(0x0000004882a00000,0x0000004882b00000)]
  0x000001cfee116800 JavaThread "Unconstrained build operations Thread 31" [_thread_blocked, id=928, stack(0x0000004882b00000,0x0000004882c00000)]
  0x000001cfee114800 JavaThread "Unconstrained build operations Thread 32" [_thread_blocked, id=3392, stack(0x0000004882c00000,0x0000004882d00000)]
  0x000001cfee117800 JavaThread "Unconstrained build operations Thread 33" [_thread_blocked, id=4932, stack(0x0000004882d00000,0x0000004882e00000)]
  0x000001cfee11f800 JavaThread "Unconstrained build operations Thread 34" [_thread_blocked, id=2304, stack(0x0000004882e00000,0x0000004882f00000)]
  0x000001cfee11c800 JavaThread "Unconstrained build operations Thread 35" [_thread_blocked, id=3852, stack(0x0000004882f00000,0x0000004883000000)]
  0x000001cfee120800 JavaThread "Unconstrained build operations Thread 36" [_thread_blocked, id=6572, stack(0x0000004883000000,0x0000004883100000)]
  0x000001cfee11b000 JavaThread "Unconstrained build operations Thread 37" [_thread_blocked, id=3108, stack(0x0000004883100000,0x0000004883200000)]
  0x000001cfee11e000 JavaThread "Unconstrained build operations Thread 38" [_thread_blocked, id=5396, stack(0x0000004883200000,0x0000004883300000)]
  0x000001cfee11f000 JavaThread "Unconstrained build operations Thread 39" [_thread_blocked, id=6404, stack(0x0000004883300000,0x0000004883400000)]
  0x000001cfee121800 JavaThread "Unconstrained build operations Thread 40" [_thread_blocked, id=2536, stack(0x0000004883400000,0x0000004883500000)]
  0x000001cfee11b800 JavaThread "Memory manager" [_thread_blocked, id=652, stack(0x0000004883500000,0x0000004883600000)]

Other Threads:
=>0x000001cfe67ab800 VMThread "VM Thread" [stack: 0x00000048fe300000,0x00000048fe400000] [id=2312]
  0x000001cfe72c2800 WatcherThread [stack: 0x00000048fed00000,0x00000048fee00000] [id=7116]
  0x000001cfcac46800 GCTaskThread "GC Thread#0" [stack: 0x00000048fde00000,0x00000048fdf00000] [id=6968]
  0x000001cfe790c000 GCTaskThread "GC Thread#1" [stack: 0x00000048fef00000,0x00000048ff000000] [id=7456]
  0x000001cfe7bc2000 GCTaskThread "GC Thread#2" [stack: 0x00000048ff000000,0x00000048ff100000] [id=2696]
  0x000001cfe9696000 GCTaskThread "GC Thread#3" [stack: 0x00000048ffa00000,0x00000048ffb00000] [id=5944]
  0x000001cfcac78800 ConcurrentGCThread "G1 Main Marker" [stack: 0x00000048fdf00000,0x00000048fe000000] [id=1352]
  0x000001cfcac79800 ConcurrentGCThread "G1 Conc#0" [stack: 0x00000048fe000000,0x00000048fe100000] [id=1624]
  0x000001cfcad0a800 ConcurrentGCThread "G1 Refine#0" [stack: 0x00000048fe100000,0x00000048fe200000] [id=200]
  0x000001cfcad0b800 ConcurrentGCThread "G1 Young RemSet Sampling" [stack: 0x00000048fe200000,0x00000048fe300000] [id=6524]

Threads with active compile tasks:
C2 CompilerThread0  13909 8661       4       java.lang.String::<init> (55 bytes)

VM state:at safepoint (normal execution)

VM Mutex/Monitor currently owned by a thread:  ([mutex/lock_event])
[0x000001cfcac29eb0] Threads_lock - owner thread: 0x000001cfe67ab800
[0x000001cfcac2af00] Heap_lock - owner thread: 0x000001cfe88a6000

Heap address: 0x0000000080000000, size: 2048 MB, Compressed Oops mode: 32-bit
Narrow klass base: 0x0000000000000000, Narrow klass shift: 3
Compressed class space size: 1073741824 Address: 0x0000000100000000

Heap:
 garbage-first heap   total 189440K, used 104696K [0x0000000080000000, 0x0000000100000000)
  region size 1024K, 13 young (13312K), 8 survivors (8192K)
 Metaspace       used 87861K, capacity 90253K, committed 90368K, reserved 1136640K
  class space    used 11376K, capacity 12231K, committed 12288K, reserved 1048576K
Heap Regions: E=young(eden), S=young(survivor), O=old, HS=humongous(starts), HC=humongous(continues), CS=collection set, F=free, A=archive, TAMS=top-at-mark-start (previous, next)
|   0|0x0000000080000000, 0x0000000080100000, 0x0000000080100000|100%| O|  |TAMS 0x0000000080100000, 0x0000000080100000| Untracked 
|   1|0x0000000080100000, 0x0000000080200000, 0x0000000080200000|100%| O|  |TAMS 0x0000000080200000, 0x0000000080200000| Untracked 
|   2|0x0000000080200000, 0x0000000080300000, 0x0000000080300000|100%| O|  |TAMS 0x0000000080300000, 0x0000000080300000| Untracked 
|   3|0x0000000080300000, 0x0000000080400000, 0x0000000080400000|100%|HS|  |TAMS 0x0000000080400000, 0x0000000080400000| Complete 
|   4|0x0000000080400000, 0x0000000080500000, 0x0000000080500000|100%|HC|  |TAMS 0x0000000080500000, 0x0000000080500000| Complete 
|   5|0x0000000080500000, 0x0000000080600000, 0x0000000080600000|100%|HC|  |TAMS 0x0000000080600000, 0x0000000080600000| Complete 
|   6|0x0000000080600000, 0x0000000080700000, 0x0000000080700000|100%| O|  |TAMS 0x0000000080700000, 0x0000000080700000| Untracked 
|   7|0x0000000080700000, 0x0000000080800000, 0x0000000080800000|100%| O|  |TAMS 0x0000000080800000, 0x0000000080800000| Untracked 
|   8|0x0000000080800000, 0x0000000080900000, 0x0000000080900000|100%| O|  |TAMS 0x0000000080900000, 0x0000000080900000| Untracked 
|   9|0x0000000080900000, 0x0000000080a00000, 0x0000000080a00000|100%| O|  |TAMS 0x0000000080a00000, 0x0000000080a00000| Untracked 
|  10|0x0000000080a00000, 0x0000000080b00000, 0x0000000080b00000|100%| O|  |TAMS 0x0000000080b00000, 0x0000000080b00000| Untracked 
|  11|0x0000000080b00000, 0x0000000080c00000, 0x0000000080c00000|100%| O|  |TAMS 0x0000000080c00000, 0x0000000080c00000| Untracked 
|  12|0x0000000080c00000, 0x0000000080d00000, 0x0000000080d00000|100%| O|  |TAMS 0x0000000080d00000, 0x0000000080d00000| Untracked 
|  13|0x0000000080d00000, 0x0000000080e00000, 0x0000000080e00000|100%| O|  |TAMS 0x0000000080e00000, 0x0000000080e00000| Untracked 
|  14|0x0000000080e00000, 0x0000000080f00000, 0x0000000080f00000|100%| O|  |TAMS 0x0000000080f00000, 0x0000000080f00000| Untracked 
|  15|0x0000000080f00000, 0x0000000081000000, 0x0000000081000000|100%| O|  |TAMS 0x0000000081000000, 0x0000000081000000| Untracked 
|  16|0x0000000081000000, 0x0000000081100000, 0x0000000081100000|100%| O|  |TAMS 0x0000000081100000, 0x0000000081100000| Untracked 
|  17|0x0000000081100000, 0x0000000081200000, 0x0000000081200000|100%|HS|  |TAMS 0x0000000081200000, 0x0000000081200000| Complete 
|  18|0x0000000081200000, 0x0000000081300000, 0x0000000081300000|100%|HC|  |TAMS 0x0000000081300000, 0x0000000081300000| Complete 
|  19|0x0000000081300000, 0x0000000081400000, 0x0000000081400000|100%|HS|  |TAMS 0x0000000081400000, 0x0000000081400000| Complete 
|  20|0x0000000081400000, 0x0000000081500000, 0x0000000081500000|100%|HC|  |TAMS 0x0000000081500000, 0x0000000081500000| Complete 
|  21|0x0000000081500000, 0x0000000081600000, 0x0000000081600000|100%|HC|  |TAMS 0x0000000081600000, 0x0000000081600000| Complete 
|  22|0x0000000081600000, 0x0000000081700000, 0x0000000081700000|100%|HS|  |TAMS 0x0000000081700000, 0x0000000081700000| Complete 
|  23|0x0000000081700000, 0x0000000081800000, 0x0000000081800000|100%|HC|  |TAMS 0x0000000081800000, 0x0000000081800000| Complete 
|  24|0x0000000081800000, 0x0000000081900000, 0x0000000081900000|100%|HC|  |TAMS 0x0000000081900000, 0x0000000081900000| Complete 
|  25|0x0000000081900000, 0x0000000081a00000, 0x0000000081a00000|100%|HC|  |TAMS 0x0000000081a00000, 0x0000000081a00000| Complete 
|  26|0x0000000081a00000, 0x0000000081b00000, 0x0000000081b00000|100%|HC|  |TAMS 0x0000000081b00000, 0x0000000081b00000| Complete 
|  27|0x0000000081b00000, 0x0000000081c00000, 0x0000000081c00000|100%| O|  |TAMS 0x0000000081c00000, 0x0000000081c00000| Untracked 
|  28|0x0000000081c00000, 0x0000000081d00000, 0x0000000081d00000|100%| O|  |TAMS 0x0000000081d00000, 0x0000000081d00000| Untracked 
|  29|0x0000000081d00000, 0x0000000081e00000, 0x0000000081e00000|100%| O|  |TAMS 0x0000000081e00000, 0x0000000081e00000| Untracked 
|  30|0x0000000081e00000, 0x0000000081f00000, 0x0000000081f00000|100%|HS|  |TAMS 0x0000000081f00000, 0x0000000081f00000| Complete 
|  31|0x0000000081f00000, 0x0000000082000000, 0x0000000082000000|100%|HC|  |TAMS 0x0000000082000000, 0x0000000082000000| Complete 
|  32|0x0000000082000000, 0x0000000082100000, 0x0000000082100000|100%|HC|  |TAMS 0x0000000082100000, 0x0000000082100000| Complete 
|  33|0x0000000082100000, 0x0000000082200000, 0x0000000082200000|100%| O|  |TAMS 0x0000000082200000, 0x0000000082200000| Untracked 
|  34|0x0000000082200000, 0x0000000082300000, 0x0000000082300000|100%| O|  |TAMS 0x0000000082300000, 0x0000000082300000| Untracked 
|  35|0x0000000082300000, 0x0000000082400000, 0x0000000082400000|100%| O|  |TAMS 0x0000000082400000, 0x0000000082400000| Untracked 
|  36|0x0000000082400000, 0x0000000082500000, 0x0000000082500000|100%|HS|  |TAMS 0x0000000082500000, 0x0000000082500000| Complete 
|  37|0x0000000082500000, 0x0000000082600000, 0x0000000082600000|100%|HC|  |TAMS 0x0000000082600000, 0x0000000082600000| Complete 
|  38|0x0000000082600000, 0x0000000082700000, 0x0000000082700000|100%|HC|  |TAMS 0x0000000082700000, 0x0000000082700000| Complete 
|  39|0x0000000082700000, 0x0000000082800000, 0x0000000082800000|100%|HC|  |TAMS 0x0000000082800000, 0x0000000082800000| Complete 
|  40|0x0000000082800000, 0x0000000082900000, 0x0000000082900000|100%|HC|  |TAMS 0x0000000082900000, 0x0000000082900000| Complete 
|  41|0x0000000082900000, 0x0000000082a00000, 0x0000000082a00000|100%| O|  |TAMS 0x0000000082a00000, 0x0000000082a00000| Untracked 
|  42|0x0000000082a00000, 0x0000000082b00000, 0x0000000082b00000|100%| O|  |TAMS 0x0000000082b00000, 0x0000000082b00000| Untracked 
|  43|0x0000000082b00000, 0x0000000082c00000, 0x0000000082c00000|100%| O|  |TAMS 0x0000000082c00000, 0x0000000082c00000| Untracked 
|  44|0x0000000082c00000, 0x0000000082d00000, 0x0000000082d00000|100%| O|  |TAMS 0x0000000082d00000, 0x0000000082d00000| Untracked 
|  45|0x0000000082d00000, 0x0000000082e00000, 0x0000000082e00000|100%| O|  |TAMS 0x0000000082e00000, 0x0000000082e00000| Untracked 
|  46|0x0000000082e00000, 0x0000000082f00000, 0x0000000082f00000|100%| O|  |TAMS 0x0000000082f00000, 0x0000000082f00000| Untracked 
|  47|0x0000000082f00000, 0x0000000083000000, 0x0000000083000000|100%| O|  |TAMS 0x0000000083000000, 0x0000000083000000| Untracked 
|  48|0x0000000083000000, 0x0000000083100000, 0x0000000083100000|100%| O|  |TAMS 0x0000000083100000, 0x0000000083100000| Untracked 
|  49|0x0000000083100000, 0x0000000083200000, 0x0000000083200000|100%| O|  |TAMS 0x0000000083200000, 0x0000000083200000| Untracked 
|  50|0x0000000083200000, 0x0000000083300000, 0x0000000083300000|100%| O|  |TAMS 0x0000000083300000, 0x0000000083300000| Untracked 
|  51|0x0000000083300000, 0x0000000083400000, 0x0000000083400000|100%| O|  |TAMS 0x0000000083400000, 0x0000000083400000| Untracked 
|  52|0x0000000083400000, 0x0000000083500000, 0x0000000083500000|100%| O|  |TAMS 0x0000000083500000, 0x0000000083500000| Untracked 
|  53|0x0000000083500000, 0x0000000083600000, 0x0000000083600000|100%|HS|  |TAMS 0x0000000083600000, 0x0000000083600000| Complete 
|  54|0x0000000083600000, 0x0000000083700000, 0x0000000083700000|100%|HS|  |TAMS 0x0000000083700000, 0x0000000083700000| Complete 
|  55|0x0000000083700000, 0x0000000083800000, 0x0000000083800000|100%|HS|  |TAMS 0x0000000083800000, 0x0000000083800000| Complete 
|  56|0x0000000083800000, 0x0000000083900000, 0x0000000083900000|100%|HS|  |TAMS 0x0000000083900000, 0x0000000083900000| Complete 
|  57|0x0000000083900000, 0x0000000083a00000, 0x0000000083a00000|100%|HC|  |TAMS 0x0000000083a00000, 0x0000000083a00000| Complete 
|  58|0x0000000083a00000, 0x0000000083b00000, 0x0000000083b00000|100%|HC|  |TAMS 0x0000000083b00000, 0x0000000083b00000| Complete 
|  59|0x0000000083b00000, 0x0000000083c00000, 0x0000000083c00000|100%|HS|  |TAMS 0x0000000083c00000, 0x0000000083c00000| Complete 
|  60|0x0000000083c00000, 0x0000000083d00000, 0x0000000083d00000|100%|HC|  |TAMS 0x0000000083d00000, 0x0000000083d00000| Complete 
|  61|0x0000000083d00000, 0x0000000083e00000, 0x0000000083e00000|100%| O|  |TAMS 0x0000000083e00000, 0x0000000083e00000| Untracked 
|  62|0x0000000083e00000, 0x0000000083f00000, 0x0000000083f00000|100%| O|  |TAMS 0x0000000083f00000, 0x0000000083f00000| Untracked 
|  63|0x0000000083f00000, 0x0000000084000000, 0x0000000084000000|100%| O|  |TAMS 0x0000000084000000, 0x0000000084000000| Untracked 
|  64|0x0000000084000000, 0x0000000084100000, 0x0000000084100000|100%| O|  |TAMS 0x0000000084100000, 0x0000000084100000| Untracked 
|  65|0x0000000084100000, 0x0000000084200000, 0x0000000084200000|100%| O|  |TAMS 0x0000000084200000, 0x0000000084200000| Untracked 
|  66|0x0000000084200000, 0x0000000084300000, 0x0000000084300000|100%| O|  |TAMS 0x0000000084300000, 0x0000000084300000| Untracked 
|  67|0x0000000084300000, 0x0000000084400000, 0x0000000084400000|100%| O|  |TAMS 0x0000000084400000, 0x0000000084400000| Untracked 
|  68|0x0000000084400000, 0x0000000084500000, 0x0000000084500000|100%| O|  |TAMS 0x0000000084500000, 0x0000000084500000| Untracked 
|  69|0x0000000084500000, 0x0000000084600000, 0x0000000084600000|100%| O|  |TAMS 0x0000000084600000, 0x0000000084600000| Untracked 
|  70|0x0000000084600000, 0x0000000084700000, 0x0000000084700000|100%| O|  |TAMS 0x0000000084700000, 0x0000000084700000| Untracked 
|  71|0x0000000084700000, 0x0000000084800000, 0x0000000084800000|100%| O|  |TAMS 0x0000000084800000, 0x0000000084800000| Untracked 
|  72|0x0000000084800000, 0x0000000084900000, 0x0000000084900000|100%| O|  |TAMS 0x0000000084900000, 0x0000000084900000| Untracked 
|  73|0x0000000084900000, 0x0000000084a00000, 0x0000000084a00000|100%| O|  |TAMS 0x000000008496ba00, 0x0000000084a00000| Untracked 
|  74|0x0000000084a00000, 0x0000000084b00000, 0x0000000084b00000|100%| O|  |TAMS 0x0000000084a00000, 0x0000000084b00000| Untracked 
|  75|0x0000000084b00000, 0x0000000084c00000, 0x0000000084c00000|100%| O|  |TAMS 0x0000000084b00000, 0x0000000084c00000| Untracked 
|  76|0x0000000084c00000, 0x0000000084d00000, 0x0000000084d00000|100%| O|  |TAMS 0x0000000084c00000, 0x0000000084d00000| Untracked 
|  77|0x0000000084d00000, 0x0000000084e00000, 0x0000000084e00000|100%| O|  |TAMS 0x0000000084d00000, 0x0000000084e00000| Untracked 
|  78|0x0000000084e00000, 0x0000000084f00000, 0x0000000084f00000|100%| O|  |TAMS 0x0000000084e00000, 0x0000000084f00000| Untracked 
|  79|0x0000000084f00000, 0x0000000085000000, 0x0000000085000000|100%| O|  |TAMS 0x0000000084f00000, 0x0000000085000000| Untracked 
|  80|0x0000000085000000, 0x0000000085100000, 0x0000000085100000|100%| O|  |TAMS 0x0000000085000000, 0x0000000085100000| Untracked 
|  81|0x0000000085100000, 0x0000000085200000, 0x0000000085200000|100%| O|  |TAMS 0x0000000085100000, 0x0000000085200000| Untracked 
|  82|0x0000000085200000, 0x0000000085300000, 0x0000000085300000|100%| O|  |TAMS 0x0000000085200000, 0x0000000085300000| Untracked 
|  83|0x0000000085300000, 0x0000000085400000, 0x0000000085400000|100%| O|  |TAMS 0x0000000085300000, 0x0000000085400000| Untracked 
|  84|0x0000000085400000, 0x0000000085500000, 0x0000000085500000|100%| O|  |TAMS 0x0000000085400000, 0x0000000085500000| Untracked 
|  85|0x0000000085500000, 0x0000000085600000, 0x0000000085600000|100%| O|  |TAMS 0x0000000085500000, 0x0000000085600000| Untracked 
|  86|0x0000000085600000, 0x0000000085700000, 0x0000000085700000|100%| O|  |TAMS 0x0000000085600000, 0x0000000085700000| Untracked 
|  87|0x0000000085700000, 0x0000000085800000, 0x0000000085800000|100%| O|  |TAMS 0x0000000085700000, 0x0000000085800000| Untracked 
|  88|0x0000000085800000, 0x0000000085900000, 0x0000000085900000|100%| O|  |TAMS 0x0000000085800000, 0x0000000085900000| Untracked 
|  89|0x0000000085900000, 0x00000000859e9a00, 0x0000000085a00000| 91%| O|  |TAMS 0x0000000085900000, 0x00000000859e9a00| Untracked 
|  90|0x0000000085a00000, 0x0000000085b00000, 0x0000000085b00000|100%|HS|  |TAMS 0x0000000085a00000, 0x0000000085a00000| Complete 
|  91|0x0000000085b00000, 0x0000000085b00000, 0x0000000085c00000|  0%| F|  |TAMS 0x0000000085b00000, 0x0000000085b00000| Untracked 
|  92|0x0000000085c00000, 0x0000000085c00000, 0x0000000085d00000|  0%| F|  |TAMS 0x0000000085c00000, 0x0000000085c00000| Untracked 
|  93|0x0000000085d00000, 0x0000000085d00000, 0x0000000085e00000|  0%| F|  |TAMS 0x0000000085d00000, 0x0000000085d00000| Untracked 
|  94|0x0000000085e00000, 0x0000000085e00000, 0x0000000085f00000|  0%| F|  |TAMS 0x0000000085e00000, 0x0000000085e00000| Untracked 
|  95|0x0000000085f00000, 0x0000000085f00000, 0x0000000086000000|  0%| F|  |TAMS 0x0000000085f00000, 0x0000000085f00000| Untracked 
|  96|0x0000000086000000, 0x0000000086000000, 0x0000000086100000|  0%| F|  |TAMS 0x0000000086000000, 0x0000000086000000| Untracked 
|  97|0x0000000086100000, 0x0000000086100000, 0x0000000086200000|  0%| F|  |TAMS 0x0000000086100000, 0x0000000086100000| Untracked 
|  98|0x0000000086200000, 0x0000000086200000, 0x0000000086300000|  0%| F|  |TAMS 0x0000000086200000, 0x0000000086200000| Untracked 
|  99|0x0000000086300000, 0x0000000086300000, 0x0000000086400000|  0%| F|  |TAMS 0x0000000086300000, 0x0000000086300000| Untracked 
| 100|0x0000000086400000, 0x0000000086400000, 0x0000000086500000|  0%| F|  |TAMS 0x0000000086400000, 0x0000000086400000| Untracked 
| 101|0x0000000086500000, 0x0000000086500000, 0x0000000086600000|  0%| F|  |TAMS 0x0000000086500000, 0x0000000086500000| Untracked 
| 102|0x0000000086600000, 0x0000000086600000, 0x0000000086700000|  0%| F|  |TAMS 0x0000000086600000, 0x0000000086600000| Untracked 
| 103|0x0000000086700000, 0x0000000086700000, 0x0000000086800000|  0%| F|  |TAMS 0x0000000086700000, 0x0000000086700000| Untracked 
| 104|0x0000000086800000, 0x0000000086800000, 0x0000000086900000|  0%| F|  |TAMS 0x0000000086800000, 0x0000000086800000| Untracked 
| 105|0x0000000086900000, 0x0000000086900000, 0x0000000086a00000|  0%| F|  |TAMS 0x0000000086900000, 0x0000000086900000| Untracked 
| 106|0x0000000086a00000, 0x0000000086a00000, 0x0000000086b00000|  0%| F|  |TAMS 0x0000000086a00000, 0x0000000086a00000| Untracked 
| 107|0x0000000086b00000, 0x0000000086b00000, 0x0000000086c00000|  0%| F|  |TAMS 0x0000000086b00000, 0x0000000086b00000| Untracked 
| 108|0x0000000086c00000, 0x0000000086c00000, 0x0000000086d00000|  0%| F|  |TAMS 0x0000000086c00000, 0x0000000086c00000| Untracked 
| 109|0x0000000086d00000, 0x0000000086d00000, 0x0000000086e00000|  0%| F|  |TAMS 0x0000000086d00000, 0x0000000086d00000| Untracked 
| 110|0x0000000086e00000, 0x0000000086e00000, 0x0000000086f00000|  0%| F|  |TAMS 0x0000000086e00000, 0x0000000086e00000| Untracked 
| 111|0x0000000086f00000, 0x0000000086f00000, 0x0000000087000000|  0%| F|  |TAMS 0x0000000086f00000, 0x0000000086f00000| Untracked 
| 112|0x0000000087000000, 0x0000000087000000, 0x0000000087100000|  0%| F|  |TAMS 0x0000000087000000, 0x0000000087000000| Untracked 
| 113|0x0000000087100000, 0x0000000087100000, 0x0000000087200000|  0%| F|  |TAMS 0x0000000087100000, 0x0000000087100000| Untracked 
| 114|0x0000000087200000, 0x0000000087200000, 0x0000000087300000|  0%| F|  |TAMS 0x0000000087200000, 0x0000000087200000| Untracked 
| 115|0x0000000087300000, 0x0000000087300000, 0x0000000087400000|  0%| F|  |TAMS 0x0000000087300000, 0x0000000087300000| Untracked 
| 116|0x0000000087400000, 0x0000000087400000, 0x0000000087500000|  0%| F|  |TAMS 0x0000000087400000, 0x0000000087400000| Untracked 
| 117|0x0000000087500000, 0x0000000087500000, 0x0000000087600000|  0%| F|  |TAMS 0x0000000087500000, 0x0000000087500000| Untracked 
| 118|0x0000000087600000, 0x0000000087600000, 0x0000000087700000|  0%| F|  |TAMS 0x0000000087600000, 0x0000000087600000| Untracked 
| 119|0x0000000087700000, 0x0000000087700000, 0x0000000087800000|  0%| F|  |TAMS 0x0000000087700000, 0x0000000087700000| Untracked 
| 120|0x0000000087800000, 0x0000000087800000, 0x0000000087900000|  0%| F|  |TAMS 0x0000000087800000, 0x0000000087800000| Untracked 
| 121|0x0000000087900000, 0x0000000087900000, 0x0000000087a00000|  0%| F|  |TAMS 0x0000000087900000, 0x0000000087900000| Untracked 
| 122|0x0000000087a00000, 0x0000000087a00000, 0x0000000087b00000|  0%| F|  |TAMS 0x0000000087a00000, 0x0000000087a00000| Untracked 
| 123|0x0000000087b00000, 0x0000000087b00000, 0x0000000087c00000|  0%| F|  |TAMS 0x0000000087b00000, 0x0000000087b00000| Untracked 
| 124|0x0000000087c00000, 0x0000000087c00000, 0x0000000087d00000|  0%| F|  |TAMS 0x0000000087c00000, 0x0000000087c00000| Untracked 
| 125|0x0000000087d00000, 0x0000000087d00000, 0x0000000087e00000|  0%| F|  |TAMS 0x0000000087d00000, 0x0000000087d00000| Untracked 
| 126|0x0000000087e00000, 0x0000000087e00000, 0x0000000087f00000|  0%| F|  |TAMS 0x0000000087e00000, 0x0000000087e00000| Untracked 
| 127|0x0000000087f00000, 0x0000000087f00000, 0x0000000088000000|  0%| F|  |TAMS 0x0000000087f00000, 0x0000000087f00000| Untracked 
| 128|0x0000000088000000, 0x0000000088000000, 0x0000000088100000|  0%| F|  |TAMS 0x0000000088000000, 0x0000000088000000| Untracked 
| 129|0x0000000088100000, 0x0000000088100000, 0x0000000088200000|  0%| F|  |TAMS 0x0000000088100000, 0x0000000088100000| Untracked 
| 130|0x0000000088200000, 0x0000000088200000, 0x0000000088300000|  0%| F|  |TAMS 0x0000000088200000, 0x0000000088200000| Untracked 
| 131|0x0000000088300000, 0x0000000088300000, 0x0000000088400000|  0%| F|  |TAMS 0x0000000088300000, 0x0000000088300000| Untracked 
| 132|0x0000000088400000, 0x0000000088454930, 0x0000000088500000| 33%| S|CS|TAMS 0x0000000088400000, 0x0000000088400000| Complete 
| 133|0x0000000088500000, 0x0000000088600000, 0x0000000088600000|100%| S|CS|TAMS 0x0000000088500000, 0x0000000088500000| Complete 
| 134|0x0000000088600000, 0x0000000088700000, 0x0000000088700000|100%| S|CS|TAMS 0x0000000088600000, 0x0000000088600000| Complete 
| 135|0x0000000088700000, 0x0000000088800000, 0x0000000088800000|100%| S|CS|TAMS 0x0000000088700000, 0x0000000088700000| Complete 
| 136|0x0000000088800000, 0x0000000088900000, 0x0000000088900000|100%| S|CS|TAMS 0x0000000088800000, 0x0000000088800000| Complete 
| 137|0x0000000088900000, 0x0000000088a00000, 0x0000000088a00000|100%| S|CS|TAMS 0x0000000088900000, 0x0000000088900000| Complete 
| 138|0x0000000088a00000, 0x0000000088b00000, 0x0000000088b00000|100%| S|CS|TAMS 0x0000000088a00000, 0x0000000088a00000| Complete 
| 139|0x0000000088b00000, 0x0000000088c00000, 0x0000000088c00000|100%| S|CS|TAMS 0x0000000088b00000, 0x0000000088b00000| Complete 
| 140|0x0000000088c00000, 0x0000000088c00000, 0x0000000088d00000|  0%| F|  |TAMS 0x0000000088c00000, 0x0000000088c00000| Untracked 
| 141|0x0000000088d00000, 0x0000000088d00000, 0x0000000088e00000|  0%| F|  |TAMS 0x0000000088d00000, 0x0000000088d00000| Untracked 
| 142|0x0000000088e00000, 0x0000000088e00000, 0x0000000088f00000|  0%| F|  |TAMS 0x0000000088e00000, 0x0000000088e00000| Untracked 
| 143|0x0000000088f00000, 0x0000000088f00000, 0x0000000089000000|  0%| F|  |TAMS 0x0000000088f00000, 0x0000000088f00000| Untracked 
| 144|0x0000000089000000, 0x0000000089000000, 0x0000000089100000|  0%| F|  |TAMS 0x0000000089000000, 0x0000000089000000| Untracked 
| 145|0x0000000089100000, 0x0000000089100000, 0x0000000089200000|  0%| F|  |TAMS 0x0000000089100000, 0x0000000089100000| Untracked 
| 146|0x0000000089200000, 0x0000000089200000, 0x0000000089300000|  0%| F|  |TAMS 0x0000000089200000, 0x0000000089200000| Untracked 
| 147|0x0000000089300000, 0x0000000089300000, 0x0000000089400000|  0%| F|  |TAMS 0x0000000089300000, 0x0000000089300000| Untracked 
| 148|0x0000000089400000, 0x0000000089400000, 0x0000000089500000|  0%| F|  |TAMS 0x0000000089400000, 0x0000000089400000| Untracked 
| 149|0x0000000089500000, 0x0000000089500000, 0x0000000089600000|  0%| F|  |TAMS 0x0000000089500000, 0x0000000089500000| Untracked 
| 150|0x0000000089600000, 0x0000000089600000, 0x0000000089700000|  0%| F|  |TAMS 0x0000000089600000, 0x0000000089600000| Untracked 
| 151|0x0000000089700000, 0x0000000089700000, 0x0000000089800000|  0%| F|  |TAMS 0x0000000089700000, 0x0000000089700000| Untracked 
| 152|0x0000000089800000, 0x0000000089800000, 0x0000000089900000|  0%| F|  |TAMS 0x0000000089800000, 0x0000000089800000| Untracked 
| 153|0x0000000089900000, 0x0000000089900000, 0x0000000089a00000|  0%| F|  |TAMS 0x0000000089900000, 0x0000000089900000| Untracked 
| 154|0x0000000089a00000, 0x0000000089a00000, 0x0000000089b00000|  0%| F|  |TAMS 0x0000000089a00000, 0x0000000089a00000| Untracked 
| 155|0x0000000089b00000, 0x0000000089b00000, 0x0000000089c00000|  0%| F|  |TAMS 0x0000000089b00000, 0x0000000089b00000| Untracked 
| 156|0x0000000089c00000, 0x0000000089c00000, 0x0000000089d00000|  0%| F|  |TAMS 0x0000000089c00000, 0x0000000089c00000| Untracked 
| 157|0x0000000089d00000, 0x0000000089d00000, 0x0000000089e00000|  0%| F|  |TAMS 0x0000000089d00000, 0x0000000089d00000| Untracked 
| 158|0x0000000089e00000, 0x0000000089e00000, 0x0000000089f00000|  0%| F|  |TAMS 0x0000000089e00000, 0x0000000089e00000| Untracked 
| 159|0x0000000089f00000, 0x0000000089f00000, 0x000000008a000000|  0%| F|  |TAMS 0x0000000089f00000, 0x0000000089f00000| Untracked 
| 160|0x000000008a000000, 0x000000008a000000, 0x000000008a100000|  0%| F|  |TAMS 0x000000008a000000, 0x000000008a000000| Untracked 
| 161|0x000000008a100000, 0x000000008a100000, 0x000000008a200000|  0%| F|  |TAMS 0x000000008a100000, 0x000000008a100000| Untracked 
| 162|0x000000008a200000, 0x000000008a200000, 0x000000008a300000|  0%| F|  |TAMS 0x000000008a200000, 0x000000008a200000| Untracked 
| 163|0x000000008a300000, 0x000000008a300000, 0x000000008a400000|  0%| F|  |TAMS 0x000000008a300000, 0x000000008a300000| Untracked 
| 164|0x000000008a400000, 0x000000008a400000, 0x000000008a500000|  0%| F|  |TAMS 0x000000008a400000, 0x000000008a400000| Untracked 
| 165|0x000000008a500000, 0x000000008a500000, 0x000000008a600000|  0%| F|  |TAMS 0x000000008a500000, 0x000000008a500000| Untracked 
| 166|0x000000008a600000, 0x000000008a600000, 0x000000008a700000|  0%| F|  |TAMS 0x000000008a600000, 0x000000008a600000| Untracked 
| 167|0x000000008a700000, 0x000000008a700000, 0x000000008a800000|  0%| F|  |TAMS 0x000000008a700000, 0x000000008a700000| Untracked 
| 168|0x000000008a800000, 0x000000008a800000, 0x000000008a900000|  0%| F|  |TAMS 0x000000008a800000, 0x000000008a800000| Untracked 
| 169|0x000000008a900000, 0x000000008a900000, 0x000000008aa00000|  0%| F|  |TAMS 0x000000008a900000, 0x000000008a900000| Untracked 
| 170|0x000000008aa00000, 0x000000008aa00000, 0x000000008ab00000|  0%| F|  |TAMS 0x000000008aa00000, 0x000000008aa00000| Untracked 
| 171|0x000000008ab00000, 0x000000008ab00000, 0x000000008ac00000|  0%| F|  |TAMS 0x000000008ab00000, 0x000000008ab00000| Untracked 
| 172|0x000000008ac00000, 0x000000008ac00000, 0x000000008ad00000|  0%| F|  |TAMS 0x000000008ac00000, 0x000000008ac00000| Untracked 
| 173|0x000000008ad00000, 0x000000008ad00000, 0x000000008ae00000|  0%| F|  |TAMS 0x000000008ad00000, 0x000000008ad00000| Untracked 
| 174|0x000000008ae00000, 0x000000008ae00000, 0x000000008af00000|  0%| F|  |TAMS 0x000000008ae00000, 0x000000008ae00000| Untracked 
| 175|0x000000008af00000, 0x000000008af00000, 0x000000008b000000|  0%| F|  |TAMS 0x000000008af00000, 0x000000008af00000| Untracked 
| 176|0x000000008b000000, 0x000000008b000000, 0x000000008b100000|  0%| F|  |TAMS 0x000000008b000000, 0x000000008b000000| Untracked 
| 177|0x000000008b100000, 0x000000008b100000, 0x000000008b200000|  0%| F|  |TAMS 0x000000008b100000, 0x000000008b100000| Untracked 
| 178|0x000000008b200000, 0x000000008b200000, 0x000000008b300000|  0%| F|  |TAMS 0x000000008b200000, 0x000000008b200000| Untracked 
| 179|0x000000008b300000, 0x000000008b300000, 0x000000008b400000|  0%| F|  |TAMS 0x000000008b300000, 0x000000008b300000| Untracked 
| 180|0x000000008b400000, 0x000000008b480800, 0x000000008b500000| 50%| E|  |TAMS 0x000000008b400000, 0x000000008b400000| Complete 
| 181|0x000000008b500000, 0x000000008b600000, 0x000000008b600000|100%| E|CS|TAMS 0x000000008b500000, 0x000000008b500000| Complete 
| 182|0x000000008b600000, 0x000000008b700000, 0x000000008b700000|100%| E|CS|TAMS 0x000000008b600000, 0x000000008b600000| Complete 
| 183|0x000000008b700000, 0x000000008b800000, 0x000000008b800000|100%| E|CS|TAMS 0x000000008b700000, 0x000000008b700000| Complete 
| 184|0x000000008b800000, 0x000000008b900000, 0x000000008b900000|100%| E|CS|TAMS 0x000000008b800000, 0x000000008b800000| Complete 

Card table byte_map: [0x000001cfdf960000,0x000001cfdfd60000] _byte_map_base: 0x000001cfdf560000

Marking Bits (Prev, Next): (CMBitMap*) 0x000001cfcac6fb58, (CMBitMap*) 0x000001cfcac6fb90
 Prev Bits: [0x000001cfe0160000, 0x000001cfe2160000)
 Next Bits: [0x000001cfe2160000, 0x000001cfe4160000)

Polling page: 0x000001cfcad10000

Metaspace:

Usage:
  Non-class:     76.19 MB capacity,    74.69 MB ( 98%) used,     1.27 MB (  2%) free+waste,   233.69 KB ( <1%) overhead. 
      Class:     11.94 MB capacity,    11.11 MB ( 93%) used,   745.34 KB (  6%) free+waste,   109.13 KB ( <1%) overhead. 
       Both:     88.14 MB capacity,    85.80 MB ( 97%) used,     2.00 MB (  2%) free+waste,   342.81 KB ( <1%) overhead. 

Virtual space:
  Non-class space:       86.00 MB reserved,      76.25 MB ( 89%) committed 
      Class space:        1.00 GB reserved,      12.00 MB (  1%) committed 
             Both:        1.08 GB reserved,      88.25 MB (  8%) committed 

Chunk freelists:
   Non-Class:  58.00 KB
       Class:  25.00 KB
        Both:  83.00 KB

MaxMetaspaceSize: 17179869184.00 GB
CompressedClassSpaceSize: 1.00 GB

CodeHeap 'non-profiled nmethods': size=120064Kb used=4307Kb max_used=4307Kb free=115756Kb
 bounds [0x000001cfd7a00000, 0x000001cfd7e40000, 0x000001cfdef40000]
CodeHeap 'profiled nmethods': size=120000Kb used=17071Kb max_used=17071Kb free=102929Kb
 bounds [0x000001cfd04d0000, 0x000001cfd1580000, 0x000001cfd7a00000]
CodeHeap 'non-nmethods': size=5696Kb used=2283Kb max_used=2318Kb free=3412Kb
 bounds [0x000001cfcff40000, 0x000001cfd01b0000, 0x000001cfd04d0000]
 total_blobs=9429 nmethods=8538 adapters=802
 compilation: enabled
              stopped_count=0, restarted_count=0
 full_count=0

Compilation events (20 events):
Event: 13.849 Thread 0x000001cfe67e1000 8664       3       org.codehaus.groovy.runtime.InvokerHelper::asArray (29 bytes)
Event: 13.850 Thread 0x000001cfe67e1000 nmethod 8664 0x000001cfd1572290 code [0x000001cfd1572460, 0x000001cfd15729b8]
Event: 13.850 Thread 0x000001cfe67e1000 8665       3       groovy.lang.MetaClassImpl::getNormalMethodWithCaching (93 bytes)
Event: 13.850 Thread 0x000001cfe67e1000 nmethod 8665 0x000001cfd1572a90 code [0x000001cfd1572ce0, 0x000001cfd1573738]
Event: 13.850 Thread 0x000001cfe67e1000 8666       1       java.lang.ClassLoader::findResource (2 bytes)
Event: 13.850 Thread 0x000001cfe67e1000 nmethod 8666 0x000001cfd7e31490 code [0x000001cfd7e31640, 0x000001cfd7e316f8]
Event: 13.851 Thread 0x000001cfe67e1000 8667       3       com.google.common.cache.LocalCache$Segment::expand (282 bytes)
Event: 13.858 Thread 0x000001cfe67e1000 nmethod 8667 0x000001cfd1573a10 code [0x000001cfd1574260, 0x000001cfd1579108]
Event: 13.858 Thread 0x000001cfe67e1000 8668       1       org.gradle.internal.logging.events.ProgressStartEvent::getBuildOperationId (5 bytes)
Event: 13.858 Thread 0x000001cfe67e1000 nmethod 8668 0x000001cfd7e31790 code [0x000001cfd7e31940, 0x000001cfd7e319f8]
Event: 13.862 Thread 0x000001cfe67e1000 8669       3       java.util.jar.Manifest::<init> (37 bytes)
Event: 13.862 Thread 0x000001cfe67e1000 nmethod 8669 0x000001cfd157af10 code [0x000001cfd157b160, 0x000001cfd157b918]
Event: 13.863 Thread 0x000001cfe67e1000 8670       1       org.gradle.launcher.daemon.protocol.OutputMessage::getEvent (5 bytes)
Event: 13.863 Thread 0x000001cfe67e1000 nmethod 8670 0x000001cfd7e31a90 code [0x000001cfd7e31c40, 0x000001cfd7e31cf8]
Event: 13.863 Thread 0x000001cfe67e1000 8671       1       org.gradle.internal.logging.events.ProgressCompleteEvent::getTimestamp (5 bytes)
Event: 13.863 Thread 0x000001cfe67e1000 nmethod 8671 0x000001cfd7e31d90 code [0x000001cfd7e31f40, 0x000001cfd7e31ff8]
Event: 13.863 Thread 0x000001cfe67e1000 8672       1       org.gradle.internal.logging.events.ProgressCompleteEvent::getStatus (5 bytes)
Event: 13.863 Thread 0x000001cfe67e1000 nmethod 8672 0x000001cfd7e32090 code [0x000001cfd7e32240, 0x000001cfd7e322f8]
Event: 13.879 Thread 0x000001cfe67d2800 nmethod 8659 0x000001cfd7e32390 code [0x000001cfd7e32620, 0x000001cfd7e33f80]
Event: 13.879 Thread 0x000001cfe67d2800 8661       4       java.lang.String::<init> (55 bytes)

GC Heap History (20 events):
Event: 7.220 GC heap before
{Heap before GC invocations=12 (full 0):
 garbage-first heap   total 131072K, used 104851K [0x0000000080000000, 0x0000000100000000)
  region size 1024K, 61 young (62464K), 7 survivors (7168K)
 Metaspace       used 46140K, capacity 47341K, committed 47616K, reserved 1091584K
  class space    used 5845K, capacity 6274K, committed 6400K, reserved 1048576K
}
Event: 7.233 GC heap after
{Heap after GC invocations=13 (full 0):
 garbage-first heap   total 157696K, used 53422K [0x0000000080000000, 0x0000000100000000)
  region size 1024K, 6 young (6144K), 6 survivors (6144K)
 Metaspace       used 46140K, capacity 47341K, committed 47616K, reserved 1091584K
  class space    used 5845K, capacity 6274K, committed 6400K, reserved 1048576K
}
Event: 7.911 GC heap before
{Heap before GC invocations=13 (full 0):
 garbage-first heap   total 157696K, used 114862K [0x0000000080000000, 0x0000000100000000)
  region size 1024K, 66 young (67584K), 6 survivors (6144K)
 Metaspace       used 49416K, capacity 50789K, committed 50944K, reserved 1093632K
  class space    used 6393K, capacity 6827K, committed 6912K, reserved 1048576K
}
Event: 7.922 GC heap after
{Heap after GC invocations=14 (full 0):
 garbage-first heap   total 157696K, used 57375K [0x0000000080000000, 0x0000000100000000)
  region size 1024K, 4 young (4096K), 4 survivors (4096K)
 Metaspace       used 49416K, capacity 50789K, committed 50944K, reserved 1093632K
  class space    used 6393K, capacity 6827K, committed 6912K, reserved 1048576K
}
Event: 9.074 GC heap before
{Heap before GC invocations=14 (full 0):
 garbage-first heap   total 157696K, used 125983K [0x0000000080000000, 0x0000000100000000)
  region size 1024K, 64 young (65536K), 4 survivors (4096K)
 Metaspace       used 52814K, capacity 54333K, committed 54528K, reserved 1095680K
  class space    used 6868K, capacity 7336K, committed 7424K, reserved 1048576K
}
Event: 9.084 GC heap after
{Heap after GC invocations=15 (full 0):
 garbage-first heap   total 157696K, used 74541K [0x0000000080000000, 0x0000000100000000)
  region size 1024K, 8 young (8192K), 8 survivors (8192K)
 Metaspace       used 52814K, capacity 54333K, committed 54528K, reserved 1095680K
  class space    used 6868K, capacity 7336K, committed 7424K, reserved 1048576K
}
Event: 9.767 GC heap before
{Heap before GC invocations=15 (full 0):
 garbage-first heap   total 157696K, used 122669K [0x0000000080000000, 0x0000000100000000)
  region size 1024K, 55 young (56320K), 8 survivors (8192K)
 Metaspace       used 56817K, capacity 58482K, committed 58624K, reserved 1099776K
  class space    used 7367K, capacity 7904K, committed 7936K, reserved 1048576K
}
Event: 9.778 GC heap after
{Heap after GC invocations=16 (full 0):
 garbage-first heap   total 157696K, used 78473K [0x0000000080000000, 0x0000000100000000)
  region size 1024K, 4 young (4096K), 4 survivors (4096K)
 Metaspace       used 56817K, capacity 58482K, committed 58624K, reserved 1099776K
  class space    used 7367K, capacity 7904K, committed 7936K, reserved 1048576K
}
Event: 10.390 GC heap before
{Heap before GC invocations=16 (full 0):
 garbage-first heap   total 157696K, used 124553K [0x0000000080000000, 0x0000000100000000)
  region size 1024K, 49 young (50176K), 4 survivors (4096K)
 Metaspace       used 63173K, capacity 64821K, committed 65152K, reserved 1105920K
  class space    used 8133K, capacity 8716K, committed 8832K, reserved 1048576K
}
Event: 10.398 GC heap after
{Heap after GC invocations=17 (full 0):
 garbage-first heap   total 189440K, used 79930K [0x0000000080000000, 0x0000000100000000)
  region size 1024K, 5 young (5120K), 5 survivors (5120K)
 Metaspace       used 63173K, capacity 64821K, committed 65152K, reserved 1105920K
  class space    used 8133K, capacity 8716K, committed 8832K, reserved 1048576K
}
Event: 11.209 GC heap before
{Heap before GC invocations=18 (full 0):
 garbage-first heap   total 189440K, used 140346K [0x0000000080000000, 0x0000000100000000)
  region size 1024K, 65 young (66560K), 5 survivors (5120K)
 Metaspace       used 70192K, capacity 71998K, committed 72192K, reserved 1112064K
  class space    used 9010K, capacity 9607K, committed 9728K, reserved 1048576K
}
Event: 11.220 GC heap after
{Heap after GC invocations=19 (full 0):
 garbage-first heap   total 189440K, used 84454K [0x0000000080000000, 0x0000000100000000)
  region size 1024K, 9 young (9216K), 9 survivors (9216K)
 Metaspace       used 70192K, capacity 71998K, committed 72192K, reserved 1112064K
  class space    used 9010K, capacity 9607K, committed 9728K, reserved 1048576K
}
Event: 11.861 GC heap before
{Heap before GC invocations=19 (full 0):
 garbage-first heap   total 189440K, used 144870K [0x0000000080000000, 0x0000000100000000)
  region size 1024K, 68 young (69632K), 9 survivors (9216K)
 Metaspace       used 74177K, capacity 76233K, committed 76288K, reserved 1116160K
  class space    used 9535K, capacity 10201K, committed 10240K, reserved 1048576K
}
Event: 11.876 GC heap after
{Heap after GC invocations=20 (full 0):
 garbage-first heap   total 189440K, used 88611K [0x0000000080000000, 0x0000000100000000)
  region size 1024K, 5 young (5120K), 5 survivors (5120K)
 Metaspace       used 74177K, capacity 76233K, committed 76288K, reserved 1116160K
  class space    used 9535K, capacity 10201K, committed 10240K, reserved 1048576K
}
Event: 12.661 GC heap before
{Heap before GC invocations=20 (full 0):
 garbage-first heap   total 189440K, used 148003K [0x0000000080000000, 0x0000000100000000)
  region size 1024K, 63 young (64512K), 5 survivors (5120K)
 Metaspace       used 79608K, capacity 81673K, committed 81792K, reserved 1120256K
  class space    used 10376K, capacity 11094K, committed 11136K, reserved 1048576K
}
Event: 12.672 GC heap after
{Heap after GC invocations=21 (full 0):
 garbage-first heap   total 189440K, used 92232K [0x0000000080000000, 0x0000000100000000)
  region size 1024K, 8 young (8192K), 8 survivors (8192K)
 Metaspace       used 79608K, capacity 81673K, committed 81792K, reserved 1120256K
  class space    used 10376K, capacity 11094K, committed 11136K, reserved 1048576K
}
Event: 13.363 GC heap before
{Heap before GC invocations=21 (full 0):
 garbage-first heap   total 189440K, used 150600K [0x0000000080000000, 0x0000000100000000)
  region size 1024K, 65 young (66560K), 8 survivors (8192K)
 Metaspace       used 83953K, capacity 86235K, committed 86272K, reserved 1124352K
  class space    used 10963K, capacity 11768K, committed 11776K, reserved 1048576K
}
Event: 13.378 GC heap after
{Heap after GC invocations=22 (full 0):
 garbage-first heap   total 189440K, used 95517K [0x0000000080000000, 0x0000000100000000)
  region size 1024K, 8 young (8192K), 8 survivors (8192K)
 Metaspace       used 83953K, capacity 86235K, committed 86272K, reserved 1124352K
  class space    used 10963K, capacity 11768K, committed 11776K, reserved 1048576K
}
Event: 13.803 GC heap before
{Heap before GC invocations=22 (full 0):
 garbage-first heap   total 189440K, used 140573K [0x0000000080000000, 0x0000000100000000)
  region size 1024K, 53 young (54272K), 8 survivors (8192K)
 Metaspace       used 86760K, capacity 89191K, committed 89472K, reserved 1126400K
  class space    used 11329K, capacity 12133K, committed 12160K, reserved 1048576K
}
Event: 13.817 GC heap after
{Heap after GC invocations=23 (full 0):
 garbage-first heap   total 189440K, used 99576K [0x0000000080000000, 0x0000000100000000)
  region size 1024K, 8 young (8192K), 8 survivors (8192K)
 Metaspace       used 86760K, capacity 89191K, committed 89472K, reserved 1126400K
  class space    used 11329K, capacity 12133K, committed 12160K, reserved 1048576K
}

Deoptimization events (20 events):
Event: 13.597 Thread 0x000001cfe88a6000 Uncommon trap: trap_request=0xffffffbe fr.pc=0x000001cfd7d12680 relative=0x0000000000000480
Event: 13.597 Thread 0x000001cfe88a6000 Uncommon trap: reason=profile_predicate action=maybe_recompile pc=0x000001cfd7d12680 method=java.util.HashMap$TreeNode.find(ILjava/lang/Object;Ljava/lang/Class;)Ljava/util/HashMap$TreeNode; @ 3 c2
Event: 13.597 Thread 0x000001cfe88a6000 DEOPT PACKING pc=0x000001cfd7d12680 sp=0x00000048ff6f6770
Event: 13.597 Thread 0x000001cfe88a6000 DEOPT UNPACKING pc=0x000001cfcff678af sp=0x00000048ff6f65f8 mode 2
Event: 13.597 Thread 0x000001cfe88a6000 Uncommon trap: trap_request=0xffffffbe fr.pc=0x000001cfd7d12680 relative=0x0000000000000480
Event: 13.597 Thread 0x000001cfe88a6000 Uncommon trap: reason=profile_predicate action=maybe_recompile pc=0x000001cfd7d12680 method=java.util.HashMap$TreeNode.find(ILjava/lang/Object;Ljava/lang/Class;)Ljava/util/HashMap$TreeNode; @ 3 c2
Event: 13.597 Thread 0x000001cfe88a6000 DEOPT PACKING pc=0x000001cfd7d12680 sp=0x00000048ff6f6770
Event: 13.597 Thread 0x000001cfe88a6000 DEOPT UNPACKING pc=0x000001cfcff678af sp=0x00000048ff6f65f8 mode 2
Event: 13.612 Thread 0x000001cfe88a6000 Uncommon trap: trap_request=0xffffff4d fr.pc=0x000001cfd7c26c00 relative=0x00000000000000e0
Event: 13.612 Thread 0x000001cfe88a6000 Uncommon trap: reason=unstable_if action=reinterpret pc=0x000001cfd7c26c00 method=java.io.WinNTFileSystem.normalize(Ljava/lang/String;)Ljava/lang/String; @ 74 c2
Event: 13.612 Thread 0x000001cfe88a6000 DEOPT PACKING pc=0x000001cfd7c26c00 sp=0x00000048ff6f7160
Event: 13.612 Thread 0x000001cfe88a6000 DEOPT UNPACKING pc=0x000001cfcff678af sp=0x00000048ff6f7138 mode 2
Event: 13.612 Thread 0x000001cfe88a6000 Uncommon trap: trap_request=0xffffff4d fr.pc=0x000001cfd7c66914 relative=0x00000000000018f4
Event: 13.612 Thread 0x000001cfe88a6000 Uncommon trap: reason=unstable_if action=reinterpret pc=0x000001cfd7c66914 method=java.io.WinNTFileSystem.normalize(Ljava/lang/String;II)Ljava/lang/String; @ 100 c2
Event: 13.612 Thread 0x000001cfe88a6000 DEOPT PACKING pc=0x000001cfd7c66914 sp=0x00000048ff6f7090
Event: 13.612 Thread 0x000001cfe88a6000 DEOPT UNPACKING pc=0x000001cfcff678af sp=0x00000048ff6f7098 mode 2
Event: 13.849 Thread 0x000001cfe88a6000 Uncommon trap: trap_request=0xffffffc6 fr.pc=0x000001cfd7b410d0 relative=0x00000000000008f0
Event: 13.849 Thread 0x000001cfe88a6000 Uncommon trap: reason=bimorphic_or_optimized_type_check action=maybe_recompile pc=0x000001cfd7b410d0 method=java.lang.Throwable.<init>(Ljava/lang/String;Ljava/lang/Throwable;)V @ 24 c2
Event: 13.849 Thread 0x000001cfe88a6000 DEOPT PACKING pc=0x000001cfd7b410d0 sp=0x00000048ff6fbe10
Event: 13.849 Thread 0x000001cfe88a6000 DEOPT UNPACKING pc=0x000001cfcff678af sp=0x00000048ff6fbdd8 mode 2

Classes redefined (0 events):
No events

Internal exceptions (20 events):
Event: 13.548 Thread 0x000001cfe88a6000 Exception <a 'java/lang/NoSuchMethodError'{0x000000008a318680}: 'void java.lang.invoke.DirectMethodHandle$Holder.invokeStatic(java.lang.Object, int, java.lang.Object)'> (0x000000008a318680) thrown at [./src/hotspot/share/interpreter/linkResolver.cpp, line 773]
Event: 13.549 Thread 0x000001cfe88a6000 Exception <a 'java/lang/NoSuchMethodError'{0x000000008a325728}: 'int java.lang.invoke.DirectMethodHandle$Holder.invokeStatic(java.lang.Object, int, int, java.lang.Object)'> (0x000000008a325728) thrown at [./src/hotspot/share/interpreter/linkResolver.cpp, line 773]
Event: 13.554 Thread 0x000001cfe88a6000 Exception <a 'java/lang/ClassNotFoundException'{0x000000008a3dc528}: java/util/LinkedHashSetBeanInfo> (0x000000008a3dc528) thrown at [./src/hotspot/share/classfile/systemDictionary.cpp, line 231]
Event: 13.555 Thread 0x000001cfe88a6000 Exception <a 'java/lang/ClassNotFoundException'{0x000000008a3e5828}: java/util/HashSetBeanInfo> (0x000000008a3e5828) thrown at [./src/hotspot/share/classfile/systemDictionary.cpp, line 231]
Event: 13.555 Thread 0x000001cfe88a6000 Exception <a 'java/lang/ClassNotFoundException'{0x000000008a3ef8b0}: java/util/AbstractSetBeanInfo> (0x000000008a3ef8b0) thrown at [./src/hotspot/share/classfile/systemDictionary.cpp, line 231]
Event: 13.555 Thread 0x000001cfe88a6000 Exception <a 'java/lang/ClassNotFoundException'{0x000000008a3f94a0}: java/util/AbstractSetCustomizer> (0x000000008a3f94a0) thrown at [./src/hotspot/share/classfile/systemDictionary.cpp, line 231]
Event: 13.556 Thread 0x000001cfe88a6000 Exception <a 'java/lang/ClassNotFoundException'{0x000000008a207688}: java/util/HashSetCustomizer> (0x000000008a207688) thrown at [./src/hotspot/share/classfile/systemDictionary.cpp, line 231]
Event: 13.557 Thread 0x000001cfe88a6000 Exception <a 'java/lang/ClassNotFoundException'{0x000000008a2193b8}: java/util/LinkedHashSetCustomizer> (0x000000008a2193b8) thrown at [./src/hotspot/share/classfile/systemDictionary.cpp, line 231]
Event: 13.561 Thread 0x000001cfe88a6000 Exception <a 'java/lang/ClassNotFoundException'{0x000000008a2dace0}: com/android/build/gradle/tasks/factory/AndroidUnitTest_DecoratedBeanInfo> (0x000000008a2dace0) thrown at [./src/hotspot/share/classfile/systemDictionary.cpp, line 231]
Event: 13.562 Thread 0x000001cfe88a6000 Exception <a 'java/lang/ClassNotFoundException'{0x000000008a2f3db0}: com/android/build/gradle/tasks/factory/AndroidUnitTestBeanInfo> (0x000000008a2f3db0) thrown at [./src/hotspot/share/classfile/systemDictionary.cpp, line 231]
Event: 13.562 Thread 0x000001cfe88a6000 Exception <a 'java/lang/ClassNotFoundException'{0x000000008a112908}: org/gradle/api/tasks/testing/TestBeanInfo> (0x000000008a112908) thrown at [./src/hotspot/share/classfile/systemDictionary.cpp, line 231]
Event: 13.563 Thread 0x000001cfe88a6000 Exception <a 'java/lang/ClassNotFoundException'{0x000000008a134a28}: org/gradle/api/tasks/testing/AbstractTestTaskBeanInfo> (0x000000008a134a28) thrown at [./src/hotspot/share/classfile/systemDictionary.cpp, line 231]
Event: 13.564 Thread 0x000001cfe88a6000 Exception <a 'java/lang/ClassNotFoundException'{0x000000008a1571f0}: org/gradle/api/tasks/testing/AbstractTestTaskCustomizer> (0x000000008a1571f0) thrown at [./src/hotspot/share/classfile/systemDictionary.cpp, line 231]
Event: 13.565 Thread 0x000001cfe88a6000 Exception <a 'java/lang/ClassNotFoundException'{0x000000008a194628}: org/gradle/api/tasks/testing/TestCustomizer> (0x000000008a194628) thrown at [./src/hotspot/share/classfile/systemDictionary.cpp, line 231]
Event: 13.570 Thread 0x000001cfe88a6000 Exception <a 'java/lang/ClassNotFoundException'{0x000000008a044640}: com/android/build/gradle/tasks/factory/AndroidUnitTestCustomizer> (0x000000008a044640) thrown at [./src/hotspot/share/classfile/systemDictionary.cpp, line 231]
Event: 13.571 Thread 0x000001cfe88a6000 Exception <a 'java/lang/ClassNotFoundException'{0x000000008a07c590}: com/android/build/gradle/tasks/factory/AndroidUnitTest_DecoratedCustomizer> (0x000000008a07c590) thrown at [./src/hotspot/share/classfile/systemDictionary.cpp, line 231]
Event: 13.691 Thread 0x000001cfe88a6000 Exception <a 'java/lang/ClassNotFoundException'{0x00000000894ffcb8}: org/gradle/api/internal/tasks/DefaultSourceSetContainer_DecoratedBeanInfo> (0x00000000894ffcb8) thrown at [./src/hotspot/share/classfile/systemDictionary.cpp, line 231]
Event: 13.692 Thread 0x000001cfe88a6000 Exception <a 'java/lang/ClassNotFoundException'{0x0000000089321f50}: org/gradle/api/internal/tasks/DefaultSourceSetContainerBeanInfo> (0x0000000089321f50) thrown at [./src/hotspot/share/classfile/systemDictionary.cpp, line 231]
Event: 13.692 Thread 0x000001cfe88a6000 Exception <a 'java/lang/ClassNotFoundException'{0x0000000089343ce8}: org/gradle/api/internal/tasks/DefaultSourceSetContainerCustomizer> (0x0000000089343ce8) thrown at [./src/hotspot/share/classfile/systemDictionary.cpp, line 231]
Event: 13.693 Thread 0x000001cfe88a6000 Exception <a 'java/lang/ClassNotFoundException'{0x0000000089374800}: org/gradle/api/internal/tasks/DefaultSourceSetContainer_DecoratedCustomizer> (0x0000000089374800) thrown at [./src/hotspot/share/classfile/systemDictionary.cpp, line 231]

Events (20 events):
Event: 13.882 loading class com/android/build/gradle/internal/ide/StudioVersions done
Event: 13.883 loading class com/android/build/gradle/internal/ide/MajorMinorVersion
Event: 13.883 loading class com/android/build/gradle/internal/ide/MajorMinorVersion done
Event: 13.884 loading class com/android/build/gradle/BaseExtension
Event: 13.884 loading class com/android/build/gradle/BaseExtension done
Event: 13.884 loading class com/android/repository/Revision
Event: 13.884 loading class com/android/repository/Revision done
Event: 13.884 loading class com/android/repository/Revision
Event: 13.884 loading class com/android/repository/Revision done
Event: 13.884 loading class com/android/build/gradle/BaseExtension
Event: 13.884 loading class com/android/build/gradle/BaseExtension done
Event: 13.884 loading class com/android/builder/sdk/LicenceNotAcceptedException
Event: 13.884 loading class com/android/builder/sdk/LicenceNotAcceptedException done
Event: 13.885 loading class com/android/builder/sdk/InstallFailedException
Event: 13.885 loading class com/android/builder/sdk/InstallFailedException done
Event: 13.885 loading class com/android/repository/api/ProgressIndicator
Event: 13.885 loading class com/android/repository/api/ProgressIndicator done
Event: 13.886 loading class com/android/build/gradle/internal/GradleLocalPropertiesFactory
Event: 13.886 loading class com/android/build/gradle/internal/GradleLocalPropertiesFactory done
Event: 13.887 Executing VM operation: CollectForMetadataAllocation


Dynamic libraries:
0x00007ff796c30000 - 0x00007ff796c3a000 	C:\Program Files\Android\Android Studio\jre\bin\java.exe
0x00007ffa40fd0000 - 0x00007ffa411c5000 	C:\Windows\SYSTEM32\ntdll.dll
0x00007ffa3f180000 - 0x00007ffa3f23e000 	C:\Windows\System32\KERNEL32.DLL
0x00007ffa3ec70000 - 0x00007ffa3ef39000 	C:\Windows\System32\KERNELBASE.dll
0x00007ffa3e6f0000 - 0x00007ffa3e7f0000 	C:\Windows\System32\ucrtbase.dll
0x00007ffa31380000 - 0x00007ffa31399000 	C:\Program Files\Android\Android Studio\jre\bin\jli.dll
0x00007ffa347b0000 - 0x00007ffa347c7000 	C:\Program Files\Android\Android Studio\jre\bin\VCRUNTIME140.dll
0x00007ffa3fe80000 - 0x00007ffa40021000 	C:\Windows\System32\USER32.dll
0x00007ffa3ef40000 - 0x00007ffa3ef62000 	C:\Windows\System32\win32u.dll
0x00007ffa21520000 - 0x00007ffa217ba000 	C:\Windows\WinSxS\amd64_microsoft.windows.common-controls_6595b64144ccf1df_6.0.19041.1110_none_60b5254171f9507e\COMCTL32.dll
0x00007ffa40210000 - 0x00007ffa4023b000 	C:\Windows\System32\GDI32.dll
0x00007ffa3f740000 - 0x00007ffa3f7de000 	C:\Windows\System32\msvcrt.dll
0x00007ffa3eb60000 - 0x00007ffa3ec6b000 	C:\Windows\System32\gdi32full.dll
0x00007ffa3ea30000 - 0x00007ffa3eacd000 	C:\Windows\System32\msvcp_win.dll
0x00007ffa3f150000 - 0x00007ffa3f180000 	C:\Windows\System32\IMM32.DLL
0x00007ffa024c0000 - 0x00007ffa0255d000 	C:\Program Files\Android\Android Studio\jre\bin\msvcp140.dll
0x00007ff9f8350000 - 0x00007ff9f8e1f000 	C:\Program Files\Android\Android Studio\jre\bin\server\jvm.dll
0x00007ffa40140000 - 0x00007ffa401ec000 	C:\Windows\System32\ADVAPI32.dll
0x00007ffa3f8c0000 - 0x00007ffa3f95b000 	C:\Windows\System32\sechost.dll
0x00007ffa3f020000 - 0x00007ffa3f14a000 	C:\Windows\System32\RPCRT4.dll
0x00007ffa401f0000 - 0x00007ffa401f8000 	C:\Windows\System32\PSAPI.DLL
0x00007ffa2ecd0000 - 0x00007ffa2ecd9000 	C:\Windows\SYSTEM32\WSOCK32.dll
0x00007ffa2f570000 - 0x00007ffa2f597000 	C:\Windows\SYSTEM32\WINMM.dll
0x00007ffa40f20000 - 0x00007ffa40f8b000 	C:\Windows\System32\WS2_32.dll
0x00007ffa389e0000 - 0x00007ffa389ea000 	C:\Windows\SYSTEM32\VERSION.dll
0x00007ffa3c4e0000 - 0x00007ffa3c4f2000 	C:\Windows\SYSTEM32\kernel.appcore.dll
0x00007ffa3a4a0000 - 0x00007ffa3a4b1000 	C:\Program Files\Android\Android Studio\jre\bin\verify.dll
0x00007ffa33c20000 - 0x00007ffa33e04000 	C:\Windows\SYSTEM32\DBGHELP.DLL
0x00007ffa33960000 - 0x00007ffa3398c000 	C:\Windows\SYSTEM32\dbgcore.DLL
0x00007ffa3ead0000 - 0x00007ffa3eb53000 	C:\Windows\System32\bcryptPrimitives.dll
0x00007ffa38b80000 - 0x00007ffa38ba9000 	C:\Program Files\Android\Android Studio\jre\bin\java.dll
0x00007ffa3a560000 - 0x00007ffa3a56b000 	C:\Program Files\Android\Android Studio\jre\bin\jimage.dll
0x00007ffa389c0000 - 0x00007ffa389d8000 	C:\Program Files\Android\Android Studio\jre\bin\zip.dll
0x00007ffa40240000 - 0x00007ffa4097f000 	C:\Windows\System32\SHELL32.dll
0x00007ffa3c7f0000 - 0x00007ffa3cf80000 	C:\Windows\SYSTEM32\windows.storage.dll
0x00007ffa3f2f0000 - 0x00007ffa3f645000 	C:\Windows\System32\combase.dll
0x00007ffa3e070000 - 0x00007ffa3e09c000 	C:\Windows\SYSTEM32\Wldp.dll
0x00007ffa3f240000 - 0x00007ffa3f2ee000 	C:\Windows\System32\SHCORE.dll
0x00007ffa40980000 - 0x00007ffa409d5000 	C:\Windows\System32\shlwapi.dll
0x00007ffa3e630000 - 0x00007ffa3e64f000 	C:\Windows\SYSTEM32\profapi.dll
0x00007ffa34940000 - 0x00007ffa3495a000 	C:\Program Files\Android\Android Studio\jre\bin\net.dll
0x00007ffa38a30000 - 0x00007ffa38b38000 	C:\Windows\SYSTEM32\WINHTTP.dll
0x00007ffa3ddd0000 - 0x00007ffa3de3a000 	C:\Windows\system32\mswsock.dll
0x00007ffa34880000 - 0x00007ffa34894000 	C:\Program Files\Android\Android Studio\jre\bin\nio.dll
0x00007ffa22880000 - 0x00007ffa228a7000 	C:\Users\Vitaly\.gradle\native\e1d6ef7f7dcc3fd88c89a11ec53ec762bb8ba0a96d01ffa2cd45eb1d1d8dd5c5\windows-amd64\native-platform.dll
0x00007ff9f94b0000 - 0x00007ff9f95f4000 	C:\Users\Vitaly\.gradle\native\5664cfc778a61ccfe75a443a1ab52a65af34e5dc3c78e0209fed803814484fcb\windows-amd64\native-platform-file-events.dll
0x00007ffa3a190000 - 0x00007ffa3a19a000 	C:\Program Files\Android\Android Studio\jre\bin\management.dll
0x00007ffa395e0000 - 0x00007ffa395ec000 	C:\Program Files\Android\Android Studio\jre\bin\management_ext.dll
0x00007ffa3dfc0000 - 0x00007ffa3dfd8000 	C:\Windows\SYSTEM32\CRYPTSP.dll
0x00007ffa3d750000 - 0x00007ffa3d784000 	C:\Windows\system32\rsaenh.dll
0x00007ffa3e9b0000 - 0x00007ffa3e9d7000 	C:\Windows\System32\bcrypt.dll
0x00007ffa3e5b0000 - 0x00007ffa3e5de000 	C:\Windows\SYSTEM32\USERENV.dll
0x00007ffa3dfe0000 - 0x00007ffa3dfec000 	C:\Windows\SYSTEM32\CRYPTBASE.dll
0x00007ffa3dac0000 - 0x00007ffa3dafb000 	C:\Windows\SYSTEM32\IPHLPAPI.DLL
0x00007ffa40200000 - 0x00007ffa40208000 	C:\Windows\System32\NSI.dll
0x00007ffa37400000 - 0x00007ffa37417000 	C:\Windows\SYSTEM32\dhcpcsvc6.DLL
0x00007ffa37e40000 - 0x00007ffa37e5d000 	C:\Windows\SYSTEM32\dhcpcsvc.DLL
0x00007ffa3db10000 - 0x00007ffa3dbdc000 	C:\Windows\SYSTEM32\DNSAPI.dll

dbghelp: loaded successfully - version: 4.0.5 - missing functions: none
symbol engine: initialized successfully - sym options: 0x614 - pdb path: .;C:\Program Files\Android\Android Studio\jre\bin;C:\Windows\SYSTEM32;C:\Windows\WinSxS\amd64_microsoft.windows.common-controls_6595b64144ccf1df_6.0.19041.1110_none_60b5254171f9507e;C:\Program Files\Android\Android Studio\jre\bin\server;C:\Users\Vitaly\.gradle\native\e1d6ef7f7dcc3fd88c89a11ec53ec762bb8ba0a96d01ffa2cd45eb1d1d8dd5c5\windows-amd64;C:\Users\Vitaly\.gradle\native\5664cfc778a61ccfe75a443a1ab52a65af34e5dc3c78e0209fed803814484fcb\windows-amd64

VM Arguments:
jvm_args: --add-opens=java.base/java.util=ALL-UNNAMED --add-opens=java.base/java.lang=ALL-UNNAMED --add-opens=java.base/java.lang.invoke=ALL-UNNAMED --add-opens=java.base/java.util=ALL-UNNAMED --add-opens=java.prefs/java.util.prefs=ALL-UNNAMED --add-opens=java.prefs/java.util.prefs=ALL-UNNAMED --add-opens=java.base/java.nio.charset=ALL-UNNAMED --add-opens=java.base/java.net=ALL-UNNAMED --add-opens=java.base/java.util.concurrent.atomic=ALL-UNNAMED -Xmx2048m -Dfile.encoding=UTF-8 -Duser.country=RU -Duser.language=ru -Duser.variant 
java_command: org.gradle.launcher.daemon.bootstrap.GradleDaemon 7.3.3
java_class_path (initial): C:\Users\Vitaly\.gradle\wrapper\dists\gradle-7.3.3-bin\6a41zxkdtcxs8rphpq6y0069z\gradle-7.3.3\lib\gradle-launcher-7.3.3.jar
Launcher Type: SUN_STANDARD

[Global flags]
     intx CICompilerCount                          = 3                                         {product} {ergonomic}
     uint ConcGCThreads                            = 1                                         {product} {ergonomic}
     uint G1ConcRefinementThreads                  = 4                                         {product} {ergonomic}
   size_t G1HeapRegionSize                         = 1048576                                   {product} {ergonomic}
    uintx GCDrainStackTargetSize                   = 64                                        {product} {ergonomic}
   size_t InitialHeapSize                          = 134217728                                 {product} {ergonomic}
   size_t MarkStackSize                            = 4194304                                   {product} {ergonomic}
   size_t MaxHeapSize                              = 2147483648                                {product} {command line}
   size_t MaxNewSize                               = 1287651328                                {product} {ergonomic}
   size_t MinHeapDeltaBytes                        = 1048576                                   {product} {ergonomic}
    uintx NonNMethodCodeHeapSize                   = 5830732                                {pd product} {ergonomic}
    uintx NonProfiledCodeHeapSize                  = 122913754                              {pd product} {ergonomic}
    uintx ProfiledCodeHeapSize                     = 122913754                              {pd product} {ergonomic}
    uintx ReservedCodeCacheSize                    = 251658240                              {pd product} {ergonomic}
     bool SegmentedCodeCache                       = true                                      {product} {ergonomic}
     bool UseCompressedClassPointers               = true                                 {lp64_product} {ergonomic}
     bool UseCompressedOops                        = true                                 {lp64_product} {ergonomic}
     bool UseG1GC                                  = true                                      {product} {ergonomic}
     bool UseLargePagesIndividualAllocation        = false                                  {pd product} {ergonomic}

Logging:
Log output configuration:
 #0: stdout all=warning uptime,level,tags
 #1: stderr all=off uptime,level,tags

Environment Variables:
PATH=C:\Program Files (x86)\Intel\Intel(R) Management Engine Components\iCLS\;C:\Program Files\Intel\Intel(R) Management Engine Components\iCLS\;C:\Windows\system32;C:\Windows;C:\Windows\System32\Wbem;C:\Windows\System32\WindowsPowerShell\v1.0\;c:\Program Files (x86)\Intel\Intel(R) Management Engine Components\DAL;c:\Program Files\Intel\Intel(R) Management Engine Components\DAL;c:\Program Files (x86)\Intel\Intel(R) Management Engine Components\IPT;c:\Program Files\Intel\Intel(R) Management Engine Components\IPT;C:\Program Files\Git\cmd;C:\Users\Vitaly\AppData\Local\Microsoft\WindowsApps;C:\OpenCV2.1\bin
USERNAME=Vitaly
OS=Windows_NT
PROCESSOR_IDENTIFIER=Intel64 Family 6 Model 142 Stepping 9, GenuineIntel



---------------  S Y S T E M  ---------------

OS: Windows 10 , 64 bit Build 19041 (10.0.19041.1202)
OS uptime: 0 days 4:34 hours

CPU:total 4 (initial active 4) (2 cores per cpu, 2 threads per core) family 6 model 142 stepping 9 microcode 0xb4, cmov, cx8, fxsr, mmx, sse, sse2, sse3, ssse3, sse4.1, sse4.2, popcnt, avx, avx2, aes, clmul, erms, 3dnowpref, lzcnt, ht, tsc, tscinvbit, bmi1, bmi2, adx, fma

Memory: 4k page, system-wide physical 8092M (241M free)
TotalPageFile size 8092M (AvailPageFile size 5M)
current process WorkingSet (physical memory assigned to process): 408M, peak: 408M
current process commit charge ("private bytes"): 450M, peak: 452M

vm_info: OpenJDK 64-Bit Server VM (11.0.10+0-b96-7249189) for windows-amd64 JRE (11.0.10+0-b96-7249189), built on Mar 31 2021 21:44:00 by "builder" with MS VC++ 14.0 (VS2015)

END.
