#
# There is insufficient memory for the Java Runtime Environment to continue.
# Native memory allocation (mmap) failed to map 38797312 bytes for Failed to commit area from 0x000000008b900000 to 0x000000008de00000 of length 38797312.
# Possible reasons:
#   The system is out of physical RAM or swap space
#   The process is running with CompressedOops enabled, and the Java Heap may be blocking the growth of the native heap
# Possible solutions:
#   Reduce memory load on the system
#   Increase physical memory or swap space
#   Check if swap backing store is full
#   Decrease Java heap size (-Xmx/-Xms)
#   Decrease number of Java threads
#   Decrease Java thread stack sizes (-Xss)
#   Set larger code cache with -XX:ReservedCodeCacheSize=
#   JVM is running with Unscaled Compressed Oops mode in which the Java heap is
#     placed in the first 4GB address space. The Java Heap base address is the
#     maximum limit for the native heap growth. Please use -XX:HeapBaseMinAddress
#     to set the Java Heap base and to place the Java Heap above 4GB virtual address.
# This output file may be truncated or incomplete.
#
#  Out of Memory Error (./src/hotspot/os/windows/os_windows.cpp:3301), pid=8092, tid=6672
#
# JRE version: OpenJDK Runtime Environment (11.0.10) (build 11.0.10+0-b96-7249189)
# Java VM: OpenJDK 64-Bit Server VM (11.0.10+0-b96-7249189, mixed mode, tiered, compressed oops, g1 gc, windows-amd64)
# No core dump will be written. Minidumps are not enabled by default on client versions of Windows
#

---------------  S U M M A R Y ------------

Command Line: --add-opens=java.base/java.util=ALL-UNNAMED --add-opens=java.base/java.lang=ALL-UNNAMED --add-opens=java.base/java.lang.invoke=ALL-UNNAMED --add-opens=java.base/java.util=ALL-UNNAMED --add-opens=java.prefs/java.util.prefs=ALL-UNNAMED --add-opens=java.prefs/java.util.prefs=ALL-UNNAMED --add-opens=java.base/java.nio.charset=ALL-UNNAMED --add-opens=java.base/java.net=ALL-UNNAMED --add-opens=java.base/java.util.concurrent.atomic=ALL-UNNAMED -Xmx2048m -Dfile.encoding=UTF-8 -Duser.country=RU -Duser.language=ru -Duser.variant org.gradle.launcher.daemon.bootstrap.GradleDaemon 7.3.3

Host: Intel(R) Core(TM) i5-7200U CPU @ 2.50GHz, 4 cores, 7G,  Windows 10 , 64 bit Build 19041 (10.0.19041.1202)
Time: Mon Feb  7 15:38:20 2022 Финляндия (зима) elapsed time: 18.474111 seconds (0d 0h 0m 18s)

---------------  T H R E A D  ---------------

Current thread (0x000001b51a29d000):  VMThread "VM Thread" [stack: 0x000000a19f400000,0x000000a19f500000] [id=6672]

Stack: [0x000000a19f400000,0x000000a19f500000]
[error occurred during error reporting (printing stack bounds), id 0xc0000005, EXCEPTION_ACCESS_VIOLATION (0xc0000005) at pc=0x000001b503a30f2d]

Native frames: (J=compiled Java code, j=interpreted, Vv=VM code, C=native code)
V  [jvm.dll+0x5ecfaa]
V  [jvm.dll+0x722bd5]
V  [jvm.dll+0x72412d]
V  [jvm.dll+0x724745]
V  [jvm.dll+0x7246fb]
V  [jvm.dll+0x5ec348]
V  [jvm.dll+0x5ecad8]
C  [ntdll.dll+0xa20cf]
C  [ntdll.dll+0x51454]
C  [ntdll.dll+0xa0bfe]
C  0x000001b503a30f2d

VM_Operation (0x000000a1a1efa860): G1CollectForAllocation, mode: safepoint, requested by thread 0x000001b51ec26000


---------------  P R O C E S S  ---------------

Threads class SMR info:
_java_thread_list=0x000001b5204b8e90, length=78, elements={
0x000001b57d3ed800, 0x000001b51a2a1800, 0x000001b51a2a3000, 0x000001b51a2be800,
0x000001b51a2c0800, 0x000001b51a2c1800, 0x000001b51a2c8000, 0x000001b51a2c9800,
0x000001b51a2ce800, 0x000001b51adba000, 0x000001b51c1ec800, 0x000001b51aef0800,
0x000001b51c199800, 0x000001b51cc6f800, 0x000001b51d9d9000, 0x000001b51c7c5800,
0x000001b51c790800, 0x000001b51c00d800, 0x000001b51cf06000, 0x000001b51c568000,
0x000001b51c569000, 0x000001b51c56b800, 0x000001b51c56a000, 0x000001b51c565800,
0x000001b51c567800, 0x000001b51c56a800, 0x000001b51c56c800, 0x000001b51c566800,
0x000001b51ec18000, 0x000001b51ec1d800, 0x000001b51ec1a800, 0x000001b51ec1c000,
0x000001b51ec1e800, 0x000001b51ec1b800, 0x000001b51ec20000, 0x000001b51ec26800,
0x000001b51ec24800, 0x000001b51ec25000, 0x000001b51ec26000, 0x000001b51d4ce800,
0x000001b51d4cd000, 0x000001b51d4cc000, 0x000001b51d4cf800, 0x000001b51d4d0800,
0x000001b51d4ce000, 0x000001b51d4d1000, 0x000001b51d4cb800, 0x000001b51d4d2000,
0x000001b51d4d8800, 0x000001b51d4d6000, 0x000001b51d4d5000, 0x000001b51d4d3000,
0x000001b51d4d7000, 0x000001b51d4d7800, 0x000001b51d4d9800, 0x000001b51d4d3800,
0x000001b51d4da000, 0x000001b51d4d4800, 0x000001b51e922000, 0x000001b51e928800,
0x000001b51e927800, 0x000001b51e925000, 0x000001b51e927000, 0x000001b51e926000,
0x000001b51e923000, 0x000001b51e923800, 0x000001b51e929800, 0x000001b51e92a000,
0x000001b51e924800, 0x000001b51e92c800, 0x000001b51e930800, 0x000001b51e92d800,
0x000001b51e92e000, 0x000001b51e92f000, 0x000001b51e930000, 0x000001b51e92b000,
0x000001b51e92c000, 0x000001b51ecf9800
}

Java Threads: ( => current thread )
  0x000001b57d3ed800 JavaThread "main" [_thread_blocked, id=8180, stack(0x000000a19ee00000,0x000000a19ef00000)]
  0x000001b51a2a1800 JavaThread "Reference Handler" daemon [_thread_blocked, id=6652, stack(0x000000a19f500000,0x000000a19f600000)]
  0x000001b51a2a3000 JavaThread "Finalizer" daemon [_thread_blocked, id=1580, stack(0x000000a19f600000,0x000000a19f700000)]
  0x000001b51a2be800 JavaThread "Signal Dispatcher" daemon [_thread_blocked, id=4464, stack(0x000000a19f700000,0x000000a19f800000)]
  0x000001b51a2c0800 JavaThread "Attach Listener" daemon [_thread_blocked, id=3028, stack(0x000000a19f800000,0x000000a19f900000)]
  0x000001b51a2c1800 JavaThread "Service Thread" daemon [_thread_blocked, id=5672, stack(0x000000a19f900000,0x000000a19fa00000)]
  0x000001b51a2c8000 JavaThread "C2 CompilerThread0" daemon [_thread_blocked, id=5140, stack(0x000000a19fa00000,0x000000a19fb00000)]
  0x000001b51a2c9800 JavaThread "C1 CompilerThread0" daemon [_thread_blocked, id=1680, stack(0x000000a19fb00000,0x000000a19fc00000)]
  0x000001b51a2ce800 JavaThread "Sweeper thread" daemon [_thread_blocked, id=7288, stack(0x000000a19fc00000,0x000000a19fd00000)]
  0x000001b51adba000 JavaThread "Common-Cleaner" daemon [_thread_blocked, id=5680, stack(0x000000a19fd00000,0x000000a19fe00000)]
  0x000001b51c1ec800 JavaThread "Daemon health stats" [_thread_blocked, id=5664, stack(0x000000a1a0200000,0x000000a1a0300000)]
  0x000001b51aef0800 JavaThread "Incoming local TCP Connector on port 55383" [_thread_in_native, id=5032, stack(0x000000a19ff00000,0x000000a1a0000000)]
  0x000001b51c199800 JavaThread "Daemon periodic checks" [_thread_blocked, id=752, stack(0x000000a1a0300000,0x000000a1a0400000)]
  0x000001b51cc6f800 JavaThread "Daemon" [_thread_blocked, id=7732, stack(0x000000a1a0400000,0x000000a1a0500000)]
  0x000001b51d9d9000 JavaThread "Handler for socket connection from /127.0.0.1:55383 to /127.0.0.1:55384" [_thread_in_native, id=7156, stack(0x000000a1a0500000,0x000000a1a0600000)]
  0x000001b51c7c5800 JavaThread "Cancel handler" [_thread_blocked, id=5500, stack(0x000000a1a0600000,0x000000a1a0700000)]
  0x000001b51c790800 JavaThread "Daemon worker" [_thread_blocked, id=6676, stack(0x000000a1a0700000,0x000000a1a0800000)]
  0x000001b51c00d800 JavaThread "Asynchronous log dispatcher for DefaultDaemonConnection: socket connection from /127.0.0.1:55383 to /127.0.0.1:55384" [_thread_blocked, id=7644, stack(0x000000a1a0800000,0x000000a1a0900000)]
  0x000001b51cf06000 JavaThread "Stdin handler" [_thread_blocked, id=6732, stack(0x000000a1a0900000,0x000000a1a0a00000)]
  0x000001b51c568000 JavaThread "Daemon client event forwarder" [_thread_blocked, id=1036, stack(0x000000a1a0a00000,0x000000a1a0b00000)]
  0x000001b51c569000 JavaThread "Cache worker for journal cache (C:\Users\Vitaly\.gradle\caches\journal-1)" [_thread_blocked, id=6804, stack(0x000000a1a0c00000,0x000000a1a0d00000)]
  0x000001b51c56b800 JavaThread "File lock request listener" [_thread_in_native, id=8168, stack(0x000000a1a0d00000,0x000000a1a0e00000)]
  0x000001b51c56a000 JavaThread "Cache worker for file hash cache (C:\Users\Vitaly\.gradle\caches\7.3.3\fileHashes)" [_thread_blocked, id=6812, stack(0x000000a1a0e00000,0x000000a1a0f00000)]
  0x000001b51c565800 JavaThread "Cache worker for file hash cache (D:\android dev\Retrofit\.gradle\7.3.3\fileHashes)" [_thread_blocked, id=7876, stack(0x000000a1a0f00000,0x000000a1a1000000)]
  0x000001b51c567800 JavaThread "File watcher server" daemon [_thread_in_native, id=908, stack(0x000000a1a1000000,0x000000a1a1100000)]
  0x000001b51c56a800 JavaThread "File watcher consumer" daemon [_thread_blocked, id=2388, stack(0x000000a1a1100000,0x000000a1a1200000)]
  0x000001b51c56c800 JavaThread "jar transforms" [_thread_blocked, id=852, stack(0x000000a1a1200000,0x000000a1a1300000)]
  0x000001b51c566800 JavaThread "jar transforms Thread 2" [_thread_blocked, id=1284, stack(0x000000a1a1300000,0x000000a1a1400000)]
  0x000001b51ec18000 JavaThread "jar transforms Thread 3" [_thread_blocked, id=3064, stack(0x000000a1a1400000,0x000000a1a1500000)]
  0x000001b51ec1d800 JavaThread "jar transforms Thread 4" [_thread_blocked, id=5496, stack(0x000000a1a1500000,0x000000a1a1600000)]
  0x000001b51ec1a800 JavaThread "Cache worker for checksums cache (D:\android dev\Retrofit\.gradle\7.3.3\checksums)" [_thread_blocked, id=6452, stack(0x000000a1a1600000,0x000000a1a1700000)]
  0x000001b51ec1c000 JavaThread "Cache worker for cache directory md-supplier (C:\Users\Vitaly\.gradle\caches\7.3.3\md-supplier)" [_thread_blocked, id=4768, stack(0x000000a1a1700000,0x000000a1a1800000)]
  0x000001b51ec1e800 JavaThread "Cache worker for cache directory md-rule (C:\Users\Vitaly\.gradle\caches\7.3.3\md-rule)" [_thread_blocked, id=6948, stack(0x000000a1a1800000,0x000000a1a1900000)]
  0x000001b51ec1b800 JavaThread "Cache worker for execution history cache (C:\Users\Vitaly\.gradle\caches\7.3.3\executionHistory)" [_thread_blocked, id=3396, stack(0x000000a1a1900000,0x000000a1a1a00000)]
  0x000001b51ec20000 JavaThread "Cache worker for file content cache (C:\Users\Vitaly\.gradle\caches\7.3.3\fileContent)" [_thread_blocked, id=3060, stack(0x000000a1a1a00000,0x000000a1a1b00000)]
  0x000001b51ec26800 JavaThread "Cache worker for dependencies-accessors (D:\android dev\Retrofit\.gradle\7.3.3\dependencies-accessors)" [_thread_blocked, id=6392, stack(0x000000a1a1b00000,0x000000a1a1c00000)]
  0x000001b51ec24800 JavaThread "Cache worker for Build Output Cleanup Cache (D:\android dev\Retrofit\.gradle\buildOutputCleanup)" [_thread_blocked, id=2548, stack(0x000000a1a1c00000,0x000000a1a1d00000)]
  0x000001b51ec25000 JavaThread "Unconstrained build operations" [_thread_blocked, id=6588, stack(0x000000a1a1d00000,0x000000a1a1e00000)]
  0x000001b51ec26000 JavaThread "Unconstrained build operations Thread 2" [_thread_blocked, id=2804, stack(0x000000a1a1e00000,0x000000a1a1f00000)]
  0x000001b51d4ce800 JavaThread "Unconstrained build operations Thread 3" [_thread_blocked, id=7440, stack(0x000000a1a1f00000,0x000000a1a2000000)]
  0x000001b51d4cd000 JavaThread "Unconstrained build operations Thread 4" [_thread_blocked, id=6004, stack(0x000000a1a2000000,0x000000a1a2100000)]
  0x000001b51d4cc000 JavaThread "Unconstrained build operations Thread 5" [_thread_blocked, id=7788, stack(0x000000a1a2100000,0x000000a1a2200000)]
  0x000001b51d4cf800 JavaThread "Unconstrained build operations Thread 6" [_thread_blocked, id=5688, stack(0x000000a1a2200000,0x000000a1a2300000)]
  0x000001b51d4d0800 JavaThread "Unconstrained build operations Thread 7" [_thread_blocked, id=7324, stack(0x000000a1a2300000,0x000000a1a2400000)]
  0x000001b51d4ce000 JavaThread "Unconstrained build operations Thread 8" [_thread_blocked, id=7416, stack(0x000000a1a2400000,0x000000a1a2500000)]
  0x000001b51d4d1000 JavaThread "Unconstrained build operations Thread 9" [_thread_blocked, id=7396, stack(0x000000a1a2500000,0x000000a1a2600000)]
  0x000001b51d4cb800 JavaThread "Unconstrained build operations Thread 10" [_thread_blocked, id=7112, stack(0x000000a1a2600000,0x000000a1a2700000)]
  0x000001b51d4d2000 JavaThread "Unconstrained build operations Thread 11" [_thread_blocked, id=1932, stack(0x000000a1a2700000,0x000000a1a2800000)]
  0x000001b51d4d8800 JavaThread "Unconstrained build operations Thread 12" [_thread_blocked, id=7696, stack(0x000000a1a2800000,0x000000a1a2900000)]
  0x000001b51d4d6000 JavaThread "Unconstrained build operations Thread 13" [_thread_blocked, id=4704, stack(0x000000a1a2900000,0x000000a1a2a00000)]
  0x000001b51d4d5000 JavaThread "Unconstrained build operations Thread 14" [_thread_blocked, id=6664, stack(0x000000a1a2a00000,0x000000a1a2b00000)]
  0x000001b51d4d3000 JavaThread "Unconstrained build operations Thread 15" [_thread_blocked, id=8144, stack(0x000000a1a2b00000,0x000000a1a2c00000)]
  0x000001b51d4d7000 JavaThread "Unconstrained build operations Thread 16" [_thread_blocked, id=7628, stack(0x000000a1a2c00000,0x000000a1a2d00000)]
  0x000001b51d4d7800 JavaThread "Unconstrained build operations Thread 17" [_thread_blocked, id=7640, stack(0x000000a1a2d00000,0x000000a1a2e00000)]
  0x000001b51d4d9800 JavaThread "Unconstrained build operations Thread 18" [_thread_blocked, id=7484, stack(0x000000a1a2e00000,0x000000a1a2f00000)]
  0x000001b51d4d3800 JavaThread "Unconstrained build operations Thread 19" [_thread_blocked, id=7384, stack(0x000000a1a2f00000,0x000000a1a3000000)]
  0x000001b51d4da000 JavaThread "Unconstrained build operations Thread 20" [_thread_blocked, id=7508, stack(0x000000a1a3000000,0x000000a1a3100000)]
  0x000001b51d4d4800 JavaThread "Unconstrained build operations Thread 21" [_thread_blocked, id=7616, stack(0x000000a1a3100000,0x000000a1a3200000)]
  0x000001b51e922000 JavaThread "Unconstrained build operations Thread 22" [_thread_blocked, id=2104, stack(0x000000a1a3200000,0x000000a1a3300000)]
  0x000001b51e928800 JavaThread "Unconstrained build operations Thread 23" [_thread_blocked, id=3464, stack(0x000000a1a3300000,0x000000a1a3400000)]
  0x000001b51e927800 JavaThread "Unconstrained build operations Thread 24" [_thread_blocked, id=4688, stack(0x000000a1a3400000,0x000000a1a3500000)]
  0x000001b51e925000 JavaThread "Unconstrained build operations Thread 25" [_thread_blocked, id=4492, stack(0x000000a1a3500000,0x000000a1a3600000)]
  0x000001b51e927000 JavaThread "Unconstrained build operations Thread 26" [_thread_blocked, id=7784, stack(0x000000a1a3600000,0x000000a1a3700000)]
  0x000001b51e926000 JavaThread "Unconstrained build operations Thread 27" [_thread_blocked, id=2688, stack(0x000000a1a3700000,0x000000a1a3800000)]
  0x000001b51e923000 JavaThread "Unconstrained build operations Thread 28" [_thread_blocked, id=3844, stack(0x000000a1a3800000,0x000000a1a3900000)]
  0x000001b51e923800 JavaThread "Unconstrained build operations Thread 29" [_thread_blocked, id=2912, stack(0x000000a1a3900000,0x000000a1a3a00000)]
  0x000001b51e929800 JavaThread "Unconstrained build operations Thread 30" [_thread_blocked, id=7700, stack(0x000000a1a3a00000,0x000000a1a3b00000)]
  0x000001b51e92a000 JavaThread "Unconstrained build operations Thread 31" [_thread_blocked, id=7916, stack(0x000000a1a3b00000,0x000000a1a3c00000)]
  0x000001b51e924800 JavaThread "Unconstrained build operations Thread 32" [_thread_blocked, id=3648, stack(0x000000a1a3c00000,0x000000a1a3d00000)]
  0x000001b51e92c800 JavaThread "Unconstrained build operations Thread 33" [_thread_blocked, id=7368, stack(0x000000a1a3d00000,0x000000a1a3e00000)]
  0x000001b51e930800 JavaThread "Unconstrained build operations Thread 34" [_thread_blocked, id=6720, stack(0x000000a1a3e00000,0x000000a1a3f00000)]
  0x000001b51e92d800 JavaThread "Unconstrained build operations Thread 35" [_thread_blocked, id=7448, stack(0x000000a1a3f00000,0x000000a1a4000000)]
  0x000001b51e92e000 JavaThread "Unconstrained build operations Thread 36" [_thread_blocked, id=7432, stack(0x000000a1a4000000,0x000000a1a4100000)]
  0x000001b51e92f000 JavaThread "Unconstrained build operations Thread 37" [_thread_blocked, id=6844, stack(0x000000a1a4100000,0x000000a1a4200000)]
  0x000001b51e930000 JavaThread "Unconstrained build operations Thread 38" [_thread_blocked, id=884, stack(0x000000a1a4200000,0x000000a1a4300000)]
  0x000001b51e92b000 JavaThread "Unconstrained build operations Thread 39" [_thread_blocked, id=5084, stack(0x000000a1a4300000,0x000000a1a4400000)]
  0x000001b51e92c000 JavaThread "Unconstrained build operations Thread 40" [_thread_blocked, id=7356, stack(0x000000a1a4400000,0x000000a1a4500000)]
  0x000001b51ecf9800 JavaThread "Memory manager" [_thread_blocked, id=3080, stack(0x000000a1a4500000,0x000000a1a4600000)]

Other Threads:
=>0x000001b51a29d000 VMThread "VM Thread" [stack: 0x000000a19f400000,0x000000a19f500000] [id=6672]
  0x000001b51adc5800 WatcherThread [stack: 0x000000a19fe00000,0x000000a19ff00000] [id=3236]
  0x000001b57d405000 GCTaskThread "GC Thread#0" [stack: 0x000000a19ef00000,0x000000a19f000000] [id=6172]
  0x000001b51b7dc000 GCTaskThread "GC Thread#1" [stack: 0x000000a1a0000000,0x000000a1a0100000] [id=5812]
  0x000001b51b7b2800 GCTaskThread "GC Thread#2" [stack: 0x000000a1a0100000,0x000000a1a0200000] [id=2204]
  0x000001b51c6d6000 GCTaskThread "GC Thread#3" [stack: 0x000000a1a0b00000,0x000000a1a0c00000] [id=7896]
  0x000001b57d436000 ConcurrentGCThread "G1 Main Marker" [stack: 0x000000a19f000000,0x000000a19f100000] [id=880]
  0x000001b57d437000 ConcurrentGCThread "G1 Conc#0" [stack: 0x000000a19f100000,0x000000a19f200000] [id=768]
  0x000001b57d4c6800 ConcurrentGCThread "G1 Refine#0" [stack: 0x000000a19f200000,0x000000a19f300000] [id=2216]
  0x000001b57d4c7800 ConcurrentGCThread "G1 Young RemSet Sampling" [stack: 0x000000a19f300000,0x000000a19f400000] [id=1224]

Threads with active compile tasks:
C2 CompilerThread0  18514 8839       4       java.lang.invoke.MethodType::makeImpl (108 bytes)

VM state:at safepoint (normal execution)

VM Mutex/Monitor currently owned by a thread:  ([mutex/lock_event])
[0x000001b57d3e9270] Threads_lock - owner thread: 0x000001b51a29d000
[0x000001b57d3e9ae0] Heap_lock - owner thread: 0x000001b51ec26000

Heap address: 0x0000000080000000, size: 2048 MB, Compressed Oops mode: 32-bit
Narrow klass base: 0x0000000000000000, Narrow klass shift: 3
Compressed class space size: 1073741824 Address: 0x0000000100000000

Heap:
 garbage-first heap   total 227328K, used 100321K [0x0000000080000000, 0x0000000100000000)
  region size 1024K, 6 young (6144K), 6 survivors (6144K)
 Metaspace       used 91140K, capacity 93550K, committed 93560K, reserved 1130496K
  class space    used 11789K, capacity 12662K, committed 12664K, reserved 1048576K
Heap Regions: E=young(eden), S=young(survivor), O=old, HS=humongous(starts), HC=humongous(continues), CS=collection set, F=free, A=archive, TAMS=top-at-mark-start (previous, next)
|   0|0x0000000080000000, 0x0000000080100000, 0x0000000080100000|100%| O|  |TAMS 0x0000000080100000, 0x0000000080100000| Untracked 
|   1|0x0000000080100000, 0x0000000080200000, 0x0000000080200000|100%| O|  |TAMS 0x0000000080200000, 0x0000000080200000| Untracked 
|   2|0x0000000080200000, 0x0000000080300000, 0x0000000080300000|100%| O|  |TAMS 0x0000000080300000, 0x0000000080300000| Untracked 
|   3|0x0000000080300000, 0x0000000080400000, 0x0000000080400000|100%|HS|  |TAMS 0x0000000080400000, 0x0000000080400000| Complete 
|   4|0x0000000080400000, 0x0000000080500000, 0x0000000080500000|100%|HC|  |TAMS 0x0000000080500000, 0x0000000080500000| Complete 
|   5|0x0000000080500000, 0x0000000080600000, 0x0000000080600000|100%|HC|  |TAMS 0x0000000080600000, 0x0000000080600000| Complete 
|   6|0x0000000080600000, 0x0000000080700000, 0x0000000080700000|100%| O|  |TAMS 0x0000000080700000, 0x0000000080700000| Untracked 
|   7|0x0000000080700000, 0x0000000080800000, 0x0000000080800000|100%| O|  |TAMS 0x0000000080800000, 0x0000000080800000| Untracked 
|   8|0x0000000080800000, 0x0000000080900000, 0x0000000080900000|100%| O|  |TAMS 0x0000000080900000, 0x0000000080900000| Untracked 
|   9|0x0000000080900000, 0x0000000080a00000, 0x0000000080a00000|100%| O|  |TAMS 0x0000000080a00000, 0x0000000080a00000| Untracked 
|  10|0x0000000080a00000, 0x0000000080b00000, 0x0000000080b00000|100%| O|  |TAMS 0x0000000080b00000, 0x0000000080b00000| Untracked 
|  11|0x0000000080b00000, 0x0000000080c00000, 0x0000000080c00000|100%| O|  |TAMS 0x0000000080c00000, 0x0000000080c00000| Untracked 
|  12|0x0000000080c00000, 0x0000000080d00000, 0x0000000080d00000|100%| O|  |TAMS 0x0000000080d00000, 0x0000000080d00000| Untracked 
|  13|0x0000000080d00000, 0x0000000080e00000, 0x0000000080e00000|100%| O|  |TAMS 0x0000000080e00000, 0x0000000080e00000| Untracked 
|  14|0x0000000080e00000, 0x0000000080f00000, 0x0000000080f00000|100%| O|  |TAMS 0x0000000080f00000, 0x0000000080f00000| Untracked 
|  15|0x0000000080f00000, 0x0000000081000000, 0x0000000081000000|100%| O|  |TAMS 0x0000000081000000, 0x0000000081000000| Untracked 
|  16|0x0000000081000000, 0x0000000081100000, 0x0000000081100000|100%|HS|  |TAMS 0x0000000081100000, 0x0000000081100000| Complete 
|  17|0x0000000081100000, 0x0000000081200000, 0x0000000081200000|100%|HC|  |TAMS 0x0000000081200000, 0x0000000081200000| Complete 
|  18|0x0000000081200000, 0x0000000081300000, 0x0000000081300000|100%|HS|  |TAMS 0x0000000081300000, 0x0000000081300000| Complete 
|  19|0x0000000081300000, 0x0000000081400000, 0x0000000081400000|100%|HC|  |TAMS 0x0000000081400000, 0x0000000081400000| Complete 
|  20|0x0000000081400000, 0x0000000081500000, 0x0000000081500000|100%|HC|  |TAMS 0x0000000081500000, 0x0000000081500000| Complete 
|  21|0x0000000081500000, 0x0000000081600000, 0x0000000081600000|100%|HS|  |TAMS 0x0000000081600000, 0x0000000081600000| Complete 
|  22|0x0000000081600000, 0x0000000081700000, 0x0000000081700000|100%|HC|  |TAMS 0x0000000081700000, 0x0000000081700000| Complete 
|  23|0x0000000081700000, 0x0000000081800000, 0x0000000081800000|100%|HC|  |TAMS 0x0000000081800000, 0x0000000081800000| Complete 
|  24|0x0000000081800000, 0x0000000081900000, 0x0000000081900000|100%|HC|  |TAMS 0x0000000081900000, 0x0000000081900000| Complete 
|  25|0x0000000081900000, 0x0000000081a00000, 0x0000000081a00000|100%|HC|  |TAMS 0x0000000081a00000, 0x0000000081a00000| Complete 
|  26|0x0000000081a00000, 0x0000000081b00000, 0x0000000081b00000|100%| O|  |TAMS 0x0000000081b00000, 0x0000000081b00000| Untracked 
|  27|0x0000000081b00000, 0x0000000081c00000, 0x0000000081c00000|100%| O|  |TAMS 0x0000000081c00000, 0x0000000081c00000| Untracked 
|  28|0x0000000081c00000, 0x0000000081d00000, 0x0000000081d00000|100%| O|  |TAMS 0x0000000081d00000, 0x0000000081d00000| Untracked 
|  29|0x0000000081d00000, 0x0000000081e00000, 0x0000000081e00000|100%| O|  |TAMS 0x0000000081e00000, 0x0000000081e00000| Untracked 
|  30|0x0000000081e00000, 0x0000000081f00000, 0x0000000081f00000|100%| O|  |TAMS 0x0000000081f00000, 0x0000000081f00000| Untracked 
|  31|0x0000000081f00000, 0x0000000082000000, 0x0000000082000000|100%| O|  |TAMS 0x0000000082000000, 0x0000000082000000| Untracked 
|  32|0x0000000082000000, 0x0000000082100000, 0x0000000082100000|100%| O|  |TAMS 0x0000000082100000, 0x0000000082100000| Untracked 
|  33|0x0000000082100000, 0x0000000082200000, 0x0000000082200000|100%| O|  |TAMS 0x0000000082200000, 0x0000000082200000| Untracked 
|  34|0x0000000082200000, 0x0000000082300000, 0x0000000082300000|100%|HS|  |TAMS 0x0000000082300000, 0x0000000082300000| Complete 
|  35|0x0000000082300000, 0x0000000082400000, 0x0000000082400000|100%|HC|  |TAMS 0x0000000082400000, 0x0000000082400000| Complete 
|  36|0x0000000082400000, 0x0000000082500000, 0x0000000082500000|100%|HC|  |TAMS 0x0000000082500000, 0x0000000082500000| Complete 
|  37|0x0000000082500000, 0x0000000082600000, 0x0000000082600000|100%|HC|  |TAMS 0x0000000082600000, 0x0000000082600000| Complete 
|  38|0x0000000082600000, 0x0000000082700000, 0x0000000082700000|100%|HC|  |TAMS 0x0000000082700000, 0x0000000082700000| Complete 
|  39|0x0000000082700000, 0x0000000082800000, 0x0000000082800000|100%|HS|  |TAMS 0x0000000082800000, 0x0000000082800000| Complete 
|  40|0x0000000082800000, 0x0000000082900000, 0x0000000082900000|100%|HC|  |TAMS 0x0000000082900000, 0x0000000082900000| Complete 
|  41|0x0000000082900000, 0x0000000082a00000, 0x0000000082a00000|100%|HC|  |TAMS 0x0000000082a00000, 0x0000000082a00000| Complete 
|  42|0x0000000082a00000, 0x0000000082b00000, 0x0000000082b00000|100%| O|  |TAMS 0x0000000082b00000, 0x0000000082b00000| Untracked 
|  43|0x0000000082b00000, 0x0000000082c00000, 0x0000000082c00000|100%| O|  |TAMS 0x0000000082c00000, 0x0000000082c00000| Untracked 
|  44|0x0000000082c00000, 0x0000000082d00000, 0x0000000082d00000|100%| O|  |TAMS 0x0000000082d00000, 0x0000000082d00000| Untracked 
|  45|0x0000000082d00000, 0x0000000082e00000, 0x0000000082e00000|100%| O|  |TAMS 0x0000000082e00000, 0x0000000082e00000| Untracked 
|  46|0x0000000082e00000, 0x0000000082f00000, 0x0000000082f00000|100%| O|  |TAMS 0x0000000082f00000, 0x0000000082f00000| Untracked 
|  47|0x0000000082f00000, 0x0000000083000000, 0x0000000083000000|100%| O|  |TAMS 0x0000000083000000, 0x0000000083000000| Untracked 
|  48|0x0000000083000000, 0x0000000083100000, 0x0000000083100000|100%| O|  |TAMS 0x0000000083100000, 0x0000000083100000| Untracked 
|  49|0x0000000083100000, 0x0000000083200000, 0x0000000083200000|100%| O|  |TAMS 0x0000000083200000, 0x0000000083200000| Untracked 
|  50|0x0000000083200000, 0x0000000083300000, 0x0000000083300000|100%| O|  |TAMS 0x0000000083300000, 0x0000000083300000| Untracked 
|  51|0x0000000083300000, 0x0000000083400000, 0x0000000083400000|100%| O|  |TAMS 0x0000000083400000, 0x0000000083400000| Untracked 
|  52|0x0000000083400000, 0x0000000083500000, 0x0000000083500000|100%| O|  |TAMS 0x0000000083500000, 0x0000000083500000| Untracked 
|  53|0x0000000083500000, 0x0000000083600000, 0x0000000083600000|100%| O|  |TAMS 0x0000000083600000, 0x0000000083600000| Untracked 
|  54|0x0000000083600000, 0x0000000083700000, 0x0000000083700000|100%|HS|  |TAMS 0x0000000083700000, 0x0000000083700000| Complete 
|  55|0x0000000083700000, 0x0000000083800000, 0x0000000083800000|100%|HS|  |TAMS 0x0000000083800000, 0x0000000083800000| Complete 
|  56|0x0000000083800000, 0x0000000083900000, 0x0000000083900000|100%|HS|  |TAMS 0x0000000083900000, 0x0000000083900000| Complete 
|  57|0x0000000083900000, 0x0000000083a00000, 0x0000000083a00000|100%|HS|  |TAMS 0x0000000083a00000, 0x0000000083a00000| Complete 
|  58|0x0000000083a00000, 0x0000000083b00000, 0x0000000083b00000|100%|HC|  |TAMS 0x0000000083b00000, 0x0000000083b00000| Complete 
|  59|0x0000000083b00000, 0x0000000083c00000, 0x0000000083c00000|100%|HC|  |TAMS 0x0000000083c00000, 0x0000000083c00000| Complete 
|  60|0x0000000083c00000, 0x0000000083d00000, 0x0000000083d00000|100%|HS|  |TAMS 0x0000000083d00000, 0x0000000083d00000| Complete 
|  61|0x0000000083d00000, 0x0000000083e00000, 0x0000000083e00000|100%|HC|  |TAMS 0x0000000083e00000, 0x0000000083e00000| Complete 
|  62|0x0000000083e00000, 0x0000000083f00000, 0x0000000083f00000|100%| O|  |TAMS 0x0000000083f00000, 0x0000000083f00000| Untracked 
|  63|0x0000000083f00000, 0x0000000084000000, 0x0000000084000000|100%| O|  |TAMS 0x0000000084000000, 0x0000000084000000| Untracked 
|  64|0x0000000084000000, 0x0000000084100000, 0x0000000084100000|100%| O|  |TAMS 0x0000000084100000, 0x0000000084100000| Untracked 
|  65|0x0000000084100000, 0x0000000084200000, 0x0000000084200000|100%| O|  |TAMS 0x0000000084200000, 0x0000000084200000| Untracked 
|  66|0x0000000084200000, 0x0000000084300000, 0x0000000084300000|100%| O|  |TAMS 0x0000000084300000, 0x0000000084300000| Untracked 
|  67|0x0000000084300000, 0x0000000084400000, 0x0000000084400000|100%| O|  |TAMS 0x0000000084400000, 0x0000000084400000| Untracked 
|  68|0x0000000084400000, 0x0000000084500000, 0x0000000084500000|100%| O|  |TAMS 0x0000000084500000, 0x0000000084500000| Untracked 
|  69|0x0000000084500000, 0x0000000084600000, 0x0000000084600000|100%| O|  |TAMS 0x0000000084600000, 0x0000000084600000| Untracked 
|  70|0x0000000084600000, 0x0000000084700000, 0x0000000084700000|100%| O|  |TAMS 0x0000000084700000, 0x0000000084700000| Untracked 
|  71|0x0000000084700000, 0x0000000084800000, 0x0000000084800000|100%| O|  |TAMS 0x0000000084800000, 0x0000000084800000| Untracked 
|  72|0x0000000084800000, 0x0000000084900000, 0x0000000084900000|100%| O|  |TAMS 0x0000000084900000, 0x0000000084900000| Untracked 
|  73|0x0000000084900000, 0x0000000084a00000, 0x0000000084a00000|100%| O|  |TAMS 0x0000000084a00000, 0x0000000084a00000| Untracked 
|  74|0x0000000084a00000, 0x0000000084b00000, 0x0000000084b00000|100%| O|  |TAMS 0x0000000084b00000, 0x0000000084b00000| Untracked 
|  75|0x0000000084b00000, 0x0000000084c00000, 0x0000000084c00000|100%| O|  |TAMS 0x0000000084c00000, 0x0000000084c00000| Untracked 
|  76|0x0000000084c00000, 0x0000000084d00000, 0x0000000084d00000|100%| O|  |TAMS 0x0000000084d00000, 0x0000000084d00000| Untracked 
|  77|0x0000000084d00000, 0x0000000084e00000, 0x0000000084e00000|100%| O|  |TAMS 0x0000000084e00000, 0x0000000084e00000| Untracked 
|  78|0x0000000084e00000, 0x0000000084f00000, 0x0000000084f00000|100%| O|  |TAMS 0x0000000084f00000, 0x0000000084f00000| Untracked 
|  79|0x0000000084f00000, 0x0000000085000000, 0x0000000085000000|100%| O|  |TAMS 0x0000000085000000, 0x0000000085000000| Untracked 
|  80|0x0000000085000000, 0x0000000085100000, 0x0000000085100000|100%| O|  |TAMS 0x0000000085100000, 0x0000000085100000| Untracked 
|  81|0x0000000085100000, 0x0000000085200000, 0x0000000085200000|100%| O|  |TAMS 0x0000000085200000, 0x0000000085200000| Untracked 
|  82|0x0000000085200000, 0x0000000085300000, 0x0000000085300000|100%| O|  |TAMS 0x0000000085300000, 0x0000000085300000| Untracked 
|  83|0x0000000085300000, 0x0000000085400000, 0x0000000085400000|100%| O|  |TAMS 0x0000000085400000, 0x0000000085400000| Untracked 
|  84|0x0000000085400000, 0x0000000085500000, 0x0000000085500000|100%| O|  |TAMS 0x0000000085500000, 0x0000000085500000| Untracked 
|  85|0x0000000085500000, 0x0000000085600000, 0x0000000085600000|100%| O|  |TAMS 0x0000000085600000, 0x0000000085600000| Untracked 
|  86|0x0000000085600000, 0x0000000085700000, 0x0000000085700000|100%| O|  |TAMS 0x0000000085700000, 0x0000000085700000| Untracked 
|  87|0x0000000085700000, 0x0000000085800000, 0x0000000085800000|100%| O|  |TAMS 0x0000000085800000, 0x0000000085800000| Untracked 
|  88|0x0000000085800000, 0x0000000085900000, 0x0000000085900000|100%| O|  |TAMS 0x0000000085850800, 0x0000000085900000| Untracked 
|  89|0x0000000085900000, 0x0000000085a00000, 0x0000000085a00000|100%| O|  |TAMS 0x0000000085900000, 0x0000000085a00000| Untracked 
|  90|0x0000000085a00000, 0x0000000085b00000, 0x0000000085b00000|100%| O|  |TAMS 0x0000000085a00000, 0x0000000085b00000| Untracked 
|  91|0x0000000085b00000, 0x0000000085c00000, 0x0000000085c00000|100%| O|  |TAMS 0x0000000085b00000, 0x0000000085c00000| Untracked 
|  92|0x0000000085c00000, 0x0000000085c4d200, 0x0000000085d00000| 30%| O|  |TAMS 0x0000000085c00000, 0x0000000085c4d200| Untracked 
|  93|0x0000000085d00000, 0x0000000085d00000, 0x0000000085e00000|  0%| F|  |TAMS 0x0000000085d00000, 0x0000000085d00000| Untracked 
|  94|0x0000000085e00000, 0x0000000085e00000, 0x0000000085f00000|  0%| F|  |TAMS 0x0000000085e00000, 0x0000000085e00000| Untracked 
|  95|0x0000000085f00000, 0x0000000085f00000, 0x0000000086000000|  0%| F|  |TAMS 0x0000000085f00000, 0x0000000085f00000| Untracked 
|  96|0x0000000086000000, 0x0000000086000000, 0x0000000086100000|  0%| F|  |TAMS 0x0000000086000000, 0x0000000086000000| Untracked 
|  97|0x0000000086100000, 0x0000000086100000, 0x0000000086200000|  0%| F|  |TAMS 0x0000000086100000, 0x0000000086100000| Untracked 
|  98|0x0000000086200000, 0x0000000086200000, 0x0000000086300000|  0%| F|  |TAMS 0x0000000086200000, 0x0000000086200000| Untracked 
|  99|0x0000000086300000, 0x0000000086300000, 0x0000000086400000|  0%| F|  |TAMS 0x0000000086300000, 0x0000000086300000| Untracked 
| 100|0x0000000086400000, 0x0000000086400000, 0x0000000086500000|  0%| F|  |TAMS 0x0000000086400000, 0x0000000086400000| Untracked 
| 101|0x0000000086500000, 0x0000000086500000, 0x0000000086600000|  0%| F|  |TAMS 0x0000000086500000, 0x0000000086500000| Untracked 
| 102|0x0000000086600000, 0x0000000086600000, 0x0000000086700000|  0%| F|  |TAMS 0x0000000086600000, 0x0000000086600000| Untracked 
| 103|0x0000000086700000, 0x0000000086700000, 0x0000000086800000|  0%| F|  |TAMS 0x0000000086700000, 0x0000000086700000| Untracked 
| 104|0x0000000086800000, 0x0000000086800000, 0x0000000086900000|  0%| F|  |TAMS 0x0000000086800000, 0x0000000086800000| Untracked 
| 105|0x0000000086900000, 0x0000000086900000, 0x0000000086a00000|  0%| F|  |TAMS 0x0000000086900000, 0x0000000086900000| Untracked 
| 106|0x0000000086a00000, 0x0000000086a00000, 0x0000000086b00000|  0%| F|  |TAMS 0x0000000086a00000, 0x0000000086a00000| Untracked 
| 107|0x0000000086b00000, 0x0000000086b00000, 0x0000000086c00000|  0%| F|  |TAMS 0x0000000086b00000, 0x0000000086b00000| Untracked 
| 108|0x0000000086c00000, 0x0000000086c00000, 0x0000000086d00000|  0%| F|  |TAMS 0x0000000086c00000, 0x0000000086c00000| Untracked 
| 109|0x0000000086d00000, 0x0000000086d00000, 0x0000000086e00000|  0%| F|  |TAMS 0x0000000086d00000, 0x0000000086d00000| Untracked 
| 110|0x0000000086e00000, 0x0000000086e00000, 0x0000000086f00000|  0%| F|  |TAMS 0x0000000086e00000, 0x0000000086e00000| Untracked 
| 111|0x0000000086f00000, 0x0000000086f00000, 0x0000000087000000|  0%| F|  |TAMS 0x0000000086f00000, 0x0000000086f00000| Untracked 
| 112|0x0000000087000000, 0x0000000087000000, 0x0000000087100000|  0%| F|  |TAMS 0x0000000087000000, 0x0000000087000000| Untracked 
| 113|0x0000000087100000, 0x0000000087100000, 0x0000000087200000|  0%| F|  |TAMS 0x0000000087100000, 0x0000000087100000| Untracked 
| 114|0x0000000087200000, 0x0000000087200000, 0x0000000087300000|  0%| F|  |TAMS 0x0000000087200000, 0x0000000087200000| Untracked 
| 115|0x0000000087300000, 0x0000000087300000, 0x0000000087400000|  0%| F|  |TAMS 0x0000000087300000, 0x0000000087300000| Untracked 
| 116|0x0000000087400000, 0x0000000087400000, 0x0000000087500000|  0%| F|  |TAMS 0x0000000087400000, 0x0000000087400000| Untracked 
| 117|0x0000000087500000, 0x0000000087500000, 0x0000000087600000|  0%| F|  |TAMS 0x0000000087500000, 0x0000000087500000| Untracked 
| 118|0x0000000087600000, 0x0000000087600000, 0x0000000087700000|  0%| F|  |TAMS 0x0000000087600000, 0x0000000087600000| Untracked 
| 119|0x0000000087700000, 0x0000000087700000, 0x0000000087800000|  0%| F|  |TAMS 0x0000000087700000, 0x0000000087700000| Untracked 
| 120|0x0000000087800000, 0x0000000087800000, 0x0000000087900000|  0%| F|  |TAMS 0x0000000087800000, 0x0000000087800000| Untracked 
| 121|0x0000000087900000, 0x0000000087900000, 0x0000000087a00000|  0%| F|  |TAMS 0x0000000087900000, 0x0000000087900000| Untracked 
| 122|0x0000000087a00000, 0x0000000087a00000, 0x0000000087b00000|  0%| F|  |TAMS 0x0000000087a00000, 0x0000000087a00000| Untracked 
| 123|0x0000000087b00000, 0x0000000087b00000, 0x0000000087c00000|  0%| F|  |TAMS 0x0000000087b00000, 0x0000000087b00000| Untracked 
| 124|0x0000000087c00000, 0x0000000087c00000, 0x0000000087d00000|  0%| F|  |TAMS 0x0000000087c00000, 0x0000000087c00000| Untracked 
| 125|0x0000000087d00000, 0x0000000087d00000, 0x0000000087e00000|  0%| F|  |TAMS 0x0000000087d00000, 0x0000000087d00000| Untracked 
| 126|0x0000000087e00000, 0x0000000087e00000, 0x0000000087f00000|  0%| F|  |TAMS 0x0000000087e00000, 0x0000000087e00000| Untracked 
| 127|0x0000000087f00000, 0x0000000087f00000, 0x0000000088000000|  0%| F|  |TAMS 0x0000000087f00000, 0x0000000087f00000| Untracked 
| 128|0x0000000088000000, 0x0000000088000000, 0x0000000088100000|  0%| F|  |TAMS 0x0000000088000000, 0x0000000088000000| Untracked 
| 129|0x0000000088100000, 0x0000000088100000, 0x0000000088200000|  0%| F|  |TAMS 0x0000000088100000, 0x0000000088100000| Untracked 
| 130|0x0000000088200000, 0x0000000088200000, 0x0000000088300000|  0%| F|  |TAMS 0x0000000088200000, 0x0000000088200000| Untracked 
| 131|0x0000000088300000, 0x0000000088300000, 0x0000000088400000|  0%| F|  |TAMS 0x0000000088300000, 0x0000000088300000| Untracked 
| 132|0x0000000088400000, 0x0000000088400000, 0x0000000088500000|  0%| F|  |TAMS 0x0000000088400000, 0x0000000088400000| Untracked 
| 133|0x0000000088500000, 0x0000000088500000, 0x0000000088600000|  0%| F|  |TAMS 0x0000000088500000, 0x0000000088500000| Untracked 
| 134|0x0000000088600000, 0x0000000088600000, 0x0000000088700000|  0%| F|  |TAMS 0x0000000088600000, 0x0000000088600000| Untracked 
| 135|0x0000000088700000, 0x0000000088700000, 0x0000000088800000|  0%| F|  |TAMS 0x0000000088700000, 0x0000000088700000| Untracked 
| 136|0x0000000088800000, 0x0000000088800000, 0x0000000088900000|  0%| F|  |TAMS 0x0000000088800000, 0x0000000088800000| Untracked 
| 137|0x0000000088900000, 0x0000000088900000, 0x0000000088a00000|  0%| F|  |TAMS 0x0000000088900000, 0x0000000088900000| Untracked 
| 138|0x0000000088a00000, 0x0000000088a00000, 0x0000000088b00000|  0%| F|  |TAMS 0x0000000088a00000, 0x0000000088a00000| Untracked 
| 139|0x0000000088b00000, 0x0000000088b00000, 0x0000000088c00000|  0%| F|  |TAMS 0x0000000088b00000, 0x0000000088b00000| Untracked 
| 140|0x0000000088c00000, 0x0000000088c00000, 0x0000000088d00000|  0%| F|  |TAMS 0x0000000088c00000, 0x0000000088c00000| Untracked 
| 141|0x0000000088d00000, 0x0000000088d00000, 0x0000000088e00000|  0%| F|  |TAMS 0x0000000088d00000, 0x0000000088d00000| Untracked 
| 142|0x0000000088e00000, 0x0000000088e00000, 0x0000000088f00000|  0%| F|  |TAMS 0x0000000088e00000, 0x0000000088e00000| Untracked 
| 143|0x0000000088f00000, 0x0000000088f00000, 0x0000000089000000|  0%| F|  |TAMS 0x0000000088f00000, 0x0000000088f00000| Untracked 
| 144|0x0000000089000000, 0x0000000089000000, 0x0000000089100000|  0%| F|  |TAMS 0x0000000089000000, 0x0000000089000000| Untracked 
| 145|0x0000000089100000, 0x0000000089100000, 0x0000000089200000|  0%| F|  |TAMS 0x0000000089100000, 0x0000000089100000| Untracked 
| 146|0x0000000089200000, 0x0000000089200000, 0x0000000089300000|  0%| F|  |TAMS 0x0000000089200000, 0x0000000089200000| Untracked 
| 147|0x0000000089300000, 0x0000000089300000, 0x0000000089400000|  0%| F|  |TAMS 0x0000000089300000, 0x0000000089300000| Untracked 
| 148|0x0000000089400000, 0x0000000089400000, 0x0000000089500000|  0%| F|  |TAMS 0x0000000089400000, 0x0000000089400000| Untracked 
| 149|0x0000000089500000, 0x0000000089500000, 0x0000000089600000|  0%| F|  |TAMS 0x0000000089500000, 0x0000000089500000| Untracked 
| 150|0x0000000089600000, 0x0000000089600000, 0x0000000089700000|  0%| F|  |TAMS 0x0000000089600000, 0x0000000089600000| Untracked 
| 151|0x0000000089700000, 0x0000000089700000, 0x0000000089800000|  0%| F|  |TAMS 0x0000000089700000, 0x0000000089700000| Untracked 
| 152|0x0000000089800000, 0x00000000898ab280, 0x0000000089900000| 66%| S|CS|TAMS 0x0000000089800000, 0x0000000089800000| Complete 
| 153|0x0000000089900000, 0x0000000089a00000, 0x0000000089a00000|100%| S|CS|TAMS 0x0000000089900000, 0x0000000089900000| Complete 
| 154|0x0000000089a00000, 0x0000000089b00000, 0x0000000089b00000|100%| S|CS|TAMS 0x0000000089a00000, 0x0000000089a00000| Complete 
| 155|0x0000000089b00000, 0x0000000089c00000, 0x0000000089c00000|100%| S|CS|TAMS 0x0000000089b00000, 0x0000000089b00000| Complete 
| 156|0x0000000089c00000, 0x0000000089d00000, 0x0000000089d00000|100%| S|CS|TAMS 0x0000000089c00000, 0x0000000089c00000| Complete 
| 157|0x0000000089d00000, 0x0000000089e00000, 0x0000000089e00000|100%| S|CS|TAMS 0x0000000089d00000, 0x0000000089d00000| Complete 
| 158|0x0000000089e00000, 0x0000000089e00000, 0x0000000089f00000|  0%| F|  |TAMS 0x0000000089e00000, 0x0000000089e00000| Untracked 
| 159|0x0000000089f00000, 0x0000000089f00000, 0x000000008a000000|  0%| F|  |TAMS 0x0000000089f00000, 0x0000000089f00000| Untracked 
| 160|0x000000008a000000, 0x000000008a000000, 0x000000008a100000|  0%| F|  |TAMS 0x000000008a000000, 0x000000008a000000| Untracked 
| 161|0x000000008a100000, 0x000000008a100000, 0x000000008a200000|  0%| F|  |TAMS 0x000000008a100000, 0x000000008a100000| Untracked 
| 162|0x000000008a200000, 0x000000008a200000, 0x000000008a300000|  0%| F|  |TAMS 0x000000008a200000, 0x000000008a200000| Untracked 
| 163|0x000000008a300000, 0x000000008a300000, 0x000000008a400000|  0%| F|  |TAMS 0x000000008a300000, 0x000000008a300000| Untracked 
| 164|0x000000008a400000, 0x000000008a400000, 0x000000008a500000|  0%| F|  |TAMS 0x000000008a400000, 0x000000008a400000| Untracked 
| 165|0x000000008a500000, 0x000000008a500000, 0x000000008a600000|  0%| F|  |TAMS 0x000000008a500000, 0x000000008a500000| Untracked 
| 166|0x000000008a600000, 0x000000008a600000, 0x000000008a700000|  0%| F|  |TAMS 0x000000008a600000, 0x000000008a600000| Untracked 
| 167|0x000000008a700000, 0x000000008a700000, 0x000000008a800000|  0%| F|  |TAMS 0x000000008a700000, 0x000000008a700000| Untracked 
| 168|0x000000008a800000, 0x000000008a800000, 0x000000008a900000|  0%| F|  |TAMS 0x000000008a800000, 0x000000008a800000| Untracked 
| 169|0x000000008a900000, 0x000000008a900000, 0x000000008aa00000|  0%| F|  |TAMS 0x000000008a900000, 0x000000008a900000| Untracked 
| 170|0x000000008aa00000, 0x000000008aa00000, 0x000000008ab00000|  0%| F|  |TAMS 0x000000008aa00000, 0x000000008aa00000| Untracked 
| 171|0x000000008ab00000, 0x000000008ab00000, 0x000000008ac00000|  0%| F|  |TAMS 0x000000008ab00000, 0x000000008ab00000| Untracked 
| 172|0x000000008ac00000, 0x000000008ac00000, 0x000000008ad00000|  0%| F|  |TAMS 0x000000008ac00000, 0x000000008ac00000| Untracked 
| 173|0x000000008ad00000, 0x000000008ad00000, 0x000000008ae00000|  0%| F|  |TAMS 0x000000008ad00000, 0x000000008ad00000| Untracked 
| 174|0x000000008ae00000, 0x000000008ae00000, 0x000000008af00000|  0%| F|  |TAMS 0x000000008ae00000, 0x000000008ae00000| Untracked 
| 175|0x000000008af00000, 0x000000008af00000, 0x000000008b000000|  0%| F|  |TAMS 0x000000008af00000, 0x000000008af00000| Untracked 
| 176|0x000000008b000000, 0x000000008b000000, 0x000000008b100000|  0%| F|  |TAMS 0x000000008b000000, 0x000000008b000000| Untracked 
| 177|0x000000008b100000, 0x000000008b100000, 0x000000008b200000|  0%| F|  |TAMS 0x000000008b100000, 0x000000008b100000| Untracked 
| 178|0x000000008b200000, 0x000000008b200000, 0x000000008b300000|  0%| F|  |TAMS 0x000000008b200000, 0x000000008b200000| Untracked 
| 179|0x000000008b300000, 0x000000008b300000, 0x000000008b400000|  0%| F|  |TAMS 0x000000008b300000, 0x000000008b300000| Untracked 
| 180|0x000000008b400000, 0x000000008b400000, 0x000000008b500000|  0%| F|  |TAMS 0x000000008b400000, 0x000000008b400000| Untracked 
| 181|0x000000008b500000, 0x000000008b500000, 0x000000008b600000|  0%| F|  |TAMS 0x000000008b500000, 0x000000008b500000| Untracked 
| 182|0x000000008b600000, 0x000000008b600000, 0x000000008b700000|  0%| F|  |TAMS 0x000000008b600000, 0x000000008b600000| Untracked 
| 183|0x000000008b700000, 0x000000008b700000, 0x000000008b800000|  0%| F|  |TAMS 0x000000008b700000, 0x000000008b700000| Untracked 
| 184|0x000000008b800000, 0x000000008b800000, 0x000000008b900000|  0%| F|  |TAMS 0x000000008b800000, 0x000000008b800000| Untracked 

Card table byte_map: [0x000001b513460000,0x000001b513860000] _byte_map_base: 0x000001b513060000

Marking Bits (Prev, Next): (CMBitMap*) 0x000001b57d42cf68, (CMBitMap*) 0x000001b57d42cfa0
 Prev Bits: [0x000001b513c60000, 0x000001b515c60000)
 Next Bits: [0x000001b515c60000, 0x000001b517c60000)

Polling page: 0x000001b500000000

Metaspace:

Usage:
  Non-class:     78.99 MB capacity,    77.49 MB ( 98%) used,     1.26 MB (  2%) free+waste,   251.94 KB ( <1%) overhead. 
      Class:     12.37 MB capacity,    11.51 MB ( 93%) used,   755.37 KB (  6%) free+waste,   117.00 KB ( <1%) overhead. 
       Both:     91.36 MB capacity,    89.00 MB ( 97%) used,     1.99 MB (  2%) free+waste,   368.94 KB ( <1%) overhead. 

Virtual space:
  Non-class space:       80.00 MB reserved,      79.00 MB ( 99%) committed 
      Class space:        1.00 GB reserved,      12.37 MB (  1%) committed 
             Both:        1.08 GB reserved,      91.37 MB (  8%) committed 

Chunk freelists:
   Non-Class:  8.00 KB
       Class:  0 bytes
        Both:  8.00 KB

MaxMetaspaceSize: 17179869184.00 GB
CompressedClassSpaceSize: 1.00 GB

CodeHeap 'non-profiled nmethods': size=120064Kb used=4205Kb max_used=4205Kb free=115858Kb
 bounds [0x000001b50b4f0000, 0x000001b50b910000, 0x000001b512a30000]
CodeHeap 'profiled nmethods': size=120000Kb used=18009Kb max_used=18009Kb free=101990Kb
 bounds [0x000001b503fc0000, 0x000001b505160000, 0x000001b50b4f0000]
CodeHeap 'non-nmethods': size=5696Kb used=2291Kb max_used=2343Kb free=3404Kb
 bounds [0x000001b503a30000, 0x000001b503ca0000, 0x000001b503fc0000]
 total_blobs=9699 nmethods=8803 adapters=807
 compilation: enabled
              stopped_count=0, restarted_count=0
 full_count=0

Compilation events (20 events):
Event: 18.363 Thread 0x000001b51a2c9800 8915       2       org.gradle.internal.file.FileHierarchySet$Node::plus (337 bytes)
Event: 18.367 Thread 0x000001b51a2c9800 nmethod 8915 0x000001b505150e10 code [0x000001b5051511c0, 0x000001b505152988]
Event: 18.388 Thread 0x000001b51a2c9800 8917       2       java.lang.invoke.MemberName$Factory::resolveOrNull (28 bytes)
Event: 18.388 Thread 0x000001b51a2c9800 nmethod 8917 0x000001b505153590 code [0x000001b505153740, 0x000001b5051538a8]
Event: 18.390 Thread 0x000001b51a2c9800 8918       2       java.lang.invoke.MethodHandle::bindArgumentL (10 bytes)
Event: 18.390 Thread 0x000001b51a2c9800 nmethod 8918 0x000001b505153990 code [0x000001b505153b60, 0x000001b505153dc8]
Event: 18.391 Thread 0x000001b51a2c9800 8919       2       java.util.IdentityHashMap::put (137 bytes)
Event: 18.392 Thread 0x000001b51a2c9800 nmethod 8919 0x000001b505153f90 code [0x000001b505154180, 0x000001b505154738]
Event: 18.412 Thread 0x000001b51a2c9800 8920       2       org.gradle.api.internal.provider.DefaultProperty::value (7 bytes)
Event: 18.412 Thread 0x000001b51a2c9800 nmethod 8920 0x000001b505154a10 code [0x000001b505154bc0, 0x000001b505154ce8]
Event: 18.413 Thread 0x000001b51a2c9800 8921       2       java.util.concurrent.ConcurrentHashMap::addCount (289 bytes)
Event: 18.414 Thread 0x000001b51a2c9800 nmethod 8921 0x000001b505154d90 code [0x000001b505154fa0, 0x000001b505155438]
Event: 18.415 Thread 0x000001b51a2c9800 8922       2       java.util.Spliterators$EmptySpliterator::forEachRemaining (6 bytes)
Event: 18.415 Thread 0x000001b51a2c9800 nmethod 8922 0x000001b505155690 code [0x000001b505155840, 0x000001b5051559e8]
Event: 18.415 Thread 0x000001b51a2c9800 8923       2       java.util.Collections$EmptyList::spliterator (4 bytes)
Event: 18.415 Thread 0x000001b51a2c9800 nmethod 8923 0x000001b505155b10 code [0x000001b505155cc0, 0x000001b505155db8]
Event: 18.415 Thread 0x000001b51a2c9800 8924       2       java.util.Spliterators$EmptySpliterator$OfRef::forEachRemaining (6 bytes)
Event: 18.415 Thread 0x000001b51a2c9800 nmethod 8924 0x000001b505155e90 code [0x000001b505156040, 0x000001b5051561e8]
Event: 18.416 Thread 0x000001b51a2c9800 8925       2       sun.management.MemoryPoolImpl::getType (15 bytes)
Event: 18.416 Thread 0x000001b51a2c9800 nmethod 8925 0x000001b505156310 code [0x000001b5051564c0, 0x000001b5051565f8]

GC Heap History (20 events):
Event: 7.319 GC heap after
{Heap after GC invocations=11 (full 0):
 garbage-first heap   total 157696K, used 40500K [0x0000000080000000, 0x0000000100000000)
  region size 1024K, 7 young (7168K), 7 survivors (7168K)
 Metaspace       used 42951K, capacity 43982K, committed 44160K, reserved 1087488K
  class space    used 5527K, capacity 5912K, committed 6016K, reserved 1048576K
}
Event: 8.341 GC heap before
{Heap before GC invocations=12 (full 0):
 garbage-first heap   total 157696K, used 118324K [0x0000000080000000, 0x0000000100000000)
  region size 1024K, 74 young (75776K), 7 survivors (7168K)
 Metaspace       used 47042K, capacity 48296K, committed 48512K, reserved 1091584K
  class space    used 5986K, capacity 6422K, committed 6528K, reserved 1048576K
}
Event: 8.355 GC heap after
{Heap after GC invocations=13 (full 0):
 garbage-first heap   total 157696K, used 54313K [0x0000000080000000, 0x0000000100000000)
  region size 1024K, 10 young (10240K), 10 survivors (10240K)
 Metaspace       used 47042K, capacity 48296K, committed 48512K, reserved 1091584K
  class space    used 5986K, capacity 6422K, committed 6528K, reserved 1048576K
}
Event: 9.097 GC heap before
{Heap before GC invocations=13 (full 0):
 garbage-first heap   total 157696K, used 117801K [0x0000000080000000, 0x0000000100000000)
  region size 1024K, 72 young (73728K), 10 survivors (10240K)
 Metaspace       used 50790K, capacity 52251K, committed 52352K, reserved 1095680K
  class space    used 6542K, capacity 7013K, committed 7040K, reserved 1048576K
}
Event: 9.117 GC heap after
{Heap after GC invocations=14 (full 0):
 garbage-first heap   total 157696K, used 58451K [0x0000000080000000, 0x0000000100000000)
  region size 1024K, 4 young (4096K), 4 survivors (4096K)
 Metaspace       used 50790K, capacity 52251K, committed 52352K, reserved 1095680K
  class space    used 6542K, capacity 7013K, committed 7040K, reserved 1048576K
}
Event: 9.885 GC heap before
{Heap before GC invocations=14 (full 0):
 garbage-first heap   total 157696K, used 128083K [0x0000000080000000, 0x0000000100000000)
  region size 1024K, 65 young (66560K), 4 survivors (4096K)
 Metaspace       used 55122K, capacity 56752K, committed 56832K, reserved 1097728K
  class space    used 7072K, capacity 7610K, committed 7680K, reserved 1048576K
}
Event: 9.896 GC heap after
{Heap after GC invocations=15 (full 0):
 garbage-first heap   total 189440K, used 74752K [0x0000000080000000, 0x0000000100000000)
  region size 1024K, 9 young (9216K), 9 survivors (9216K)
 Metaspace       used 55122K, capacity 56752K, committed 56832K, reserved 1097728K
  class space    used 7072K, capacity 7610K, committed 7680K, reserved 1048576K
}
Event: 10.807 GC heap before
{Heap before GC invocations=15 (full 0):
 garbage-first heap   total 189440K, used 141312K [0x0000000080000000, 0x0000000100000000)
  region size 1024K, 75 young (76800K), 9 survivors (9216K)
 Metaspace       used 63859K, capacity 65581K, committed 65920K, reserved 1105920K
  class space    used 8154K, capacity 8712K, committed 8832K, reserved 1048576K
}
Event: 10.819 GC heap after
{Heap after GC invocations=16 (full 0):
 garbage-first heap   total 189440K, used 80055K [0x0000000080000000, 0x0000000100000000)
  region size 1024K, 5 young (5120K), 5 survivors (5120K)
 Metaspace       used 63859K, capacity 65581K, committed 65920K, reserved 1105920K
  class space    used 8154K, capacity 8712K, committed 8832K, reserved 1048576K
}
Event: 11.528 GC heap before
{Heap before GC invocations=16 (full 0):
 garbage-first heap   total 189440K, used 147639K [0x0000000080000000, 0x0000000100000000)
  region size 1024K, 70 young (71680K), 5 survivors (5120K)
 Metaspace       used 68986K, capacity 70682K, committed 70912K, reserved 1110016K
  class space    used 8813K, capacity 9401K, committed 9472K, reserved 1048576K
}
Event: 11.539 GC heap after
{Heap after GC invocations=17 (full 0):
 garbage-first heap   total 189440K, used 84042K [0x0000000080000000, 0x0000000100000000)
  region size 1024K, 9 young (9216K), 9 survivors (9216K)
 Metaspace       used 68986K, capacity 70682K, committed 70912K, reserved 1110016K
  class space    used 8813K, capacity 9401K, committed 9472K, reserved 1048576K
}
Event: 11.928 GC heap before
{Heap before GC invocations=17 (full 0):
 garbage-first heap   total 189440K, used 125002K [0x0000000080000000, 0x0000000100000000)
  region size 1024K, 50 young (51200K), 9 survivors (9216K)
 Metaspace       used 72071K, capacity 73910K, committed 73984K, reserved 1114112K
  class space    used 9286K, capacity 9925K, committed 9984K, reserved 1048576K
}
Event: 11.944 GC heap after
{Heap after GC invocations=18 (full 0):
 garbage-first heap   total 189440K, used 87550K [0x0000000080000000, 0x0000000100000000)
  region size 1024K, 8 young (8192K), 8 survivors (8192K)
 Metaspace       used 72071K, capacity 73910K, committed 73984K, reserved 1114112K
  class space    used 9286K, capacity 9925K, committed 9984K, reserved 1048576K
}
Event: 13.877 GC heap before
{Heap before GC invocations=19 (full 0):
 garbage-first heap   total 189440K, used 151038K [0x0000000080000000, 0x0000000100000000)
  region size 1024K, 70 young (71680K), 8 survivors (8192K)
 Metaspace       used 78351K, capacity 80375K, committed 80632K, reserved 1118208K
  class space    used 10219K, capacity 10893K, committed 11000K, reserved 1048576K
}
Event: 13.898 GC heap after
{Heap after GC invocations=20 (full 0):
 garbage-first heap   total 189440K, used 90482K [0x0000000080000000, 0x0000000100000000)
  region size 1024K, 7 young (7168K), 7 survivors (7168K)
 Metaspace       used 78351K, capacity 80375K, committed 80632K, reserved 1118208K
  class space    used 10219K, capacity 10893K, committed 11000K, reserved 1048576K
}
Event: 15.408 GC heap before
{Heap before GC invocations=21 (full 0):
 garbage-first heap   total 189440K, used 153970K [0x0000000080000000, 0x0000000100000000)
  region size 1024K, 69 young (70656K), 7 survivors (7168K)
 Metaspace       used 82342K, capacity 84433K, committed 84728K, reserved 1122304K
  class space    used 10615K, capacity 11362K, committed 11512K, reserved 1048576K
}
Event: 15.423 GC heap after
{Heap after GC invocations=22 (full 0):
 garbage-first heap   total 189440K, used 94449K [0x0000000080000000, 0x0000000100000000)
  region size 1024K, 8 young (8192K), 8 survivors (8192K)
 Metaspace       used 82342K, capacity 84433K, committed 84728K, reserved 1122304K
  class space    used 10615K, capacity 11362K, committed 11512K, reserved 1048576K
}
Event: 17.285 GC heap before
{Heap before GC invocations=22 (full 0):
 garbage-first heap   total 189440K, used 154865K [0x0000000080000000, 0x0000000100000000)
  region size 1024K, 67 young (68608K), 8 survivors (8192K)
 Metaspace       used 89486K, capacity 91739K, committed 92024K, reserved 1128448K
  class space    used 11549K, capacity 12327K, committed 12408K, reserved 1048576K
}
Event: 17.301 GC heap after
{Heap after GC invocations=23 (full 0):
 garbage-first heap   total 189440K, used 98284K [0x0000000080000000, 0x0000000100000000)
  region size 1024K, 8 young (8192K), 8 survivors (8192K)
 Metaspace       used 89486K, capacity 91739K, committed 92024K, reserved 1128448K
  class space    used 11549K, capacity 12327K, committed 12408K, reserved 1048576K
}
Event: 18.420 GC heap before
{Heap before GC invocations=24 (full 0):
 garbage-first heap   total 189440K, used 124908K [0x0000000080000000, 0x0000000100000000)
  region size 1024K, 35 young (35840K), 8 survivors (8192K)
 Metaspace       used 91140K, capacity 93550K, committed 93560K, reserved 1130496K
  class space    used 11789K, capacity 12662K, committed 12664K, reserved 1048576K
}

Deoptimization events (20 events):
Event: 18.327 Thread 0x000001b51ec25000 Uncommon trap: trap_request=0xffffffde fr.pc=0x000001b50b800394 relative=0x00000000000014d4
Event: 18.327 Thread 0x000001b51ec25000 Uncommon trap: reason=class_check action=maybe_recompile pc=0x000001b50b800394 method=java.util.concurrent.ConcurrentHashMap.putVal(Ljava/lang/Object;Ljava/lang/Object;Z)Ljava/lang/Object; @ 242 c2
Event: 18.327 Thread 0x000001b51ec25000 DEOPT PACKING pc=0x000001b50b800394 sp=0x000000a1a1dfcad0
Event: 18.327 Thread 0x000001b51ec25000 DEOPT UNPACKING pc=0x000001b503a578af sp=0x000000a1a1dfca50 mode 2
Event: 18.328 Thread 0x000001b51d4d2000 Uncommon trap: trap_request=0xffffffde fr.pc=0x000001b50b800394 relative=0x00000000000014d4
Event: 18.328 Thread 0x000001b51d4d2000 Uncommon trap: reason=class_check action=maybe_recompile pc=0x000001b50b800394 method=java.util.concurrent.ConcurrentHashMap.putVal(Ljava/lang/Object;Ljava/lang/Object;Z)Ljava/lang/Object; @ 242 c2
Event: 18.328 Thread 0x000001b51d4d2000 DEOPT PACKING pc=0x000001b50b800394 sp=0x000000a1a27fbde0
Event: 18.328 Thread 0x000001b51d4d2000 DEOPT UNPACKING pc=0x000001b503a578af sp=0x000000a1a27fbd60 mode 2
Event: 18.328 Thread 0x000001b51ec25000 Uncommon trap: trap_request=0xffffff4d fr.pc=0x000001b50b80014c relative=0x000000000000128c
Event: 18.328 Thread 0x000001b51ec25000 Uncommon trap: reason=unstable_if action=reinterpret pc=0x000001b50b80014c method=java.util.concurrent.ConcurrentHashMap.putVal(Ljava/lang/Object;Ljava/lang/Object;Z)Ljava/lang/Object; @ 97 c2
Event: 18.328 Thread 0x000001b51ec25000 DEOPT PACKING pc=0x000001b50b80014c sp=0x000000a1a1dfc510
Event: 18.328 Thread 0x000001b51ec25000 DEOPT UNPACKING pc=0x000001b503a578af sp=0x000000a1a1dfc4a8 mode 2
Event: 18.341 Thread 0x000001b51d4d2000 Uncommon trap: trap_request=0xffffff4d fr.pc=0x000001b50b839370 relative=0x00000000000003b0
Event: 18.341 Thread 0x000001b51d4d2000 Uncommon trap: reason=unstable_if action=reinterpret pc=0x000001b50b839370 method=java.util.concurrent.ConcurrentHashMap.addCount(JI)V @ 97 c2
Event: 18.341 Thread 0x000001b51d4d2000 DEOPT PACKING pc=0x000001b50b839370 sp=0x000000a1a27fc5c0
Event: 18.341 Thread 0x000001b51d4d2000 DEOPT UNPACKING pc=0x000001b503a578af sp=0x000000a1a27fc478 mode 2
Event: 18.412 Thread 0x000001b51d4d5000 Uncommon trap: trap_request=0xffffff4d fr.pc=0x000001b50b7cd888 relative=0x0000000000000328
Event: 18.412 Thread 0x000001b51d4d5000 Uncommon trap: reason=unstable_if action=reinterpret pc=0x000001b50b7cd888 method=java.util.concurrent.ConcurrentHashMap.addCount(JI)V @ 168 c2
Event: 18.412 Thread 0x000001b51d4d5000 DEOPT PACKING pc=0x000001b50b7cd888 sp=0x000000a1a2afb280
Event: 18.412 Thread 0x000001b51d4d5000 DEOPT UNPACKING pc=0x000001b503a578af sp=0x000000a1a2afb1c0 mode 2

Classes redefined (0 events):
No events

Internal exceptions (20 events):
Event: 14.467 Thread 0x000001b51c790800 Exception <a 'java/lang/ClassNotFoundException'{0x0000000088f8b0c0}: com/android/build/gradle/tasks/factory/AndroidUnitTestCustomizer> (0x0000000088f8b0c0) thrown at [./src/hotspot/share/classfile/systemDictionary.cpp, line 231]
Event: 14.468 Thread 0x000001b51c790800 Exception <a 'java/lang/ClassNotFoundException'{0x0000000088fc3010}: com/android/build/gradle/tasks/factory/AndroidUnitTest_DecoratedCustomizer> (0x0000000088fc3010) thrown at [./src/hotspot/share/classfile/systemDictionary.cpp, line 231]
Event: 14.728 Thread 0x000001b51c790800 Exception <a 'java/lang/ClassNotFoundException'{0x0000000088239ad0}: org/gradle/api/internal/tasks/DefaultSourceSetContainer_DecoratedBeanInfo> (0x0000000088239ad0) thrown at [./src/hotspot/share/classfile/systemDictionary.cpp, line 231]
Event: 14.728 Thread 0x000001b51c790800 Exception <a 'java/lang/ClassNotFoundException'{0x000000008825b810}: org/gradle/api/internal/tasks/DefaultSourceSetContainerBeanInfo> (0x000000008825b810) thrown at [./src/hotspot/share/classfile/systemDictionary.cpp, line 231]
Event: 14.729 Thread 0x000001b51c790800 Exception <a 'java/lang/ClassNotFoundException'{0x000000008827d5a8}: org/gradle/api/internal/tasks/DefaultSourceSetContainerCustomizer> (0x000000008827d5a8) thrown at [./src/hotspot/share/classfile/systemDictionary.cpp, line 231]
Event: 14.730 Thread 0x000001b51c790800 Exception <a 'java/lang/ClassNotFoundException'{0x00000000882ae330}: org/gradle/api/internal/tasks/DefaultSourceSetContainer_DecoratedCustomizer> (0x00000000882ae330) thrown at [./src/hotspot/share/classfile/systemDictionary.cpp, line 231]
Event: 15.585 Thread 0x000001b51c790800 Exception <a 'sun/nio/fs/WindowsException'{0x000000008b52b700}> (0x000000008b52b700) thrown at [./src/hotspot/share/prims/jni.cpp, line 615]
Event: 15.586 Thread 0x000001b51c790800 Exception <a 'sun/nio/fs/WindowsException'{0x000000008b52bcc8}> (0x000000008b52bcc8) thrown at [./src/hotspot/share/prims/jni.cpp, line 615]
Event: 15.999 Thread 0x000001b51c790800 Exception <a 'java/lang/NullPointerException'{0x000000008ac152e8}> (0x000000008ac152e8) thrown at [./src/hotspot/share/interpreter/linkResolver.cpp, line 1440]
Event: 16.434 Thread 0x000001b51c790800 Exception <a 'java/lang/NoSuchMethodError'{0x0000000089d35880}: 'int java.lang.invoke.DirectMethodHandle$Holder.invokeStatic(java.lang.Object, java.lang.Object, int, java.lang.Object)'> (0x0000000089d35880) thrown at [./src/hotspot/share/interpreter/linkResolver.cpp, line 773]
Event: 16.510 Thread 0x000001b51c790800 Exception <a 'sun/nio/fs/WindowsException'{0x0000000089c66970}> (0x0000000089c66970) thrown at [./src/hotspot/share/prims/jni.cpp, line 615]
Event: 16.510 Thread 0x000001b51c790800 Exception <a 'sun/nio/fs/WindowsException'{0x0000000089c67a50}> (0x0000000089c67a50) thrown at [./src/hotspot/share/prims/jni.cpp, line 615]
Event: 16.510 Thread 0x000001b51c790800 Exception <a 'sun/nio/fs/WindowsException'{0x0000000089c68b80}> (0x0000000089c68b80) thrown at [./src/hotspot/share/prims/jni.cpp, line 615]
Event: 16.510 Thread 0x000001b51c790800 Exception <a 'sun/nio/fs/WindowsException'{0x0000000089c69cb0}> (0x0000000089c69cb0) thrown at [./src/hotspot/share/prims/jni.cpp, line 615]
Event: 17.034 Thread 0x000001b51c790800 Exception <a 'java/lang/reflect/InvocationTargetException'{0x0000000088c0c410}> (0x0000000088c0c410) thrown at [./src/hotspot/share/runtime/reflection.cpp, line 1247]
Event: 18.195 Thread 0x000001b51c790800 Exception <a 'java/lang/NoSuchMethodError'{0x000000008a8e0bd8}: 'java.lang.Object java.lang.invoke.Invokers$Holder.linkToTargetMethod(java.lang.Object, java.lang.Object, java.lang.Object, int, java.lang.Object, java.lang.Object)'> (0x000000008a8e0bd8) thrown at [./src/hotspot/share/interpreter/linkResolver.cpp, line 773]
Event: 18.269 Thread 0x000001b51d4d2000 Exception <a 'java/lang/IncompatibleClassChangeError'{0x000000008a4e6908}: Found class java.lang.Object, but interface was expected> (0x000000008a4e6908) thrown at [./src/hotspot/share/interpreter/linkResolver.cpp, line 839]
Event: 18.317 Thread 0x000001b51d4d2000 Exception <a 'java/lang/NoSuchMethodError'{0x000000008a37a9b8}: 'java.lang.Object java.lang.invoke.DirectMethodHandle$Holder.invokeSpecialIFC(java.lang.Object, java.lang.Object, java.lang.Object)'> (0x000000008a37a9b8) thrown at [./src/hotspot/share/interpreter/linkResolver.cpp, line 773]
Event: 18.337 Thread 0x000001b51ec25000 Exception <a 'java/lang/IncompatibleClassChangeError'{0x000000008a2d4e78}: Found class java.lang.Object, but interface was expected> (0x000000008a2d4e78) thrown at [./src/hotspot/share/interpreter/linkResolver.cpp, line 839]
Event: 18.388 Thread 0x000001b51ec26000 Exception <a 'java/lang/NoSuchMethodError'{0x0000000089f25418}: 'void java.lang.invoke.DirectMethodHandle$Holder.invokeVirtual(java.lang.Object, java.lang.Object)'> (0x0000000089f25418) thrown at [./src/hotspot/share/interpreter/linkResolver.cpp, line 773]

Events (20 events):
Event: 18.416 loading class org/gradle/api/provider/Provider done
Event: 18.416 loading class org/gradle/api/provider/Provider
Event: 18.416 loading class org/gradle/api/provider/Provider done
Event: 18.416 loading class org/gradle/api/internal/artifacts/transform/DefaultTransformOutputs
Event: 18.416 loading class org/gradle/api/internal/artifacts/transform/DefaultTransformOutputs done
Event: 18.416 loading class org/gradle/api/provider/Provider
Event: 18.416 loading class org/gradle/api/provider/Provider done
Event: 18.417 loading class org/gradle/api/internal/artifacts/transform/TransformOutputsInternal
Event: 18.417 loading class org/gradle/api/internal/artifacts/transform/TransformOutputsInternal done
Event: 18.418 Executing VM operation: RevokeBias
Event: 18.418 Executing coalesced safepoint VM operation: RevokeBias
Event: 18.418 Executing coalesced safepoint VM operation: RevokeBias done
Event: 18.418 Executing VM operation: RevokeBias done
Event: 18.418 Executing VM operation: RevokeBias
Event: 18.418 Executing VM operation: RevokeBias done
Event: 18.419 Executing VM operation: RevokeBias
Event: 18.419 Executing VM operation: RevokeBias done
Event: 18.419 Executing VM operation: RevokeBias
Event: 18.419 Executing VM operation: RevokeBias done
Event: 18.420 Executing VM operation: G1CollectForAllocation


Dynamic libraries:
0x00007ff796c30000 - 0x00007ff796c3a000 	C:\Program Files\Android\Android Studio\jre\bin\java.exe
0x00007ffa40fd0000 - 0x00007ffa411c5000 	C:\Windows\SYSTEM32\ntdll.dll
0x00007ffa3f180000 - 0x00007ffa3f23e000 	C:\Windows\System32\KERNEL32.DLL
0x00007ffa3ec70000 - 0x00007ffa3ef39000 	C:\Windows\System32\KERNELBASE.dll
0x00007ffa3e6f0000 - 0x00007ffa3e7f0000 	C:\Windows\System32\ucrtbase.dll
0x00007ffa31380000 - 0x00007ffa31399000 	C:\Program Files\Android\Android Studio\jre\bin\jli.dll
0x00007ffa347b0000 - 0x00007ffa347c7000 	C:\Program Files\Android\Android Studio\jre\bin\VCRUNTIME140.dll
0x00007ffa3fe80000 - 0x00007ffa40021000 	C:\Windows\System32\USER32.dll
0x00007ffa3ef40000 - 0x00007ffa3ef62000 	C:\Windows\System32\win32u.dll
0x00007ffa40210000 - 0x00007ffa4023b000 	C:\Windows\System32\GDI32.dll
0x00007ffa21520000 - 0x00007ffa217ba000 	C:\Windows\WinSxS\amd64_microsoft.windows.common-controls_6595b64144ccf1df_6.0.19041.1110_none_60b5254171f9507e\COMCTL32.dll
0x00007ffa3eb60000 - 0x00007ffa3ec6b000 	C:\Windows\System32\gdi32full.dll
0x00007ffa3ea30000 - 0x00007ffa3eacd000 	C:\Windows\System32\msvcp_win.dll
0x00007ffa3f740000 - 0x00007ffa3f7de000 	C:\Windows\System32\msvcrt.dll
0x00007ffa3f150000 - 0x00007ffa3f180000 	C:\Windows\System32\IMM32.DLL
0x00007ffa024c0000 - 0x00007ffa0255d000 	C:\Program Files\Android\Android Studio\jre\bin\msvcp140.dll
0x00007ff9f8350000 - 0x00007ff9f8e1f000 	C:\Program Files\Android\Android Studio\jre\bin\server\jvm.dll
0x00007ffa40140000 - 0x00007ffa401ec000 	C:\Windows\System32\ADVAPI32.dll
0x00007ffa3f8c0000 - 0x00007ffa3f95b000 	C:\Windows\System32\sechost.dll
0x00007ffa3f020000 - 0x00007ffa3f14a000 	C:\Windows\System32\RPCRT4.dll
0x00007ffa401f0000 - 0x00007ffa401f8000 	C:\Windows\System32\PSAPI.DLL
0x00007ffa2ecd0000 - 0x00007ffa2ecd9000 	C:\Windows\SYSTEM32\WSOCK32.dll
0x00007ffa389e0000 - 0x00007ffa389ea000 	C:\Windows\SYSTEM32\VERSION.dll
0x00007ffa2f570000 - 0x00007ffa2f597000 	C:\Windows\SYSTEM32\WINMM.dll
0x00007ffa40f20000 - 0x00007ffa40f8b000 	C:\Windows\System32\WS2_32.dll
0x00007ffa3c4e0000 - 0x00007ffa3c4f2000 	C:\Windows\SYSTEM32\kernel.appcore.dll
0x00007ffa3a4a0000 - 0x00007ffa3a4b1000 	C:\Program Files\Android\Android Studio\jre\bin\verify.dll
0x00007ffa33c20000 - 0x00007ffa33e04000 	C:\Windows\SYSTEM32\DBGHELP.DLL
0x00007ffa33960000 - 0x00007ffa3398c000 	C:\Windows\SYSTEM32\dbgcore.DLL
0x00007ffa3ead0000 - 0x00007ffa3eb53000 	C:\Windows\System32\bcryptPrimitives.dll
0x00007ffa38b80000 - 0x00007ffa38ba9000 	C:\Program Files\Android\Android Studio\jre\bin\java.dll
0x00007ffa3a560000 - 0x00007ffa3a56b000 	C:\Program Files\Android\Android Studio\jre\bin\jimage.dll
0x00007ffa389c0000 - 0x00007ffa389d8000 	C:\Program Files\Android\Android Studio\jre\bin\zip.dll
0x00007ffa40240000 - 0x00007ffa4097f000 	C:\Windows\System32\SHELL32.dll
0x00007ffa3c7f0000 - 0x00007ffa3cf80000 	C:\Windows\SYSTEM32\windows.storage.dll
0x00007ffa3f2f0000 - 0x00007ffa3f645000 	C:\Windows\System32\combase.dll
0x00007ffa3e070000 - 0x00007ffa3e09c000 	C:\Windows\SYSTEM32\Wldp.dll
0x00007ffa3f240000 - 0x00007ffa3f2ee000 	C:\Windows\System32\SHCORE.dll
0x00007ffa40980000 - 0x00007ffa409d5000 	C:\Windows\System32\shlwapi.dll
0x00007ffa3e630000 - 0x00007ffa3e64f000 	C:\Windows\SYSTEM32\profapi.dll
0x00007ffa34940000 - 0x00007ffa3495a000 	C:\Program Files\Android\Android Studio\jre\bin\net.dll
0x00007ffa38a30000 - 0x00007ffa38b38000 	C:\Windows\SYSTEM32\WINHTTP.dll
0x00007ffa3ddd0000 - 0x00007ffa3de3a000 	C:\Windows\system32\mswsock.dll
0x00007ffa34880000 - 0x00007ffa34894000 	C:\Program Files\Android\Android Studio\jre\bin\nio.dll
0x00007ffa22880000 - 0x00007ffa228a7000 	C:\Users\Vitaly\.gradle\native\e1d6ef7f7dcc3fd88c89a11ec53ec762bb8ba0a96d01ffa2cd45eb1d1d8dd5c5\windows-amd64\native-platform.dll
0x00007ff9f94b0000 - 0x00007ff9f95f4000 	C:\Users\Vitaly\.gradle\native\5664cfc778a61ccfe75a443a1ab52a65af34e5dc3c78e0209fed803814484fcb\windows-amd64\native-platform-file-events.dll
0x00007ffa3a190000 - 0x00007ffa3a19a000 	C:\Program Files\Android\Android Studio\jre\bin\management.dll
0x00007ffa395e0000 - 0x00007ffa395ec000 	C:\Program Files\Android\Android Studio\jre\bin\management_ext.dll
0x00007ffa3dfc0000 - 0x00007ffa3dfd8000 	C:\Windows\SYSTEM32\CRYPTSP.dll
0x00007ffa3d750000 - 0x00007ffa3d784000 	C:\Windows\system32\rsaenh.dll
0x00007ffa3e9b0000 - 0x00007ffa3e9d7000 	C:\Windows\System32\bcrypt.dll
0x00007ffa3e5b0000 - 0x00007ffa3e5de000 	C:\Windows\SYSTEM32\USERENV.dll
0x00007ffa3dfe0000 - 0x00007ffa3dfec000 	C:\Windows\SYSTEM32\CRYPTBASE.dll
0x00007ffa3dac0000 - 0x00007ffa3dafb000 	C:\Windows\SYSTEM32\IPHLPAPI.DLL
0x00007ffa40200000 - 0x00007ffa40208000 	C:\Windows\System32\NSI.dll
0x00007ffa37400000 - 0x00007ffa37417000 	C:\Windows\SYSTEM32\dhcpcsvc6.DLL
0x00007ffa37e40000 - 0x00007ffa37e5d000 	C:\Windows\SYSTEM32\dhcpcsvc.DLL
0x00007ffa3db10000 - 0x00007ffa3dbdc000 	C:\Windows\SYSTEM32\DNSAPI.dll

dbghelp: loaded successfully - version: 4.0.5 - missing functions: none
symbol engine: initialized successfully - sym options: 0x614 - pdb path: .;C:\Program Files\Android\Android Studio\jre\bin;C:\Windows\SYSTEM32;C:\Windows\WinSxS\amd64_microsoft.windows.common-controls_6595b64144ccf1df_6.0.19041.1110_none_60b5254171f9507e;C:\Program Files\Android\Android Studio\jre\bin\server;C:\Users\Vitaly\.gradle\native\e1d6ef7f7dcc3fd88c89a11ec53ec762bb8ba0a96d01ffa2cd45eb1d1d8dd5c5\windows-amd64;C:\Users\Vitaly\.gradle\native\5664cfc778a61ccfe75a443a1ab52a65af34e5dc3c78e0209fed803814484fcb\windows-amd64

VM Arguments:
jvm_args: --add-opens=java.base/java.util=ALL-UNNAMED --add-opens=java.base/java.lang=ALL-UNNAMED --add-opens=java.base/java.lang.invoke=ALL-UNNAMED --add-opens=java.base/java.util=ALL-UNNAMED --add-opens=java.prefs/java.util.prefs=ALL-UNNAMED --add-opens=java.prefs/java.util.prefs=ALL-UNNAMED --add-opens=java.base/java.nio.charset=ALL-UNNAMED --add-opens=java.base/java.net=ALL-UNNAMED --add-opens=java.base/java.util.concurrent.atomic=ALL-UNNAMED -Xmx2048m -Dfile.encoding=UTF-8 -Duser.country=RU -Duser.language=ru -Duser.variant 
java_command: org.gradle.launcher.daemon.bootstrap.GradleDaemon 7.3.3
java_class_path (initial): C:\Users\Vitaly\.gradle\wrapper\dists\gradle-7.3.3-bin\6a41zxkdtcxs8rphpq6y0069z\gradle-7.3.3\lib\gradle-launcher-7.3.3.jar
Launcher Type: SUN_STANDARD

[Global flags]
     intx CICompilerCount                          = 3                                         {product} {ergonomic}
     uint ConcGCThreads                            = 1                                         {product} {ergonomic}
     uint G1ConcRefinementThreads                  = 4                                         {product} {ergonomic}
   size_t G1HeapRegionSize                         = 1048576                                   {product} {ergonomic}
    uintx GCDrainStackTargetSize                   = 64                                        {product} {ergonomic}
   size_t InitialHeapSize                          = 134217728                                 {product} {ergonomic}
   size_t MarkStackSize                            = 4194304                                   {product} {ergonomic}
   size_t MaxHeapSize                              = 2147483648                                {product} {command line}
   size_t MaxNewSize                               = 1287651328                                {product} {ergonomic}
   size_t MinHeapDeltaBytes                        = 1048576                                   {product} {ergonomic}
    uintx NonNMethodCodeHeapSize                   = 5830732                                {pd product} {ergonomic}
    uintx NonProfiledCodeHeapSize                  = 122913754                              {pd product} {ergonomic}
    uintx ProfiledCodeHeapSize                     = 122913754                              {pd product} {ergonomic}
    uintx ReservedCodeCacheSize                    = 251658240                              {pd product} {ergonomic}
     bool SegmentedCodeCache                       = true                                      {product} {ergonomic}
     bool UseCompressedClassPointers               = true                                 {lp64_product} {ergonomic}
     bool UseCompressedOops                        = true                                 {lp64_product} {ergonomic}
     bool UseG1GC                                  = true                                      {product} {ergonomic}
     bool UseLargePagesIndividualAllocation        = false                                  {pd product} {ergonomic}

Logging:
Log output configuration:
 #0: stdout all=warning uptime,level,tags
 #1: stderr all=off uptime,level,tags

Environment Variables:
PATH=C:\Program Files (x86)\Intel\Intel(R) Management Engine Components\iCLS\;C:\Program Files\Intel\Intel(R) Management Engine Components\iCLS\;C:\Windows\system32;C:\Windows;C:\Windows\System32\Wbem;C:\Windows\System32\WindowsPowerShell\v1.0\;c:\Program Files (x86)\Intel\Intel(R) Management Engine Components\DAL;c:\Program Files\Intel\Intel(R) Management Engine Components\DAL;c:\Program Files (x86)\Intel\Intel(R) Management Engine Components\IPT;c:\Program Files\Intel\Intel(R) Management Engine Components\IPT;C:\Program Files\Git\cmd;C:\Users\Vitaly\AppData\Local\Microsoft\WindowsApps;C:\OpenCV2.1\bin
USERNAME=Vitaly
OS=Windows_NT
PROCESSOR_IDENTIFIER=Intel64 Family 6 Model 142 Stepping 9, GenuineIntel



---------------  S Y S T E M  ---------------

OS: Windows 10 , 64 bit Build 19041 (10.0.19041.1202)
OS uptime: 0 days 4:34 hours

CPU:total 4 (initial active 4) (2 cores per cpu, 2 threads per core) family 6 model 142 stepping 9 microcode 0xb4, cmov, cx8, fxsr, mmx, sse, sse2, sse3, ssse3, sse4.1, sse4.2, popcnt, avx, avx2, aes, clmul, erms, 3dnowpref, lzcnt, ht, tsc, tscinvbit, bmi1, bmi2, adx, fma

Memory: 4k page, system-wide physical 8092M (205M free)
TotalPageFile size 8092M (AvailPageFile size 17M)
current process WorkingSet (physical memory assigned to process): 419M, peak: 420M
current process commit charge ("private bytes"): 449M, peak: 486M

vm_info: OpenJDK 64-Bit Server VM (11.0.10+0-b96-7249189) for windows-amd64 JRE (11.0.10+0-b96-7249189), built on Mar 31 2021 21:44:00 by "builder" with MS VC++ 14.0 (VS2015)

END.
