#
# There is insufficient memory for the Java Runtime Environment to continue.
# Native memory allocation (malloc) failed to allocate 974816 bytes for Chunk::new
# Possible reasons:
#   The system is out of physical RAM or swap space
#   The process is running with CompressedOops enabled, and the Java Heap may be blocking the growth of the native heap
# Possible solutions:
#   Reduce memory load on the system
#   Increase physical memory or swap space
#   Check if swap backing store is full
#   Decrease Java heap size (-Xmx/-Xms)
#   Decrease number of Java threads
#   Decrease Java thread stack sizes (-Xss)
#   Set larger code cache with -XX:ReservedCodeCacheSize=
#   JVM is running with Unscaled Compressed Oops mode in which the Java heap is
#     placed in the first 4GB address space. The Java Heap base address is the
#     maximum limit for the native heap growth. Please use -XX:HeapBaseMinAddress
#     to set the Java Heap base and to place the Java Heap above 4GB virtual address.
# This output file may be truncated or incomplete.
#
#  Out of Memory Error (./src/hotspot/share/memory/arena.cpp:197), pid=8180, tid=7440
#
# JRE version: OpenJDK Runtime Environment (11.0.10) (build 11.0.10+0-b96-7249189)
# Java VM: OpenJDK 64-Bit Server VM (11.0.10+0-b96-7249189, mixed mode, tiered, compressed oops, g1 gc, windows-amd64)
# No core dump will be written. Minidumps are not enabled by default on client versions of Windows
#

---------------  S U M M A R Y ------------

Command Line: --add-opens=java.base/java.util=ALL-UNNAMED --add-opens=java.base/java.lang=ALL-UNNAMED --add-opens=java.base/java.lang.invoke=ALL-UNNAMED --add-opens=java.base/java.util=ALL-UNNAMED --add-opens=java.prefs/java.util.prefs=ALL-UNNAMED --add-opens=java.prefs/java.util.prefs=ALL-UNNAMED --add-opens=java.base/java.nio.charset=ALL-UNNAMED --add-opens=java.base/java.net=ALL-UNNAMED --add-opens=java.base/java.util.concurrent.atomic=ALL-UNNAMED -Xmx2048m -Dfile.encoding=UTF-8 -Duser.country=RU -Duser.language=ru -Duser.variant org.gradle.launcher.daemon.bootstrap.GradleDaemon 7.3.3

Host: Intel(R) Core(TM) i5-7200U CPU @ 2.50GHz, 4 cores, 7G,  Windows 10 , 64 bit Build 19041 (10.0.19041.1202)
Time: Mon Feb  7 15:38:52 2022 Финляндия (зима) elapsed time: 3.692942 seconds (0d 0h 0m 3s)

---------------  T H R E A D  ---------------

Current thread (0x000001ce9a152800):  JavaThread "C2 CompilerThread0" daemon [_thread_in_native, id=7440, stack(0x000000a575f00000,0x000000a576000000)]


Current CompileTask:
C2:   3692 2168   !   4       java.net.URLClassLoader$1::run (63 bytes)

Stack: [0x000000a575f00000,0x000000a576000000]
Native frames: (J=compiled Java code, j=interpreted, Vv=VM code, C=native code)
V  [jvm.dll+0x5ecfaa]
V  [jvm.dll+0x722bd5]
V  [jvm.dll+0x72412d]
V  [jvm.dll+0x7247e3]
V  [jvm.dll+0x242928]
V  [jvm.dll+0xbc4fc]
V  [jvm.dll+0xbca0c]
V  [jvm.dll+0x2b4fd4]
V  [jvm.dll+0x506028]
V  [jvm.dll+0x203253]
V  [jvm.dll+0x1fd07c]
V  [jvm.dll+0x1fa77f]
V  [jvm.dll+0x18354c]
V  [jvm.dll+0x208ee7]
V  [jvm.dll+0x207731]
V  [jvm.dll+0x6eb1cf]
V  [jvm.dll+0x6e3d45]
V  [jvm.dll+0x5ebe96]
C  [ucrtbase.dll+0x21bb2]
C  [KERNEL32.DLL+0x17034]
C  [ntdll.dll+0x52651]


---------------  P R O C E S S  ---------------

Threads class SMR info:
_java_thread_list=0x000001ce9d4c46f0, length=24, elements={
0x000001ceffd2b000, 0x000001ce9a12e800, 0x000001ce9a130000, 0x000001ce9a14b000,
0x000001ce9a14d800, 0x000001ce9a14f000, 0x000001ce9a152800, 0x000001ce9a157000,
0x000001ce9a15d000, 0x000001ce9ac1d800, 0x000001ce9cf12800, 0x000001ce9d5c5000,
0x000001ce9c2df800, 0x000001ce9ca80800, 0x000001ce9bec9800, 0x000001ce9beca800,
0x000001ce9df27000, 0x000001ce9da1c800, 0x000001ce9dc8c800, 0x000001ce9cb3b800,
0x000001ce9cb39000, 0x000001ce9cb3a000, 0x000001ce9cb3a800, 0x000001ce9d039000
}

Java Threads: ( => current thread )
  0x000001ceffd2b000 JavaThread "main" [_thread_blocked, id=1284, stack(0x000000a575300000,0x000000a575400000)]
  0x000001ce9a12e800 JavaThread "Reference Handler" daemon [_thread_blocked, id=7208, stack(0x000000a575a00000,0x000000a575b00000)]
  0x000001ce9a130000 JavaThread "Finalizer" daemon [_thread_blocked, id=3060, stack(0x000000a575b00000,0x000000a575c00000)]
  0x000001ce9a14b000 JavaThread "Signal Dispatcher" daemon [_thread_blocked, id=2548, stack(0x000000a575c00000,0x000000a575d00000)]
  0x000001ce9a14d800 JavaThread "Attach Listener" daemon [_thread_blocked, id=6588, stack(0x000000a575d00000,0x000000a575e00000)]
  0x000001ce9a14f000 JavaThread "Service Thread" daemon [_thread_blocked, id=2804, stack(0x000000a575e00000,0x000000a575f00000)]
=>0x000001ce9a152800 JavaThread "C2 CompilerThread0" daemon [_thread_in_native, id=7440, stack(0x000000a575f00000,0x000000a576000000)]
  0x000001ce9a157000 JavaThread "C1 CompilerThread0" daemon [_thread_blocked, id=6004, stack(0x000000a576000000,0x000000a576100000)]
  0x000001ce9a15d000 JavaThread "Sweeper thread" daemon [_thread_blocked, id=7788, stack(0x000000a576100000,0x000000a576200000)]
  0x000001ce9ac1d800 JavaThread "Common-Cleaner" daemon [_thread_blocked, id=7324, stack(0x000000a576200000,0x000000a576300000)]
  0x000001ce9cf12800 JavaThread "Daemon health stats" [_thread_blocked, id=7384, stack(0x000000a576700000,0x000000a576800000)]
  0x000001ce9d5c5000 JavaThread "Incoming local TCP Connector on port 55408" [_thread_in_native, id=7508, stack(0x000000a576800000,0x000000a576900000)]
  0x000001ce9c2df800 JavaThread "Daemon periodic checks" [_thread_blocked, id=3464, stack(0x000000a576900000,0x000000a576a00000)]
  0x000001ce9ca80800 JavaThread "Daemon" [_thread_blocked, id=4688, stack(0x000000a576a00000,0x000000a576b00000)]
  0x000001ce9bec9800 JavaThread "Handler for socket connection from /127.0.0.1:55408 to /127.0.0.1:55409" [_thread_in_native, id=4492, stack(0x000000a576b00000,0x000000a576c00000)]
  0x000001ce9beca800 JavaThread "Cancel handler" [_thread_blocked, id=7784, stack(0x000000a576c00000,0x000000a576d00000)]
  0x000001ce9df27000 JavaThread "Daemon worker" [_thread_blocked, id=2688, stack(0x000000a576d00000,0x000000a576e00000)]
  0x000001ce9da1c800 JavaThread "Asynchronous log dispatcher for DefaultDaemonConnection: socket connection from /127.0.0.1:55408 to /127.0.0.1:55409" [_thread_blocked, id=7700, stack(0x000000a576e00000,0x000000a576f00000)]
  0x000001ce9dc8c800 JavaThread "Stdin handler" [_thread_blocked, id=7916, stack(0x000000a576f00000,0x000000a577000000)]
  0x000001ce9cb3b800 JavaThread "Daemon client event forwarder" [_thread_blocked, id=3648, stack(0x000000a577000000,0x000000a577100000)]
  0x000001ce9cb39000 JavaThread "Cache worker for journal cache (C:\Users\Vitaly\.gradle\caches\journal-1)" [_thread_blocked, id=7476, stack(0x000000a577200000,0x000000a577300000)]
  0x000001ce9cb3a000 JavaThread "File lock request listener" [_thread_in_native, id=6668, stack(0x000000a577300000,0x000000a577400000)]
  0x000001ce9cb3a800 JavaThread "Cache worker for file hash cache (C:\Users\Vitaly\.gradle\caches\7.3.3\fileHashes)" [_thread_blocked, id=1952, stack(0x000000a577400000,0x000000a577500000)]
  0x000001ce9d039000 JavaThread "Cache worker for file hash cache (D:\android dev\Retrofit\.gradle\7.3.3\fileHashes)" [_thread_blocked, id=4988, stack(0x000000a576400000,0x000000a576500000)]

Other Threads:
  0x000001ce9a127800 VMThread "VM Thread" [stack: 0x000000a575900000,0x000000a575a00000] [id=3396]
  0x000001ce9ac2e800 WatcherThread [stack: 0x000000a576300000,0x000000a576400000] [id=7416]
  0x000001ceffd44800 GCTaskThread "GC Thread#0" [stack: 0x000000a575400000,0x000000a575500000] [id=3064]
  0x000001ce9b173000 GCTaskThread "GC Thread#1" [stack: 0x000000a576500000,0x000000a576600000] [id=6664]
  0x000001ce9b2b8000 GCTaskThread "GC Thread#2" [stack: 0x000000a576600000,0x000000a576700000] [id=8144]
  0x000001ce9d28e800 GCTaskThread "GC Thread#3" [stack: 0x000000a577100000,0x000000a577200000] [id=8092]
  0x000001ceffd74000 ConcurrentGCThread "G1 Main Marker" [stack: 0x000000a575500000,0x000000a575600000] [id=5496]
  0x000001ceffd75800 ConcurrentGCThread "G1 Conc#0" [stack: 0x000000a575600000,0x000000a575700000] [id=6452]
  0x000001ceffe07000 ConcurrentGCThread "G1 Refine#0" [stack: 0x000000a575700000,0x000000a575800000] [id=4768]
  0x000001ceffe08000 ConcurrentGCThread "G1 Young RemSet Sampling" [stack: 0x000000a575800000,0x000000a575900000] [id=6948]

Threads with active compile tasks:
C2 CompilerThread0   3793 2168   !   4       java.net.URLClassLoader$1::run (63 bytes)

VM state:at safepoint (normal execution)

VM Mutex/Monitor currently owned by a thread:  ([mutex/lock_event])
[0x000001ceffd27760] Threads_lock - owner thread: 0x000001ce9a127800
[0x000001ceffd27910] Heap_lock - owner thread: 0x000001ce9df27000

Heap address: 0x0000000080000000, size: 2048 MB, Compressed Oops mode: 32-bit
Narrow klass base: 0x0000000000000000, Narrow klass shift: 3
Compressed class space size: 1073741824 Address: 0x0000000100000000

Heap:
 garbage-first heap   total 157696K, used 19168K [0x0000000080000000, 0x0000000100000000)
  region size 1024K, 6 young (6144K), 6 survivors (6144K)
 Metaspace       used 26064K, capacity 26698K, committed 27008K, reserved 1073152K
  class space    used 3371K, capacity 3602K, committed 3712K, reserved 1048576K
Heap Regions: E=young(eden), S=young(survivor), O=old, HS=humongous(starts), HC=humongous(continues), CS=collection set, F=free, A=archive, TAMS=top-at-mark-start (previous, next)
|   0|0x0000000080000000, 0x0000000080100000, 0x0000000080100000|100%| O|  |TAMS 0x0000000080100000, 0x0000000080000000| Untracked 
|   1|0x0000000080100000, 0x0000000080200000, 0x0000000080200000|100%| O|  |TAMS 0x0000000080200000, 0x0000000080100000| Untracked 
|   2|0x0000000080200000, 0x0000000080300000, 0x0000000080300000|100%| O|  |TAMS 0x0000000080300000, 0x0000000080200000| Untracked 
|   3|0x0000000080300000, 0x0000000080400000, 0x0000000080400000|100%|HS|  |TAMS 0x0000000080400000, 0x0000000080300000| Complete 
|   4|0x0000000080400000, 0x0000000080500000, 0x0000000080500000|100%|HC|  |TAMS 0x0000000080500000, 0x0000000080400000| Complete 
|   5|0x0000000080500000, 0x0000000080600000, 0x0000000080600000|100%|HC|  |TAMS 0x0000000080600000, 0x0000000080500000| Complete 
|   6|0x0000000080600000, 0x0000000080700000, 0x0000000080700000|100%| O|  |TAMS 0x0000000080700000, 0x0000000080600000| Untracked 
|   7|0x0000000080700000, 0x0000000080800000, 0x0000000080800000|100%| O|  |TAMS 0x0000000080800000, 0x0000000080700000| Untracked 
|   8|0x0000000080800000, 0x0000000080900000, 0x0000000080900000|100%| O|  |TAMS 0x0000000080900000, 0x0000000080800000| Untracked 
|   9|0x0000000080900000, 0x0000000080a00000, 0x0000000080a00000|100%| O|  |TAMS 0x0000000080a00000, 0x0000000080900000| Untracked 
|  10|0x0000000080a00000, 0x0000000080b00000, 0x0000000080b00000|100%| O|  |TAMS 0x0000000080b00000, 0x0000000080a00000| Untracked 
|  11|0x0000000080b00000, 0x0000000080c00000, 0x0000000080c00000|100%| O|  |TAMS 0x0000000080c00000, 0x0000000080b00000| Untracked 
|  12|0x0000000080c00000, 0x0000000080d00000, 0x0000000080d00000|100%| O|  |TAMS 0x0000000080d00000, 0x0000000080c00000| Untracked 
|  13|0x0000000080d00000, 0x0000000080d92800, 0x0000000080e00000| 57%| O|  |TAMS 0x0000000080d92800, 0x0000000080d00000| Untracked 
|  14|0x0000000080e00000, 0x0000000080e00000, 0x0000000080f00000|  0%| F|  |TAMS 0x0000000080e00000, 0x0000000080e00000| Untracked 
|  15|0x0000000080f00000, 0x0000000080f00000, 0x0000000081000000|  0%| F|  |TAMS 0x0000000080f00000, 0x0000000080f00000| Untracked 
|  16|0x0000000081000000, 0x0000000081000000, 0x0000000081100000|  0%| F|  |TAMS 0x0000000081000000, 0x0000000081000000| Untracked 
|  17|0x0000000081100000, 0x0000000081100000, 0x0000000081200000|  0%| F|  |TAMS 0x0000000081100000, 0x0000000081100000| Untracked 
|  18|0x0000000081200000, 0x0000000081200000, 0x0000000081300000|  0%| F|  |TAMS 0x0000000081200000, 0x0000000081200000| Untracked 
|  19|0x0000000081300000, 0x0000000081300000, 0x0000000081400000|  0%| F|  |TAMS 0x0000000081300000, 0x0000000081300000| Untracked 
|  20|0x0000000081400000, 0x0000000081400000, 0x0000000081500000|  0%| F|  |TAMS 0x0000000081400000, 0x0000000081400000| Untracked 
|  21|0x0000000081500000, 0x0000000081500000, 0x0000000081600000|  0%| F|  |TAMS 0x0000000081500000, 0x0000000081500000| Untracked 
|  22|0x0000000081600000, 0x0000000081600000, 0x0000000081700000|  0%| F|  |TAMS 0x0000000081600000, 0x0000000081600000| Untracked 
|  23|0x0000000081700000, 0x0000000081700000, 0x0000000081800000|  0%| F|  |TAMS 0x0000000081700000, 0x0000000081700000| Untracked 
|  24|0x0000000081800000, 0x0000000081800000, 0x0000000081900000|  0%| F|  |TAMS 0x0000000081800000, 0x0000000081800000| Untracked 
|  25|0x0000000081900000, 0x0000000081900000, 0x0000000081a00000|  0%| F|  |TAMS 0x0000000081900000, 0x0000000081900000| Untracked 
|  26|0x0000000081a00000, 0x0000000081a00000, 0x0000000081b00000|  0%| F|  |TAMS 0x0000000081a00000, 0x0000000081a00000| Untracked 
|  27|0x0000000081b00000, 0x0000000081b00000, 0x0000000081c00000|  0%| F|  |TAMS 0x0000000081b00000, 0x0000000081b00000| Untracked 
|  28|0x0000000081c00000, 0x0000000081c00000, 0x0000000081d00000|  0%| F|  |TAMS 0x0000000081c00000, 0x0000000081c00000| Untracked 
|  29|0x0000000081d00000, 0x0000000081d00000, 0x0000000081e00000|  0%| F|  |TAMS 0x0000000081d00000, 0x0000000081d00000| Untracked 
|  30|0x0000000081e00000, 0x0000000081e00000, 0x0000000081f00000|  0%| F|  |TAMS 0x0000000081e00000, 0x0000000081e00000| Untracked 
|  31|0x0000000081f00000, 0x0000000081f00000, 0x0000000082000000|  0%| F|  |TAMS 0x0000000081f00000, 0x0000000081f00000| Untracked 
|  32|0x0000000082000000, 0x0000000082000000, 0x0000000082100000|  0%| F|  |TAMS 0x0000000082000000, 0x0000000082000000| Untracked 
|  33|0x0000000082100000, 0x0000000082100000, 0x0000000082200000|  0%| F|  |TAMS 0x0000000082100000, 0x0000000082100000| Untracked 
|  34|0x0000000082200000, 0x0000000082200000, 0x0000000082300000|  0%| F|  |TAMS 0x0000000082200000, 0x0000000082200000| Untracked 
|  35|0x0000000082300000, 0x0000000082300000, 0x0000000082400000|  0%| F|  |TAMS 0x0000000082300000, 0x0000000082300000| Untracked 
|  36|0x0000000082400000, 0x0000000082400000, 0x0000000082500000|  0%| F|  |TAMS 0x0000000082400000, 0x0000000082400000| Untracked 
|  37|0x0000000082500000, 0x0000000082500000, 0x0000000082600000|  0%| F|  |TAMS 0x0000000082500000, 0x0000000082500000| Untracked 
|  38|0x0000000082600000, 0x0000000082600000, 0x0000000082700000|  0%| F|  |TAMS 0x0000000082600000, 0x0000000082600000| Untracked 
|  39|0x0000000082700000, 0x0000000082700000, 0x0000000082800000|  0%| F|  |TAMS 0x0000000082700000, 0x0000000082700000| Untracked 
|  40|0x0000000082800000, 0x0000000082800000, 0x0000000082900000|  0%| F|  |TAMS 0x0000000082800000, 0x0000000082800000| Untracked 
|  41|0x0000000082900000, 0x0000000082900000, 0x0000000082a00000|  0%| F|  |TAMS 0x0000000082900000, 0x0000000082900000| Untracked 
|  42|0x0000000082a00000, 0x0000000082a00000, 0x0000000082b00000|  0%| F|  |TAMS 0x0000000082a00000, 0x0000000082a00000| Untracked 
|  43|0x0000000082b00000, 0x0000000082b00000, 0x0000000082c00000|  0%| F|  |TAMS 0x0000000082b00000, 0x0000000082b00000| Untracked 
|  44|0x0000000082c00000, 0x0000000082c00000, 0x0000000082d00000|  0%| F|  |TAMS 0x0000000082c00000, 0x0000000082c00000| Untracked 
|  45|0x0000000082d00000, 0x0000000082d00000, 0x0000000082e00000|  0%| F|  |TAMS 0x0000000082d00000, 0x0000000082d00000| Untracked 
|  46|0x0000000082e00000, 0x0000000082e00000, 0x0000000082f00000|  0%| F|  |TAMS 0x0000000082e00000, 0x0000000082e00000| Untracked 
|  47|0x0000000082f00000, 0x0000000082f00000, 0x0000000083000000|  0%| F|  |TAMS 0x0000000082f00000, 0x0000000082f00000| Untracked 
|  48|0x0000000083000000, 0x0000000083000000, 0x0000000083100000|  0%| F|  |TAMS 0x0000000083000000, 0x0000000083000000| Untracked 
|  49|0x0000000083100000, 0x0000000083100000, 0x0000000083200000|  0%| F|  |TAMS 0x0000000083100000, 0x0000000083100000| Untracked 
|  50|0x0000000083200000, 0x0000000083200000, 0x0000000083300000|  0%| F|  |TAMS 0x0000000083200000, 0x0000000083200000| Untracked 
|  51|0x0000000083300000, 0x0000000083300000, 0x0000000083400000|  0%| F|  |TAMS 0x0000000083300000, 0x0000000083300000| Untracked 
|  52|0x0000000083400000, 0x0000000083400000, 0x0000000083500000|  0%| F|  |TAMS 0x0000000083400000, 0x0000000083400000| Untracked 
|  53|0x0000000083500000, 0x0000000083500000, 0x0000000083600000|  0%| F|  |TAMS 0x0000000083500000, 0x0000000083500000| Untracked 
|  54|0x0000000083600000, 0x0000000083600000, 0x0000000083700000|  0%| F|  |TAMS 0x0000000083600000, 0x0000000083600000| Untracked 
|  55|0x0000000083700000, 0x0000000083700000, 0x0000000083800000|  0%| F|  |TAMS 0x0000000083700000, 0x0000000083700000| Untracked 
|  56|0x0000000083800000, 0x0000000083800000, 0x0000000083900000|  0%| F|  |TAMS 0x0000000083800000, 0x0000000083800000| Untracked 
|  57|0x0000000083900000, 0x0000000083900000, 0x0000000083a00000|  0%| F|  |TAMS 0x0000000083900000, 0x0000000083900000| Untracked 
|  58|0x0000000083a00000, 0x0000000083a00000, 0x0000000083b00000|  0%| F|  |TAMS 0x0000000083a00000, 0x0000000083a00000| Untracked 
|  59|0x0000000083b00000, 0x0000000083b00000, 0x0000000083c00000|  0%| F|  |TAMS 0x0000000083b00000, 0x0000000083b00000| Untracked 
|  60|0x0000000083c00000, 0x0000000083c00000, 0x0000000083d00000|  0%| F|  |TAMS 0x0000000083c00000, 0x0000000083c00000| Untracked 
|  61|0x0000000083d00000, 0x0000000083d00000, 0x0000000083e00000|  0%| F|  |TAMS 0x0000000083d00000, 0x0000000083d00000| Untracked 
|  62|0x0000000083e00000, 0x0000000083e00000, 0x0000000083f00000|  0%| F|  |TAMS 0x0000000083e00000, 0x0000000083e00000| Untracked 
|  63|0x0000000083f00000, 0x0000000083f00000, 0x0000000084000000|  0%| F|  |TAMS 0x0000000083f00000, 0x0000000083f00000| Untracked 
|  64|0x0000000084000000, 0x0000000084000000, 0x0000000084100000|  0%| F|  |TAMS 0x0000000084000000, 0x0000000084000000| Untracked 
|  65|0x0000000084100000, 0x0000000084100000, 0x0000000084200000|  0%| F|  |TAMS 0x0000000084100000, 0x0000000084100000| Untracked 
|  66|0x0000000084200000, 0x0000000084200000, 0x0000000084300000|  0%| F|  |TAMS 0x0000000084200000, 0x0000000084200000| Untracked 
|  67|0x0000000084300000, 0x0000000084300000, 0x0000000084400000|  0%| F|  |TAMS 0x0000000084300000, 0x0000000084300000| Untracked 
|  68|0x0000000084400000, 0x0000000084425850, 0x0000000084500000| 14%| S|CS|TAMS 0x0000000084400000, 0x0000000084400000| Complete 
|  69|0x0000000084500000, 0x0000000084600000, 0x0000000084600000|100%| S|CS|TAMS 0x0000000084500000, 0x0000000084500000| Complete 
|  70|0x0000000084600000, 0x0000000084700000, 0x0000000084700000|100%| S|CS|TAMS 0x0000000084600000, 0x0000000084600000| Complete 
|  71|0x0000000084700000, 0x0000000084800000, 0x0000000084800000|100%| S|CS|TAMS 0x0000000084700000, 0x0000000084700000| Complete 
|  72|0x0000000084800000, 0x0000000084900000, 0x0000000084900000|100%| S|CS|TAMS 0x0000000084800000, 0x0000000084800000| Complete 
|  73|0x0000000084900000, 0x0000000084a00000, 0x0000000084a00000|100%| S|CS|TAMS 0x0000000084900000, 0x0000000084900000| Complete 
|  74|0x0000000084a00000, 0x0000000084a00000, 0x0000000084b00000|  0%| F|  |TAMS 0x0000000084a00000, 0x0000000084a00000| Untracked 
|  75|0x0000000084b00000, 0x0000000084b00000, 0x0000000084c00000|  0%| F|  |TAMS 0x0000000084b00000, 0x0000000084b00000| Untracked 
|  76|0x0000000084c00000, 0x0000000084c00000, 0x0000000084d00000|  0%| F|  |TAMS 0x0000000084c00000, 0x0000000084c00000| Untracked 
|  77|0x0000000084d00000, 0x0000000084d00000, 0x0000000084e00000|  0%| F|  |TAMS 0x0000000084d00000, 0x0000000084d00000| Untracked 
|  78|0x0000000084e00000, 0x0000000084e00000, 0x0000000084f00000|  0%| F|  |TAMS 0x0000000084e00000, 0x0000000084e00000| Untracked 
|  79|0x0000000084f00000, 0x0000000084f00000, 0x0000000085000000|  0%| F|  |TAMS 0x0000000084f00000, 0x0000000084f00000| Untracked 
|  80|0x0000000085000000, 0x0000000085000000, 0x0000000085100000|  0%| F|  |TAMS 0x0000000085000000, 0x0000000085000000| Untracked 
|  81|0x0000000085100000, 0x0000000085100000, 0x0000000085200000|  0%| F|  |TAMS 0x0000000085100000, 0x0000000085100000| Untracked 
|  82|0x0000000085200000, 0x0000000085200000, 0x0000000085300000|  0%| F|  |TAMS 0x0000000085200000, 0x0000000085200000| Untracked 
|  83|0x0000000085300000, 0x0000000085300000, 0x0000000085400000|  0%| F|  |TAMS 0x0000000085300000, 0x0000000085300000| Untracked 
|  84|0x0000000085400000, 0x0000000085400000, 0x0000000085500000|  0%| F|  |TAMS 0x0000000085400000, 0x0000000085400000| Untracked 
|  85|0x0000000085500000, 0x0000000085500000, 0x0000000085600000|  0%| F|  |TAMS 0x0000000085500000, 0x0000000085500000| Untracked 
|  86|0x0000000085600000, 0x0000000085600000, 0x0000000085700000|  0%| F|  |TAMS 0x0000000085600000, 0x0000000085600000| Untracked 
|  87|0x0000000085700000, 0x0000000085700000, 0x0000000085800000|  0%| F|  |TAMS 0x0000000085700000, 0x0000000085700000| Untracked 
|  88|0x0000000085800000, 0x0000000085800000, 0x0000000085900000|  0%| F|  |TAMS 0x0000000085800000, 0x0000000085800000| Untracked 
|  89|0x0000000085900000, 0x0000000085900000, 0x0000000085a00000|  0%| F|  |TAMS 0x0000000085900000, 0x0000000085900000| Untracked 
|  90|0x0000000085a00000, 0x0000000085a00000, 0x0000000085b00000|  0%| F|  |TAMS 0x0000000085a00000, 0x0000000085a00000| Untracked 
|  91|0x0000000085b00000, 0x0000000085b00000, 0x0000000085c00000|  0%| F|  |TAMS 0x0000000085b00000, 0x0000000085b00000| Untracked 
|  92|0x0000000085c00000, 0x0000000085c00000, 0x0000000085d00000|  0%| F|  |TAMS 0x0000000085c00000, 0x0000000085c00000| Untracked 
|  93|0x0000000085d00000, 0x0000000085d00000, 0x0000000085e00000|  0%| F|  |TAMS 0x0000000085d00000, 0x0000000085d00000| Untracked 
|  94|0x0000000085e00000, 0x0000000085e00000, 0x0000000085f00000|  0%| F|  |TAMS 0x0000000085e00000, 0x0000000085e00000| Untracked 
|  95|0x0000000085f00000, 0x0000000085f00000, 0x0000000086000000|  0%| F|  |TAMS 0x0000000085f00000, 0x0000000085f00000| Untracked 
|  96|0x0000000086000000, 0x0000000086000000, 0x0000000086100000|  0%| F|  |TAMS 0x0000000086000000, 0x0000000086000000| Untracked 
|  97|0x0000000086100000, 0x0000000086100000, 0x0000000086200000|  0%| F|  |TAMS 0x0000000086100000, 0x0000000086100000| Untracked 
|  98|0x0000000086200000, 0x0000000086200000, 0x0000000086300000|  0%| F|  |TAMS 0x0000000086200000, 0x0000000086200000| Untracked 
|  99|0x0000000086300000, 0x0000000086300000, 0x0000000086400000|  0%| F|  |TAMS 0x0000000086300000, 0x0000000086300000| Untracked 
| 100|0x0000000086400000, 0x0000000086400000, 0x0000000086500000|  0%| F|  |TAMS 0x0000000086400000, 0x0000000086400000| Untracked 
| 101|0x0000000086500000, 0x0000000086500000, 0x0000000086600000|  0%| F|  |TAMS 0x0000000086500000, 0x0000000086500000| Untracked 
| 102|0x0000000086600000, 0x0000000086600000, 0x0000000086700000|  0%| F|  |TAMS 0x0000000086600000, 0x0000000086600000| Untracked 
| 103|0x0000000086700000, 0x0000000086700000, 0x0000000086800000|  0%| F|  |TAMS 0x0000000086700000, 0x0000000086700000| Untracked 
| 104|0x0000000086800000, 0x0000000086800000, 0x0000000086900000|  0%| F|  |TAMS 0x0000000086800000, 0x0000000086800000| Untracked 
| 105|0x0000000086900000, 0x0000000086900000, 0x0000000086a00000|  0%| F|  |TAMS 0x0000000086900000, 0x0000000086900000| Untracked 
| 106|0x0000000086a00000, 0x0000000086a00000, 0x0000000086b00000|  0%| F|  |TAMS 0x0000000086a00000, 0x0000000086a00000| Untracked 
| 107|0x0000000086b00000, 0x0000000086b00000, 0x0000000086c00000|  0%| F|  |TAMS 0x0000000086b00000, 0x0000000086b00000| Untracked 
| 108|0x0000000086c00000, 0x0000000086c00000, 0x0000000086d00000|  0%| F|  |TAMS 0x0000000086c00000, 0x0000000086c00000| Untracked 
| 109|0x0000000086d00000, 0x0000000086d00000, 0x0000000086e00000|  0%| F|  |TAMS 0x0000000086d00000, 0x0000000086d00000| Untracked 
| 110|0x0000000086e00000, 0x0000000086e00000, 0x0000000086f00000|  0%| F|  |TAMS 0x0000000086e00000, 0x0000000086e00000| Untracked 
| 111|0x0000000086f00000, 0x0000000086f00000, 0x0000000087000000|  0%| F|  |TAMS 0x0000000086f00000, 0x0000000086f00000| Untracked 
| 112|0x0000000087000000, 0x0000000087000000, 0x0000000087100000|  0%| F|  |TAMS 0x0000000087000000, 0x0000000087000000| Untracked 
| 113|0x0000000087100000, 0x0000000087100000, 0x0000000087200000|  0%| F|  |TAMS 0x0000000087100000, 0x0000000087100000| Untracked 
| 114|0x0000000087200000, 0x0000000087200000, 0x0000000087300000|  0%| F|  |TAMS 0x0000000087200000, 0x0000000087200000| Untracked 
| 115|0x0000000087300000, 0x0000000087300000, 0x0000000087400000|  0%| F|  |TAMS 0x0000000087300000, 0x0000000087300000| Untracked 
| 116|0x0000000087400000, 0x0000000087400000, 0x0000000087500000|  0%| F|  |TAMS 0x0000000087400000, 0x0000000087400000| Untracked 
| 117|0x0000000087500000, 0x0000000087500000, 0x0000000087600000|  0%| F|  |TAMS 0x0000000087500000, 0x0000000087500000| Untracked 
| 118|0x0000000087600000, 0x0000000087600000, 0x0000000087700000|  0%| F|  |TAMS 0x0000000087600000, 0x0000000087600000| Untracked 
| 119|0x0000000087700000, 0x0000000087700000, 0x0000000087800000|  0%| F|  |TAMS 0x0000000087700000, 0x0000000087700000| Untracked 
| 120|0x0000000087800000, 0x0000000087800000, 0x0000000087900000|  0%| F|  |TAMS 0x0000000087800000, 0x0000000087800000| Untracked 
| 121|0x0000000087900000, 0x0000000087900000, 0x0000000087a00000|  0%| F|  |TAMS 0x0000000087900000, 0x0000000087900000| Untracked 
| 122|0x0000000087a00000, 0x0000000087a00000, 0x0000000087b00000|  0%| F|  |TAMS 0x0000000087a00000, 0x0000000087a00000| Untracked 
| 123|0x0000000087b00000, 0x0000000087b00000, 0x0000000087c00000|  0%| F|  |TAMS 0x0000000087b00000, 0x0000000087b00000| Untracked 
| 124|0x0000000087c00000, 0x0000000087c00000, 0x0000000087d00000|  0%| F|  |TAMS 0x0000000087c00000, 0x0000000087c00000| Untracked 
| 125|0x0000000087d00000, 0x0000000087d00000, 0x0000000087e00000|  0%| F|  |TAMS 0x0000000087d00000, 0x0000000087d00000| Untracked 
| 126|0x0000000087e00000, 0x0000000087e00000, 0x0000000087f00000|  0%| F|  |TAMS 0x0000000087e00000, 0x0000000087e00000| Untracked 
| 127|0x0000000087f00000, 0x0000000087f00000, 0x0000000088000000|  0%| F|  |TAMS 0x0000000087f00000, 0x0000000087f00000| Untracked 

Card table byte_map: [0x000001ce93340000,0x000001ce93740000] _byte_map_base: 0x000001ce92f40000

Marking Bits (Prev, Next): (CMBitMap*) 0x000001ceffd6b400, (CMBitMap*) 0x000001ceffd6b3c8
 Prev Bits: [0x000001ce95b40000, 0x000001ce97b40000)
 Next Bits: [0x000001ce93b40000, 0x000001ce95b40000)

Polling page: 0x000001ceffe10000

Metaspace:

Usage:
  Non-class:     22.55 MB capacity,    22.16 MB ( 98%) used,   355.96 KB (  2%) free+waste,    47.19 KB ( <1%) overhead. 
      Class:      3.52 MB capacity,     3.29 MB ( 94%) used,   206.82 KB (  6%) free+waste,    23.50 KB ( <1%) overhead. 
       Both:     26.07 MB capacity,    25.45 MB ( 98%) used,   562.78 KB (  2%) free+waste,    70.69 KB ( <1%) overhead. 

Virtual space:
  Non-class space:       24.00 MB reserved,      22.75 MB ( 95%) committed 
      Class space:        1.00 GB reserved,       3.63 MB ( <1%) committed 
             Both:        1.02 GB reserved,      26.38 MB (  3%) committed 

Chunk freelists:
   Non-Class:  8.00 KB
       Class:  14.00 KB
        Both:  22.00 KB

MaxMetaspaceSize: 17179869184.00 GB
CompressedClassSpaceSize: 1.00 GB

CodeHeap 'non-profiled nmethods': size=120064Kb used=1085Kb max_used=1085Kb free=118978Kb
 bounds [0x000001ce8b4d0000, 0x000001ce8b740000, 0x000001ce92a10000]
CodeHeap 'profiled nmethods': size=120000Kb used=4784Kb max_used=4784Kb free=115215Kb
 bounds [0x000001ce83fa0000, 0x000001ce84450000, 0x000001ce8b4d0000]
CodeHeap 'non-nmethods': size=5696Kb used=1153Kb max_used=1182Kb free=4542Kb
 bounds [0x000001ce83a10000, 0x000001ce83c80000, 0x000001ce83fa0000]
 total_blobs=2758 nmethods=2257 adapters=412
 compilation: enabled
              stopped_count=0, restarted_count=0
 full_count=0

Compilation events (20 events):
Event: 3.670 Thread 0x000001ce9a157000 2230       3       com.google.common.base.Splitter$1::iterator (11 bytes)
Event: 3.670 Thread 0x000001ce9a157000 nmethod 2230 0x000001ce84436110 code [0x000001ce844362e0, 0x000001ce84436548]
Event: 3.670 Thread 0x000001ce9a157000 2232       3       com.google.common.base.Splitter$1$1::<init> (12 bytes)
Event: 3.670 Thread 0x000001ce9a157000 nmethod 2232 0x000001ce84436690 code [0x000001ce84436840, 0x000001ce844369c8]
Event: 3.670 Thread 0x000001ce9a157000 2233       3       com.google.common.base.Splitter$SplittingIterator::<init> (39 bytes)
Event: 3.670 Thread 0x000001ce9a157000 nmethod 2233 0x000001ce84436a90 code [0x000001ce84436c60, 0x000001ce84436f98]
Event: 3.670 Thread 0x000001ce9a157000 2234       3       com.google.common.base.AbstractIterator::<init> (12 bytes)
Event: 3.670 Thread 0x000001ce9a157000 nmethod 2234 0x000001ce84437090 code [0x000001ce84437240, 0x000001ce844373f8]
Event: 3.670 Thread 0x000001ce9a157000 2242       1       com.google.common.collect.ImmutableMapEntry$NonTerminalImmutableMapEntry::getNextInKeyBucket (5 bytes)
Event: 3.671 Thread 0x000001ce9a157000 nmethod 2242 0x000001ce8b5def90 code [0x000001ce8b5df140, 0x000001ce8b5df1f8]
Event: 3.678 Thread 0x000001ce9a157000 2243       3       sun.reflect.annotation.AnnotationInvocationHandler::invoke (178 bytes)
Event: 3.680 Thread 0x000001ce9a157000 nmethod 2243 0x000001ce84437490 code [0x000001ce844377a0, 0x000001ce84438808]
Event: 3.682 Thread 0x000001ce9a157000 2244   !   3       org.gradle.internal.event.DefaultListenerManager$EventBroadcast::maybeAdd (103 bytes)
Event: 3.683 Thread 0x000001ce9a157000 nmethod 2244 0x000001ce84438d90 code [0x000001ce84439020, 0x000001ce84439a88]
Event: 3.683 Thread 0x000001ce9a157000 2247   !   3       java.util.concurrent.ConcurrentHashMap::replaceNode (437 bytes)
Event: 3.685 Thread 0x000001ce9a157000 nmethod 2247 0x000001ce84439f90 code [0x000001ce8443a340, 0x000001ce8443c3f8]
Event: 3.685 Thread 0x000001ce9a157000 2246       3       java.lang.reflect.ProxyGenerator::code_ipush (90 bytes)
Event: 3.686 Thread 0x000001ce9a157000 nmethod 2246 0x000001ce8443d290 code [0x000001ce8443d540, 0x000001ce8443e308]
Event: 3.686 Thread 0x000001ce9a157000 2245       3       java.io.FilterOutputStream::<init> (21 bytes)
Event: 3.687 Thread 0x000001ce9a157000 nmethod 2245 0x000001ce8443e710 code [0x000001ce8443e8e0, 0x000001ce8443ec18]

GC Heap History (8 events):
Event: 0.551 GC heap before
{Heap before GC invocations=0 (full 0):
 garbage-first heap   total 131072K, used 20480K [0x0000000080000000, 0x0000000100000000)
  region size 1024K, 14 young (14336K), 0 survivors (0K)
 Metaspace       used 6748K, capacity 6929K, committed 7168K, reserved 1056768K
  class space    used 584K, capacity 650K, committed 768K, reserved 1048576K
}
Event: 0.554 GC heap after
{Heap after GC invocations=1 (full 0):
 garbage-first heap   total 131072K, used 7564K [0x0000000080000000, 0x0000000100000000)
  region size 1024K, 2 young (2048K), 2 survivors (2048K)
 Metaspace       used 6748K, capacity 6929K, committed 7168K, reserved 1056768K
  class space    used 584K, capacity 650K, committed 768K, reserved 1048576K
}
Event: 1.452 GC heap before
{Heap before GC invocations=1 (full 0):
 garbage-first heap   total 131072K, used 59788K [0x0000000080000000, 0x0000000100000000)
  region size 1024K, 53 young (54272K), 2 survivors (2048K)
 Metaspace       used 11365K, capacity 11628K, committed 11904K, reserved 1060864K
  class space    used 1191K, capacity 1284K, committed 1408K, reserved 1048576K
}
Event: 1.458 GC heap after
{Heap after GC invocations=2 (full 0):
 garbage-first heap   total 131072K, used 14002K [0x0000000080000000, 0x0000000100000000)
  region size 1024K, 7 young (7168K), 7 survivors (7168K)
 Metaspace       used 11365K, capacity 11628K, committed 11904K, reserved 1060864K
  class space    used 1191K, capacity 1284K, committed 1408K, reserved 1048576K
}
Event: 2.676 GC heap before
{Heap before GC invocations=2 (full 0):
 garbage-first heap   total 131072K, used 65202K [0x0000000080000000, 0x0000000100000000)
  region size 1024K, 57 young (58368K), 7 survivors (7168K)
 Metaspace       used 19888K, capacity 20350K, committed 20608K, reserved 1067008K
  class space    used 2431K, capacity 2587K, committed 2688K, reserved 1048576K
}
Event: 2.688 GC heap after
{Heap after GC invocations=3 (full 0):
 garbage-first heap   total 131072K, used 16970K [0x0000000080000000, 0x0000000100000000)
  region size 1024K, 3 young (3072K), 3 survivors (3072K)
 Metaspace       used 19888K, capacity 20350K, committed 20608K, reserved 1067008K
  class space    used 2431K, capacity 2587K, committed 2688K, reserved 1048576K
}
Event: 2.828 GC heap before
{Heap before GC invocations=3 (full 0):
 garbage-first heap   total 131072K, used 25162K [0x0000000080000000, 0x0000000100000000)
  region size 1024K, 12 young (12288K), 3 survivors (3072K)
 Metaspace       used 20687K, capacity 21155K, committed 21248K, reserved 1067008K
  class space    used 2538K, capacity 2728K, committed 2816K, reserved 1048576K
}
Event: 2.835 GC heap after
{Heap after GC invocations=4 (full 0):
 garbage-first heap   total 131072K, used 17377K [0x0000000080000000, 0x0000000100000000)
  region size 1024K, 4 young (4096K), 4 survivors (4096K)
 Metaspace       used 20687K, capacity 21155K, committed 21248K, reserved 1067008K
  class space    used 2538K, capacity 2728K, committed 2816K, reserved 1048576K
}

Deoptimization events (20 events):
Event: 2.874 Thread 0x000001ce9df27000 Uncommon trap: trap_request=0xffffffc6 fr.pc=0x000001ce8b542b40 relative=0x0000000000000100
Event: 2.874 Thread 0x000001ce9df27000 Uncommon trap: reason=bimorphic_or_optimized_type_check action=maybe_recompile pc=0x000001ce8b542b40 method=java.util.AbstractList$Itr.next()Ljava/lang/Object; @ 14 c2
Event: 2.874 Thread 0x000001ce9df27000 DEOPT PACKING pc=0x000001ce8b542b40 sp=0x000000a576dfa520
Event: 2.874 Thread 0x000001ce9df27000 DEOPT UNPACKING pc=0x000001ce83a378af sp=0x000000a576dfa4b8 mode 2
Event: 2.874 Thread 0x000001ce9df27000 Uncommon trap: trap_request=0xffffff4d fr.pc=0x000001ce8b53dc78 relative=0x00000000000005b8
Event: 2.874 Thread 0x000001ce9df27000 Uncommon trap: reason=unstable_if action=reinterpret pc=0x000001ce8b53dc78 method=java.io.File.getName()Ljava/lang/String; @ 16 c2
Event: 2.874 Thread 0x000001ce9df27000 DEOPT PACKING pc=0x000001ce8b53dc78 sp=0x000000a576dfaef0
Event: 2.874 Thread 0x000001ce9df27000 DEOPT UNPACKING pc=0x000001ce83a378af sp=0x000000a576dfaec0 mode 2
Event: 2.874 Thread 0x000001ce9df27000 Uncommon trap: trap_request=0xffffff4d fr.pc=0x000001ce8b53b590 relative=0x0000000000000450
Event: 2.874 Thread 0x000001ce9df27000 Uncommon trap: reason=unstable_if action=reinterpret pc=0x000001ce8b53b590 method=java.lang.String.substring(I)Ljava/lang/String; @ 34 c2
Event: 2.874 Thread 0x000001ce9df27000 DEOPT PACKING pc=0x000001ce8b53b590 sp=0x000000a576dfae70
Event: 2.874 Thread 0x000001ce9df27000 DEOPT UNPACKING pc=0x000001ce83a378af sp=0x000000a576dfae48 mode 2
Event: 3.022 Thread 0x000001ce9df27000 Uncommon trap: trap_request=0xffffff4d fr.pc=0x000001ce8b5a9358 relative=0x0000000000000398
Event: 3.022 Thread 0x000001ce9df27000 Uncommon trap: reason=unstable_if action=reinterpret pc=0x000001ce8b5a9358 method=jdk.internal.org.objectweb.asm.Type.getArgumentsAndReturnSizes(Ljava/lang/String;)I @ 88 c2
Event: 3.022 Thread 0x000001ce9df27000 DEOPT PACKING pc=0x000001ce8b5a9358 sp=0x000000a576df9400
Event: 3.022 Thread 0x000001ce9df27000 DEOPT UNPACKING pc=0x000001ce83a378af sp=0x000000a576df9388 mode 2
Event: 3.302 Thread 0x000001ce9df27000 Uncommon trap: trap_request=0xffffff4d fr.pc=0x000001ce8b59a27c relative=0x000000000000023c
Event: 3.302 Thread 0x000001ce9df27000 Uncommon trap: reason=unstable_if action=reinterpret pc=0x000001ce8b59a27c method=java.util.concurrent.ConcurrentHashMap.get(Ljava/lang/Object;)Ljava/lang/Object; @ 76 c2
Event: 3.302 Thread 0x000001ce9df27000 DEOPT PACKING pc=0x000001ce8b59a27c sp=0x000000a576df94a0
Event: 3.302 Thread 0x000001ce9df27000 DEOPT UNPACKING pc=0x000001ce83a378af sp=0x000000a576df9408 mode 2

Classes redefined (0 events):
No events

Internal exceptions (20 events):
Event: 2.278 Thread 0x000001ceffd2b000 Exception <a 'java/io/IOException'{0x0000000086bfc620}> (0x0000000086bfc620) thrown at [./src/hotspot/share/prims/jni.cpp, line 615]
Event: 2.333 Thread 0x000001ce9bec9800 Exception <a 'java/lang/NoSuchMethodError'{0x00000000868ecf78}: <clinit>> (0x00000000868ecf78) thrown at [./src/hotspot/share/prims/jni.cpp, line 1362]
Event: 2.335 Thread 0x000001ce9bec9800 Exception <a 'java/lang/NoSuchMethodError'{0x00000000867052e0}: <clinit>> (0x00000000867052e0) thrown at [./src/hotspot/share/prims/jni.cpp, line 1362]
Event: 2.336 Thread 0x000001ce9bec9800 Exception <a 'java/lang/NoSuchMethodError'{0x000000008670eca8}: <clinit>> (0x000000008670eca8) thrown at [./src/hotspot/share/prims/jni.cpp, line 1362]
Event: 2.338 Thread 0x000001ce9bec9800 Exception <a 'java/lang/NoSuchMethodError'{0x0000000086724048}: <clinit>> (0x0000000086724048) thrown at [./src/hotspot/share/prims/jni.cpp, line 1362]
Event: 2.412 Thread 0x000001ce9df27000 Exception <a 'java/lang/NoSuchMethodError'{0x00000000864d7648}: 'long java.lang.invoke.DirectMethodHandle$Holder.invokeInterface(java.lang.Object, java.lang.Object)'> (0x00000000864d7648) thrown at [./src/hotspot/share/interpreter/linkResolver.cpp, line 773]
Event: 2.416 Thread 0x000001ce9df27000 Exception <a 'java/lang/NoSuchMethodError'{0x00000000864e46e8}: 'void java.lang.invoke.DelegatingMethodHandle$Holder.reinvoke_L(java.lang.Object, java.lang.Object, java.lang.Object, java.lang.Object, java.lang.Object, java.lang.Object, java.lang.Object)'> (0x00000000864e46e8) thrown at [./src/hotspot/share/interpreter/linkResolver.cpp, line 773]
Event: 2.747 Thread 0x000001ce9df27000 Exception <a 'java/lang/NoSuchMethodError'{0x0000000087a45ab8}: 'void java.lang.invoke.DirectMethodHandle$Holder.invokeStaticInit(java.lang.Object)'> (0x0000000087a45ab8) thrown at [./src/hotspot/share/interpreter/linkResolver.cpp, line 773]
Event: 2.768 Thread 0x000001ce9df27000 Exception <a 'java/lang/NoSuchMethodError'{0x0000000087af22c8}: 'java.lang.Object java.lang.invoke.DirectMethodHandle$Holder.invokeStatic(java.lang.Object, java.lang.Object, java.lang.Object, int)'> (0x0000000087af22c8) thrown at [./src/hotspot/share/interpreter/linkResolver.cpp, line 773]
Event: 2.769 Thread 0x000001ce9df27000 Exception <a 'java/lang/NoSuchMethodError'{0x0000000087af69e0}: 'java.lang.Object java.lang.invoke.DirectMethodHandle$Holder.invokeSpecial(java.lang.Object, java.lang.Object, java.lang.Object, java.lang.Object, int)'> (0x0000000087af69e0) thrown at [./src/hotspot/share/interpreter/linkResolver.cpp, line 773]
Event: 2.769 Thread 0x000001ce9df27000 Exception <a 'java/lang/NoSuchMethodError'{0x0000000087afa918}: 'java.lang.Object java.lang.invoke.Invokers$Holder.linkToTargetMethod(java.lang.Object, java.lang.Object, int, java.lang.Object)'> (0x0000000087afa918) thrown at [./src/hotspot/share/interpreter/linkResolver.cpp, line 773]
Event: 2.945 Thread 0x000001ce9df27000 Exception <a 'java/lang/NoSuchMethodError'{0x0000000087b512d8}: 'int java.lang.invoke.DirectMethodHandle$Holder.invokeSpecialIFC(java.lang.Object, java.lang.Object, java.lang.Object, java.lang.Object)'> (0x0000000087b512d8) thrown at [./src/hotspot/share/interpreter/linkResolver.cpp, line 773]
Event: 2.947 Thread 0x000001ce9df27000 Exception <a 'java/lang/NoSuchMethodError'{0x0000000087b5f290}: 'java.lang.Object java.lang.invoke.DirectMethodHandle$Holder.invokeInterface(java.lang.Object, java.lang.Object, java.lang.Object)'> (0x0000000087b5f290) thrown at [./src/hotspot/share/interpreter/linkResolver.cpp, line 773]
Event: 2.947 Thread 0x000001ce9df27000 Exception <a 'java/lang/IncompatibleClassChangeError'{0x0000000087b62768}: Found class java.lang.Object, but interface was expected> (0x0000000087b62768) thrown at [./src/hotspot/share/interpreter/linkResolver.cpp, line 839]
Event: 3.123 Thread 0x000001ce9df27000 Exception <a 'java/lang/NoSuchMethodError'{0x0000000086cd4470}: 'java.lang.Object java.lang.invoke.DirectMethodHandle$Holder.invokeSpecial(java.lang.Object, java.lang.Object, java.lang.Object, java.lang.Object, java.lang.Object, java.lang.Object, java.lang.Object, java.lang.Object, java.lang.Object)'> (0x0000000086cd4470) thrown at [./src/hotspot/share/interpreter/linkResolver.cpp, line 773]
Event: 3.219 Thread 0x000001ce9df27000 Exception <a 'java/lang/NoSuchMethodError'{0x0000000086277190}: 'java.lang.Object java.lang.invoke.DirectMethodHandle$Holder.invokeVirtual(java.lang.Object, java.lang.Object, java.lang.Object, java.lang.Object)'> (0x0000000086277190) thrown at [./src/hotspot/share/interpreter/linkResolver.cpp, line 773]
Event: 3.361 Thread 0x000001ce9df27000 Exception <a 'java/lang/NoSuchMethodError'{0x0000000085b3a2c0}: 'void java.lang.invoke.DirectMethodHandle$Holder.invokeSpecial(java.lang.Object, java.lang.Object, java.lang.Object, java.lang.Object, java.lang.Object, java.lang.Object)'> (0x0000000085b3a2c0) thrown at [./src/hotspot/share/interpreter/linkResolver.cpp, line 773]
Event: 3.376 Thread 0x000001ce9df27000 Exception <a 'java/lang/NoSuchMethodError'{0x0000000085ba8ec8}: 'void java.lang.invoke.DirectMethodHandle$Holder.invokeSpecial(java.lang.Object, java.lang.Object, java.lang.Object, java.lang.Object, java.lang.Object, java.lang.Object, java.lang.Object)'> (0x0000000085ba8ec8) thrown at [./src/hotspot/share/interpreter/linkResolver.cpp, line 773]
Event: 3.377 Thread 0x000001ce9df27000 Exception <a 'java/lang/NoSuchMethodError'{0x0000000085bb13b8}: 'java.lang.Object java.lang.invoke.Invokers$Holder.linkToTargetMethod(java.lang.Object, java.lang.Object, java.lang.Object, java.lang.Object, java.lang.Object, java.lang.Object)'> (0x0000000085bb13b8) thrown at [./src/hotspot/share/interpreter/linkResolver.cpp, line 773]
Event: 3.459 Thread 0x000001ce9df27000 Exception <a 'java/lang/NoSuchMethodError'{0x0000000085144a20}: 'int java.lang.invoke.DirectMethodHandle$Holder.invokeStaticInit(java.lang.Object, java.lang.Object, java.lang.Object)'> (0x0000000085144a20) thrown at [./src/hotspot/share/interpreter/linkResolver.cpp, line 773]

Events (20 events):
Event: 3.688 loading class org/gradle/plugin/management/internal/PluginRequestInternal
Event: 3.688 loading class org/gradle/plugin/management/internal/PluginRequestInternal done
Event: 3.689 loading class org/gradle/plugin/management/PluginRequest
Event: 3.689 loading class org/gradle/plugin/management/PluginRequest done
Event: 3.689 loading class org/gradle/api/internal/artifacts/DefaultModuleIdentifier
Event: 3.689 loading class org/gradle/api/internal/artifacts/DefaultModuleIdentifier done
Event: 3.689 loading class org/gradle/api/internal/artifacts/DefaultModuleVersionSelector
Event: 3.689 loading class org/gradle/api/internal/artifacts/DefaultModuleVersionSelector done
Event: 3.690 loading class org/gradle/api/artifacts/ModuleVersionSelector
Event: 3.690 loading class org/gradle/api/artifacts/ModuleVersionSelector done
Event: 3.690 loading class org/gradle/plugin/management/internal/DefaultPluginRequest
Event: 3.690 loading class org/gradle/plugin/management/internal/DefaultPluginRequest done
Event: 3.690 loading class org/gradle/plugin/management/internal/autoapply/AutoAppliedGradleEnterprisePlugin
Event: 3.690 loading class org/gradle/plugin/management/internal/autoapply/AutoAppliedGradleEnterprisePlugin done
Event: 3.691 loading class org/gradle/plugin/use/PluginId
Event: 3.691 loading class org/gradle/plugin/use/PluginId done
Event: 3.691 loading class org/gradle/plugin/use/internal/DefaultPluginId
Event: 3.691 loading class org/gradle/plugin/use/internal/DefaultPluginId done
Event: 3.691 loading class org/gradle/plugin/internal/InvalidPluginIdException
Event: 3.691 loading class org/gradle/plugin/internal/InvalidPluginIdException done


Dynamic libraries:
0x00007ff796c30000 - 0x00007ff796c3a000 	C:\Program Files\Android\Android Studio\jre\bin\java.exe
0x00007ffa40fd0000 - 0x00007ffa411c5000 	C:\Windows\SYSTEM32\ntdll.dll
0x00007ffa3f180000 - 0x00007ffa3f23e000 	C:\Windows\System32\KERNEL32.DLL
0x00007ffa3ec70000 - 0x00007ffa3ef39000 	C:\Windows\System32\KERNELBASE.dll
0x00007ffa3e6f0000 - 0x00007ffa3e7f0000 	C:\Windows\System32\ucrtbase.dll
0x00007ffa31380000 - 0x00007ffa31399000 	C:\Program Files\Android\Android Studio\jre\bin\jli.dll
0x00007ffa3fe80000 - 0x00007ffa40021000 	C:\Windows\System32\USER32.dll
0x00007ffa3ef40000 - 0x00007ffa3ef62000 	C:\Windows\System32\win32u.dll
0x00007ffa40210000 - 0x00007ffa4023b000 	C:\Windows\System32\GDI32.dll
0x00007ffa3eb60000 - 0x00007ffa3ec6b000 	C:\Windows\System32\gdi32full.dll
0x00007ffa3ea30000 - 0x00007ffa3eacd000 	C:\Windows\System32\msvcp_win.dll
0x00007ffa347b0000 - 0x00007ffa347c7000 	C:\Program Files\Android\Android Studio\jre\bin\VCRUNTIME140.dll
0x00007ffa21520000 - 0x00007ffa217ba000 	C:\Windows\WinSxS\amd64_microsoft.windows.common-controls_6595b64144ccf1df_6.0.19041.1110_none_60b5254171f9507e\COMCTL32.dll
0x00007ffa3f740000 - 0x00007ffa3f7de000 	C:\Windows\System32\msvcrt.dll
0x00007ffa3f150000 - 0x00007ffa3f180000 	C:\Windows\System32\IMM32.DLL
0x00007ffa024c0000 - 0x00007ffa0255d000 	C:\Program Files\Android\Android Studio\jre\bin\msvcp140.dll
0x00007ff9f8350000 - 0x00007ff9f8e1f000 	C:\Program Files\Android\Android Studio\jre\bin\server\jvm.dll
0x00007ffa40140000 - 0x00007ffa401ec000 	C:\Windows\System32\ADVAPI32.dll
0x00007ffa3f8c0000 - 0x00007ffa3f95b000 	C:\Windows\System32\sechost.dll
0x00007ffa3f020000 - 0x00007ffa3f14a000 	C:\Windows\System32\RPCRT4.dll
0x00007ffa401f0000 - 0x00007ffa401f8000 	C:\Windows\System32\PSAPI.DLL
0x00007ffa2f570000 - 0x00007ffa2f597000 	C:\Windows\SYSTEM32\WINMM.dll
0x00007ffa2ecd0000 - 0x00007ffa2ecd9000 	C:\Windows\SYSTEM32\WSOCK32.dll
0x00007ffa40f20000 - 0x00007ffa40f8b000 	C:\Windows\System32\WS2_32.dll
0x00007ffa389e0000 - 0x00007ffa389ea000 	C:\Windows\SYSTEM32\VERSION.dll
0x00007ffa3c4e0000 - 0x00007ffa3c4f2000 	C:\Windows\SYSTEM32\kernel.appcore.dll
0x00007ffa3a4a0000 - 0x00007ffa3a4b1000 	C:\Program Files\Android\Android Studio\jre\bin\verify.dll
0x00007ffa33c20000 - 0x00007ffa33e04000 	C:\Windows\SYSTEM32\DBGHELP.DLL
0x00007ffa33960000 - 0x00007ffa3398c000 	C:\Windows\SYSTEM32\dbgcore.DLL
0x00007ffa3ead0000 - 0x00007ffa3eb53000 	C:\Windows\System32\bcryptPrimitives.dll
0x00007ffa38b80000 - 0x00007ffa38ba9000 	C:\Program Files\Android\Android Studio\jre\bin\java.dll
0x00007ffa3a560000 - 0x00007ffa3a56b000 	C:\Program Files\Android\Android Studio\jre\bin\jimage.dll
0x00007ffa389c0000 - 0x00007ffa389d8000 	C:\Program Files\Android\Android Studio\jre\bin\zip.dll
0x00007ffa40240000 - 0x00007ffa4097f000 	C:\Windows\System32\SHELL32.dll
0x00007ffa3c7f0000 - 0x00007ffa3cf80000 	C:\Windows\SYSTEM32\windows.storage.dll
0x00007ffa3f2f0000 - 0x00007ffa3f645000 	C:\Windows\System32\combase.dll
0x00007ffa3e070000 - 0x00007ffa3e09c000 	C:\Windows\SYSTEM32\Wldp.dll
0x00007ffa3f240000 - 0x00007ffa3f2ee000 	C:\Windows\System32\SHCORE.dll
0x00007ffa40980000 - 0x00007ffa409d5000 	C:\Windows\System32\shlwapi.dll
0x00007ffa3e630000 - 0x00007ffa3e64f000 	C:\Windows\SYSTEM32\profapi.dll
0x00007ffa34940000 - 0x00007ffa3495a000 	C:\Program Files\Android\Android Studio\jre\bin\net.dll
0x00007ffa38a30000 - 0x00007ffa38b38000 	C:\Windows\SYSTEM32\WINHTTP.dll
0x00007ffa3ddd0000 - 0x00007ffa3de3a000 	C:\Windows\system32\mswsock.dll
0x00007ffa34880000 - 0x00007ffa34894000 	C:\Program Files\Android\Android Studio\jre\bin\nio.dll
0x00007ffa22880000 - 0x00007ffa228a7000 	C:\Users\Vitaly\.gradle\native\e1d6ef7f7dcc3fd88c89a11ec53ec762bb8ba0a96d01ffa2cd45eb1d1d8dd5c5\windows-amd64\native-platform.dll
0x00007ff9f94b0000 - 0x00007ff9f95f4000 	C:\Users\Vitaly\.gradle\native\5664cfc778a61ccfe75a443a1ab52a65af34e5dc3c78e0209fed803814484fcb\windows-amd64\native-platform-file-events.dll
0x00007ffa3a190000 - 0x00007ffa3a19a000 	C:\Program Files\Android\Android Studio\jre\bin\management.dll
0x00007ffa395e0000 - 0x00007ffa395ec000 	C:\Program Files\Android\Android Studio\jre\bin\management_ext.dll
0x00007ffa3dfc0000 - 0x00007ffa3dfd8000 	C:\Windows\SYSTEM32\CRYPTSP.dll
0x00007ffa3d750000 - 0x00007ffa3d784000 	C:\Windows\system32\rsaenh.dll
0x00007ffa3e9b0000 - 0x00007ffa3e9d7000 	C:\Windows\System32\bcrypt.dll
0x00007ffa3e5b0000 - 0x00007ffa3e5de000 	C:\Windows\SYSTEM32\USERENV.dll
0x00007ffa3dfe0000 - 0x00007ffa3dfec000 	C:\Windows\SYSTEM32\CRYPTBASE.dll
0x00007ffa3dac0000 - 0x00007ffa3dafb000 	C:\Windows\SYSTEM32\IPHLPAPI.DLL
0x00007ffa40200000 - 0x00007ffa40208000 	C:\Windows\System32\NSI.dll
0x00007ffa37400000 - 0x00007ffa37417000 	C:\Windows\SYSTEM32\dhcpcsvc6.DLL
0x00007ffa37e40000 - 0x00007ffa37e5d000 	C:\Windows\SYSTEM32\dhcpcsvc.DLL
0x00007ffa3db10000 - 0x00007ffa3dbdc000 	C:\Windows\SYSTEM32\DNSAPI.dll

dbghelp: loaded successfully - version: 4.0.5 - missing functions: none
symbol engine: initialized successfully - sym options: 0x614 - pdb path: .;C:\Program Files\Android\Android Studio\jre\bin;C:\Windows\SYSTEM32;C:\Windows\WinSxS\amd64_microsoft.windows.common-controls_6595b64144ccf1df_6.0.19041.1110_none_60b5254171f9507e;C:\Program Files\Android\Android Studio\jre\bin\server;C:\Users\Vitaly\.gradle\native\e1d6ef7f7dcc3fd88c89a11ec53ec762bb8ba0a96d01ffa2cd45eb1d1d8dd5c5\windows-amd64;C:\Users\Vitaly\.gradle\native\5664cfc778a61ccfe75a443a1ab52a65af34e5dc3c78e0209fed803814484fcb\windows-amd64

VM Arguments:
jvm_args: --add-opens=java.base/java.util=ALL-UNNAMED --add-opens=java.base/java.lang=ALL-UNNAMED --add-opens=java.base/java.lang.invoke=ALL-UNNAMED --add-opens=java.base/java.util=ALL-UNNAMED --add-opens=java.prefs/java.util.prefs=ALL-UNNAMED --add-opens=java.prefs/java.util.prefs=ALL-UNNAMED --add-opens=java.base/java.nio.charset=ALL-UNNAMED --add-opens=java.base/java.net=ALL-UNNAMED --add-opens=java.base/java.util.concurrent.atomic=ALL-UNNAMED -Xmx2048m -Dfile.encoding=UTF-8 -Duser.country=RU -Duser.language=ru -Duser.variant 
java_command: org.gradle.launcher.daemon.bootstrap.GradleDaemon 7.3.3
java_class_path (initial): C:\Users\Vitaly\.gradle\wrapper\dists\gradle-7.3.3-bin\6a41zxkdtcxs8rphpq6y0069z\gradle-7.3.3\lib\gradle-launcher-7.3.3.jar
Launcher Type: SUN_STANDARD

[Global flags]
     intx CICompilerCount                          = 3                                         {product} {ergonomic}
     uint ConcGCThreads                            = 1                                         {product} {ergonomic}
     uint G1ConcRefinementThreads                  = 4                                         {product} {ergonomic}
   size_t G1HeapRegionSize                         = 1048576                                   {product} {ergonomic}
    uintx GCDrainStackTargetSize                   = 64                                        {product} {ergonomic}
   size_t InitialHeapSize                          = 134217728                                 {product} {ergonomic}
   size_t MarkStackSize                            = 4194304                                   {product} {ergonomic}
   size_t MaxHeapSize                              = 2147483648                                {product} {command line}
   size_t MaxNewSize                               = 1287651328                                {product} {ergonomic}
   size_t MinHeapDeltaBytes                        = 1048576                                   {product} {ergonomic}
    uintx NonNMethodCodeHeapSize                   = 5830732                                {pd product} {ergonomic}
    uintx NonProfiledCodeHeapSize                  = 122913754                              {pd product} {ergonomic}
    uintx ProfiledCodeHeapSize                     = 122913754                              {pd product} {ergonomic}
    uintx ReservedCodeCacheSize                    = 251658240                              {pd product} {ergonomic}
     bool SegmentedCodeCache                       = true                                      {product} {ergonomic}
     bool UseCompressedClassPointers               = true                                 {lp64_product} {ergonomic}
     bool UseCompressedOops                        = true                                 {lp64_product} {ergonomic}
     bool UseG1GC                                  = true                                      {product} {ergonomic}
     bool UseLargePagesIndividualAllocation        = false                                  {pd product} {ergonomic}

Logging:
Log output configuration:
 #0: stdout all=warning uptime,level,tags
 #1: stderr all=off uptime,level,tags

Environment Variables:
PATH=C:\Program Files (x86)\Intel\Intel(R) Management Engine Components\iCLS\;C:\Program Files\Intel\Intel(R) Management Engine Components\iCLS\;C:\Windows\system32;C:\Windows;C:\Windows\System32\Wbem;C:\Windows\System32\WindowsPowerShell\v1.0\;c:\Program Files (x86)\Intel\Intel(R) Management Engine Components\DAL;c:\Program Files\Intel\Intel(R) Management Engine Components\DAL;c:\Program Files (x86)\Intel\Intel(R) Management Engine Components\IPT;c:\Program Files\Intel\Intel(R) Management Engine Components\IPT;C:\Program Files\Git\cmd;C:\Users\Vitaly\AppData\Local\Microsoft\WindowsApps;C:\OpenCV2.1\bin
USERNAME=Vitaly
OS=Windows_NT
PROCESSOR_IDENTIFIER=Intel64 Family 6 Model 142 Stepping 9, GenuineIntel



---------------  S Y S T E M  ---------------

OS: Windows 10 , 64 bit Build 19041 (10.0.19041.1202)
OS uptime: 0 days 4:35 hours

CPU:total 4 (initial active 4) (2 cores per cpu, 2 threads per core) family 6 model 142 stepping 9 microcode 0xb4, cmov, cx8, fxsr, mmx, sse, sse2, sse3, ssse3, sse4.1, sse4.2, popcnt, avx, avx2, aes, clmul, erms, 3dnowpref, lzcnt, ht, tsc, tscinvbit, bmi1, bmi2, adx, fma

Memory: 4k page, system-wide physical 8092M (333M free)
TotalPageFile size 8092M (AvailPageFile size 5M)
current process WorkingSet (physical memory assigned to process): 191M, peak: 191M
current process commit charge ("private bytes"): 274M, peak: 300M

vm_info: OpenJDK 64-Bit Server VM (11.0.10+0-b96-7249189) for windows-amd64 JRE (11.0.10+0-b96-7249189), built on Mar 31 2021 21:44:00 by "builder" with MS VC++ 14.0 (VS2015)

END.
