#
# There is insufficient memory for the Java Runtime Environment to continue.
# Native memory allocation (malloc) failed to allocate 1821776 bytes for Chunk::new
# Possible reasons:
#   The system is out of physical RAM or swap space
#   The process is running with CompressedOops enabled, and the Java Heap may be blocking the growth of the native heap
# Possible solutions:
#   Reduce memory load on the system
#   Increase physical memory or swap space
#   Check if swap backing store is full
#   Decrease Java heap size (-Xmx/-Xms)
#   Decrease number of Java threads
#   Decrease Java thread stack sizes (-Xss)
#   Set larger code cache with -XX:ReservedCodeCacheSize=
#   JVM is running with Unscaled Compressed Oops mode in which the Java heap is
#     placed in the first 4GB address space. The Java Heap base address is the
#     maximum limit for the native heap growth. Please use -XX:HeapBaseMinAddress
#     to set the Java Heap base and to place the Java Heap above 4GB virtual address.
# This output file may be truncated or incomplete.
#
#  Out of Memory Error (./src/hotspot/share/memory/arena.cpp:197), pid=6572, tid=3852
#
# JRE version: OpenJDK Runtime Environment (11.0.10) (build 11.0.10+0-b96-7249189)
# Java VM: OpenJDK 64-Bit Server VM (11.0.10+0-b96-7249189, mixed mode, tiered, compressed oops, g1 gc, windows-amd64)
# No core dump will be written. Minidumps are not enabled by default on client versions of Windows
#

---------------  S U M M A R Y ------------

Command Line: --add-opens=java.base/java.util=ALL-UNNAMED --add-opens=java.base/java.lang=ALL-UNNAMED --add-opens=java.base/java.lang.invoke=ALL-UNNAMED --add-opens=java.base/java.util=ALL-UNNAMED --add-opens=java.prefs/java.util.prefs=ALL-UNNAMED --add-opens=java.prefs/java.util.prefs=ALL-UNNAMED --add-opens=java.base/java.nio.charset=ALL-UNNAMED --add-opens=java.base/java.net=ALL-UNNAMED --add-opens=java.base/java.util.concurrent.atomic=ALL-UNNAMED -Xmx2048m -Dfile.encoding=UTF-8 -Duser.country=RU -Duser.language=ru -Duser.variant org.gradle.launcher.daemon.bootstrap.GradleDaemon 7.3.3

Host: Intel(R) Core(TM) i5-7200U CPU @ 2.50GHz, 4 cores, 7G,  Windows 10 , 64 bit Build 19041 (10.0.19041.1202)
Time: Mon Feb  7 15:37:24 2022 Финляндия (зима) elapsed time: 103.690988 seconds (0d 0h 1m 43s)

---------------  T H R E A D  ---------------

Current thread (0x000001f62f1bd000):  JavaThread "C2 CompilerThread0" daemon [_thread_in_native, id=3852, stack(0x0000002993e00000,0x0000002993f00000)]


Current CompileTask:
C2: 103691 10949   !   4       java.lang.reflect.Executable::sharedToGenericString (321 bytes)

Stack: [0x0000002993e00000,0x0000002993f00000]
Native frames: (J=compiled Java code, j=interpreted, Vv=VM code, C=native code)
V  [jvm.dll+0x5ecfaa]
V  [jvm.dll+0x722bd5]
V  [jvm.dll+0x72412d]
V  [jvm.dll+0x7247e3]
V  [jvm.dll+0x242928]
V  [jvm.dll+0xbc4fc]
V  [jvm.dll+0xbca0c]
V  [jvm.dll+0x352d7d]
V  [jvm.dll+0x320ad3]
V  [jvm.dll+0x31ffca]
V  [jvm.dll+0x1fb602]
V  [jvm.dll+0x1fa7f4]
V  [jvm.dll+0x18354c]
V  [jvm.dll+0x208ee7]
V  [jvm.dll+0x207731]
V  [jvm.dll+0x6eb1cf]
V  [jvm.dll+0x6e3d45]
V  [jvm.dll+0x5ebe96]
C  [ucrtbase.dll+0x21bb2]
C  [KERNEL32.DLL+0x17034]
C  [ntdll.dll+0x52651]


---------------  P R O C E S S  ---------------

Threads class SMR info:
_java_thread_list=0x000001f6363cd370, length=77, elements={
0x000001f6155bb800, 0x000001f62f18f000, 0x000001f62f190800, 0x000001f62f1af000,
0x000001f62f1b1000, 0x000001f62f1b2000, 0x000001f62f1bd000, 0x000001f62f1c1800,
0x000001f62f1c7000, 0x000001f62fc78000, 0x000001f631ebd000, 0x000001f630c4b800,
0x000001f630de2000, 0x000001f6310a6000, 0x000001f6312df800, 0x000001f6316a7800,
0x000001f6316a8000, 0x000001f631e1f800, 0x000001f631b67800, 0x000001f631b6e000,
0x000001f631b6b000, 0x000001f631b6b800, 0x000001f631b69000, 0x000001f631b6c800,
0x000001f631b68800, 0x000001f631b6a000, 0x000001f631b6d800, 0x000001f63298b000,
0x000001f632988800, 0x000001f632989000, 0x000001f632986000, 0x000001f63298a000,
0x000001f63298c800, 0x000001f63298b800, 0x000001f632987800, 0x000001f632994000,
0x000001f632992000, 0x000001f632993000, 0x000001f63298e000, 0x000001f632994800,
0x000001f63298f000, 0x000001f632990000, 0x000001f632990800, 0x000001f632991800,
0x000001f635cc3800, 0x000001f635cc5000, 0x000001f635cc2800, 0x000001f635cc4000,
0x000001f635cc6000, 0x000001f635cc0000, 0x000001f635cc6800, 0x000001f635cc1000,
0x000001f635cc7800, 0x000001f635cc2000, 0x000001f635cc9000, 0x000001f635ccb800,
0x000001f635ccd000, 0x000001f635cca000, 0x000001f635ccc800, 0x000001f635cce000,
0x000001f635cc8800, 0x000001f635ccf000, 0x000001f635ccb000, 0x000001f634516000,
0x000001f634513800, 0x000001f634517800, 0x000001f634517000, 0x000001f634514800,
0x000001f634518800, 0x000001f634512800, 0x000001f634519000, 0x000001f63451a000,
0x000001f63451b000, 0x000001f634515000, 0x000001f63451c800, 0x000001f63451e000,
0x000001f634520800
}

Java Threads: ( => current thread )
  0x000001f6155bb800 JavaThread "main" [_thread_blocked, id=4768, stack(0x0000002993200000,0x0000002993300000)]
  0x000001f62f18f000 JavaThread "Reference Handler" daemon [_thread_blocked, id=8168, stack(0x0000002993900000,0x0000002993a00000)]
  0x000001f62f190800 JavaThread "Finalizer" daemon [_thread_blocked, id=6812, stack(0x0000002993a00000,0x0000002993b00000)]
  0x000001f62f1af000 JavaThread "Signal Dispatcher" daemon [_thread_blocked, id=7876, stack(0x0000002993b00000,0x0000002993c00000)]
  0x000001f62f1b1000 JavaThread "Attach Listener" daemon [_thread_blocked, id=5344, stack(0x0000002993c00000,0x0000002993d00000)]
  0x000001f62f1b2000 JavaThread "Service Thread" daemon [_thread_blocked, id=908, stack(0x0000002993d00000,0x0000002993e00000)]
=>0x000001f62f1bd000 JavaThread "C2 CompilerThread0" daemon [_thread_in_native, id=3852, stack(0x0000002993e00000,0x0000002993f00000)]
  0x000001f62f1c1800 JavaThread "C1 CompilerThread0" daemon [_thread_blocked, id=2388, stack(0x0000002993f00000,0x0000002994000000)]
  0x000001f62f1c7000 JavaThread "Sweeper thread" daemon [_thread_blocked, id=852, stack(0x0000002994000000,0x0000002994100000)]
  0x000001f62fc78000 JavaThread "Common-Cleaner" daemon [_thread_blocked, id=1284, stack(0x0000002994100000,0x0000002994200000)]
  0x000001f631ebd000 JavaThread "Daemon health stats" [_thread_blocked, id=7420, stack(0x0000002994500000,0x0000002994600000)]
  0x000001f630c4b800 JavaThread "Incoming local TCP Connector on port 56576" [_thread_in_native, id=3396, stack(0x0000002994600000,0x0000002994700000)]
  0x000001f630de2000 JavaThread "Daemon periodic checks" [_thread_blocked, id=6948, stack(0x0000002994700000,0x0000002994800000)]
  0x000001f6310a6000 JavaThread "Daemon" [_thread_blocked, id=3792, stack(0x0000002994800000,0x0000002994900000)]
  0x000001f6312df800 JavaThread "Handler for socket connection from /127.0.0.1:56576 to /127.0.0.1:51819" [_thread_in_native, id=6284, stack(0x0000002994900000,0x0000002994a00000)]
  0x000001f6316a7800 JavaThread "Cancel handler" [_thread_blocked, id=7764, stack(0x0000002994b00000,0x0000002994c00000)]
  0x000001f6316a8000 JavaThread "Daemon worker" [_thread_in_native, id=6028, stack(0x0000002994c00000,0x0000002994d00000)]
  0x000001f631e1f800 JavaThread "Asynchronous log dispatcher for DefaultDaemonConnection: socket connection from /127.0.0.1:56576 to /127.0.0.1:51819" [_thread_blocked, id=3060, stack(0x0000002994d00000,0x0000002994e00000)]
  0x000001f631b67800 JavaThread "Daemon client event forwarder" [_thread_blocked, id=4932, stack(0x0000002994f00000,0x0000002995000000)]
  0x000001f631b6e000 JavaThread "Cache worker for journal cache (C:\Users\Vitaly\.gradle\caches\journal-1)" [_thread_blocked, id=4244, stack(0x0000002995000000,0x0000002995100000)]
  0x000001f631b6b000 JavaThread "File lock request listener" [_thread_in_native, id=872, stack(0x0000002995100000,0x0000002995200000)]
  0x000001f631b6b800 JavaThread "Cache worker for file hash cache (C:\Users\Vitaly\.gradle\caches\7.3.3\fileHashes)" [_thread_blocked, id=4144, stack(0x0000002995200000,0x0000002995300000)]
  0x000001f631b69000 JavaThread "Cache worker for file hash cache (D:\android dev\Retrofit\.gradle\7.3.3\fileHashes)" [_thread_blocked, id=6392, stack(0x0000002995300000,0x0000002995400000)]
  0x000001f631b6c800 JavaThread "File watcher server" daemon [_thread_in_native, id=6736, stack(0x0000002995400000,0x0000002995500000)]
  0x000001f631b68800 JavaThread "File watcher consumer" daemon [_thread_blocked, id=2548, stack(0x0000002995500000,0x0000002995600000)]
  0x000001f631b6a000 JavaThread "jar transforms" [_thread_blocked, id=6588, stack(0x0000002995600000,0x0000002995700000)]
  0x000001f631b6d800 JavaThread "jar transforms Thread 2" [_thread_blocked, id=2804, stack(0x0000002995700000,0x0000002995800000)]
  0x000001f63298b000 JavaThread "jar transforms Thread 3" [_thread_blocked, id=7440, stack(0x0000002995800000,0x0000002995900000)]
  0x000001f632988800 JavaThread "jar transforms Thread 4" [_thread_blocked, id=6004, stack(0x0000002995900000,0x0000002995a00000)]
  0x000001f632989000 JavaThread "Cache worker for checksums cache (D:\android dev\Retrofit\.gradle\7.3.3\checksums)" [_thread_blocked, id=7324, stack(0x0000002995a00000,0x0000002995b00000)]
  0x000001f632986000 JavaThread "Cache worker for cache directory md-supplier (C:\Users\Vitaly\.gradle\caches\7.3.3\md-supplier)" [_thread_blocked, id=7416, stack(0x0000002995b00000,0x0000002995c00000)]
  0x000001f63298a000 JavaThread "Cache worker for cache directory md-rule (C:\Users\Vitaly\.gradle\caches\7.3.3\md-rule)" [_thread_blocked, id=7396, stack(0x0000002995c00000,0x0000002995d00000)]
  0x000001f63298c800 JavaThread "Cache worker for execution history cache (C:\Users\Vitaly\.gradle\caches\7.3.3\executionHistory)" [_thread_blocked, id=7112, stack(0x0000002995d00000,0x0000002995e00000)]
  0x000001f63298b800 JavaThread "Cache worker for file content cache (C:\Users\Vitaly\.gradle\caches\7.3.3\fileContent)" [_thread_blocked, id=1932, stack(0x0000002995e00000,0x0000002995f00000)]
  0x000001f632987800 JavaThread "Cache worker for dependencies-accessors (D:\android dev\Retrofit\.gradle\7.3.3\dependencies-accessors)" [_thread_blocked, id=4704, stack(0x0000002996100000,0x0000002996200000)]
  0x000001f632994000 JavaThread "Cache worker for Build Output Cleanup Cache (D:\android dev\Retrofit\.gradle\buildOutputCleanup)" [_thread_blocked, id=6664, stack(0x0000002996200000,0x0000002996300000)]
  0x000001f632992000 JavaThread "Unconstrained build operations" [_thread_blocked, id=5688, stack(0x0000002996300000,0x0000002996400000)]
  0x000001f632993000 JavaThread "Unconstrained build operations Thread 2" [_thread_blocked, id=8144, stack(0x0000002996400000,0x0000002996500000)]
  0x000001f63298e000 JavaThread "Unconstrained build operations Thread 3" [_thread_blocked, id=7628, stack(0x0000002996500000,0x0000002996600000)]
  0x000001f632994800 JavaThread "Unconstrained build operations Thread 4" [_thread_blocked, id=7640, stack(0x0000002996600000,0x0000002996700000)]
  0x000001f63298f000 JavaThread "Unconstrained build operations Thread 5" [_thread_blocked, id=7484, stack(0x0000002996700000,0x0000002996800000)]
  0x000001f632990000 JavaThread "Unconstrained build operations Thread 6" [_thread_blocked, id=7384, stack(0x0000002996800000,0x0000002996900000)]
  0x000001f632990800 JavaThread "Unconstrained build operations Thread 7" [_thread_blocked, id=7508, stack(0x0000002996900000,0x0000002996a00000)]
  0x000001f632991800 JavaThread "Unconstrained build operations Thread 8" [_thread_blocked, id=7616, stack(0x0000002996a00000,0x0000002996b00000)]
  0x000001f635cc3800 JavaThread "Unconstrained build operations Thread 9" [_thread_blocked, id=2104, stack(0x0000002996b00000,0x0000002996c00000)]
  0x000001f635cc5000 JavaThread "Unconstrained build operations Thread 10" [_thread_blocked, id=3464, stack(0x0000002996c00000,0x0000002996d00000)]
  0x000001f635cc2800 JavaThread "Unconstrained build operations Thread 11" [_thread_blocked, id=4688, stack(0x0000002996d00000,0x0000002996e00000)]
  0x000001f635cc4000 JavaThread "Unconstrained build operations Thread 12" [_thread_blocked, id=4492, stack(0x0000002996e00000,0x0000002996f00000)]
  0x000001f635cc6000 JavaThread "Unconstrained build operations Thread 13" [_thread_blocked, id=7784, stack(0x0000002996f00000,0x0000002997000000)]
  0x000001f635cc0000 JavaThread "Unconstrained build operations Thread 14" [_thread_blocked, id=7696, stack(0x0000002997000000,0x0000002997100000)]
  0x000001f635cc6800 JavaThread "Unconstrained build operations Thread 15" [_thread_blocked, id=2688, stack(0x0000002997100000,0x0000002997200000)]
  0x000001f635cc1000 JavaThread "Unconstrained build operations Thread 16" [_thread_blocked, id=3844, stack(0x0000002997200000,0x0000002997300000)]
  0x000001f635cc7800 JavaThread "Unconstrained build operations Thread 17" [_thread_blocked, id=2912, stack(0x0000002997300000,0x0000002997400000)]
  0x000001f635cc2000 JavaThread "Unconstrained build operations Thread 18" [_thread_blocked, id=7700, stack(0x0000002997400000,0x0000002997500000)]
  0x000001f635cc9000 JavaThread "Unconstrained build operations Thread 19" [_thread_blocked, id=7916, stack(0x0000002997500000,0x0000002997600000)]
  0x000001f635ccb800 JavaThread "Unconstrained build operations Thread 20" [_thread_blocked, id=3648, stack(0x0000002997600000,0x0000002997700000)]
  0x000001f635ccd000 JavaThread "Unconstrained build operations Thread 21" [_thread_blocked, id=7368, stack(0x0000002997700000,0x0000002997800000)]
  0x000001f635cca000 JavaThread "Unconstrained build operations Thread 22" [_thread_blocked, id=6720, stack(0x0000002997800000,0x0000002997900000)]
  0x000001f635ccc800 JavaThread "Unconstrained build operations Thread 23" [_thread_blocked, id=7448, stack(0x0000002997900000,0x0000002997a00000)]
  0x000001f635cce000 JavaThread "Unconstrained build operations Thread 24" [_thread_blocked, id=7432, stack(0x0000002997a00000,0x0000002997b00000)]
  0x000001f635cc8800 JavaThread "Unconstrained build operations Thread 25" [_thread_blocked, id=6844, stack(0x0000002997b00000,0x0000002997c00000)]
  0x000001f635ccf000 JavaThread "Unconstrained build operations Thread 26" [_thread_blocked, id=884, stack(0x0000002997c00000,0x0000002997d00000)]
  0x000001f635ccb000 JavaThread "Unconstrained build operations Thread 27" [_thread_blocked, id=5084, stack(0x0000002997d00000,0x0000002997e00000)]
  0x000001f634516000 JavaThread "Unconstrained build operations Thread 28" [_thread_blocked, id=7356, stack(0x0000002997e00000,0x0000002997f00000)]
  0x000001f634513800 JavaThread "Unconstrained build operations Thread 29" [_thread_blocked, id=1240, stack(0x0000002997f00000,0x0000002998000000)]
  0x000001f634517800 JavaThread "Unconstrained build operations Thread 30" [_thread_blocked, id=6388, stack(0x0000002998000000,0x0000002998100000)]
  0x000001f634517000 JavaThread "Unconstrained build operations Thread 31" [_thread_blocked, id=7932, stack(0x0000002998100000,0x0000002998200000)]
  0x000001f634514800 JavaThread "Unconstrained build operations Thread 32" [_thread_blocked, id=6688, stack(0x0000002998200000,0x0000002998300000)]
  0x000001f634518800 JavaThread "Unconstrained build operations Thread 33" [_thread_blocked, id=448, stack(0x0000002998300000,0x0000002998400000)]
  0x000001f634512800 JavaThread "Unconstrained build operations Thread 34" [_thread_blocked, id=7240, stack(0x0000002998400000,0x0000002998500000)]
  0x000001f634519000 JavaThread "Unconstrained build operations Thread 35" [_thread_blocked, id=2268, stack(0x0000002998500000,0x0000002998600000)]
  0x000001f63451a000 JavaThread "Unconstrained build operations Thread 36" [_thread_blocked, id=3080, stack(0x0000002998600000,0x0000002998700000)]
  0x000001f63451b000 JavaThread "Unconstrained build operations Thread 37" [_thread_blocked, id=7864, stack(0x0000002998700000,0x0000002998800000)]
  0x000001f634515000 JavaThread "Unconstrained build operations Thread 38" [_thread_blocked, id=7952, stack(0x0000002998800000,0x0000002998900000)]
  0x000001f63451c800 JavaThread "Unconstrained build operations Thread 39" [_thread_blocked, id=6684, stack(0x0000002998900000,0x0000002998a00000)]
  0x000001f63451e000 JavaThread "Unconstrained build operations Thread 40" [_thread_blocked, id=7900, stack(0x0000002998a00000,0x0000002998b00000)]
  0x000001f634520800 JavaThread "Memory manager" [_thread_blocked, id=928, stack(0x0000002992f00000,0x0000002993000000)]

Other Threads:
  0x000001f62f187800 VMThread "VM Thread" [stack: 0x0000002993800000,0x0000002993900000] [id=6804]
  0x000001f62fc82000 WatcherThread [stack: 0x0000002994200000,0x0000002994300000] [id=3064]
  0x000001f6155d4000 GCTaskThread "GC Thread#0" [stack: 0x0000002993300000,0x0000002993400000] [id=7644]
  0x000001f630004000 GCTaskThread "GC Thread#1" [stack: 0x0000002994300000,0x0000002994400000] [id=5496]
  0x000001f6304bd800 GCTaskThread "GC Thread#2" [stack: 0x0000002994400000,0x0000002994500000] [id=6452]
  0x000001f6315d0000 GCTaskThread "GC Thread#3" [stack: 0x0000002994a00000,0x0000002994b00000] [id=7204]
  0x000001f615605000 ConcurrentGCThread "G1 Main Marker" [stack: 0x0000002993400000,0x0000002993500000] [id=6732]
  0x000001f615606800 ConcurrentGCThread "G1 Conc#0" [stack: 0x0000002993500000,0x0000002993600000] [id=1036]
  0x000001f615699000 ConcurrentGCThread "G1 Refine#0" [stack: 0x0000002993600000,0x0000002993700000] [id=7896]
  0x000001f61569a000 ConcurrentGCThread "G1 Young RemSet Sampling" [stack: 0x0000002993700000,0x0000002993800000] [id=7216]

Threads with active compile tasks:
C2 CompilerThread0 103899 10949   !   4       java.lang.reflect.Executable::sharedToGenericString (321 bytes)

VM state:not at safepoint (normal execution)

VM Mutex/Monitor currently owned by a thread: None

Heap address: 0x0000000080000000, size: 2048 MB, Compressed Oops mode: 32-bit
Narrow klass base: 0x0000000000000000, Narrow klass shift: 3
Compressed class space size: 1073741824 Address: 0x0000000100000000

Heap:
 garbage-first heap   total 227328K, used 172947K [0x0000000080000000, 0x0000000100000000)
  region size 1024K, 87 young (89088K), 13 survivors (13312K)
 Metaspace       used 86341K, capacity 88709K, committed 88832K, reserved 1126400K
  class space    used 11174K, capacity 12009K, committed 12032K, reserved 1048576K
Heap Regions: E=young(eden), S=young(survivor), O=old, HS=humongous(starts), HC=humongous(continues), CS=collection set, F=free, A=archive, TAMS=top-at-mark-start (previous, next)
|   0|0x0000000080000000, 0x0000000080100000, 0x0000000080100000|100%| O|  |TAMS 0x0000000080100000, 0x0000000080000000| Untracked 
|   1|0x0000000080100000, 0x0000000080200000, 0x0000000080200000|100%| O|  |TAMS 0x0000000080200000, 0x0000000080100000| Untracked 
|   2|0x0000000080200000, 0x0000000080300000, 0x0000000080300000|100%| O|  |TAMS 0x0000000080300000, 0x0000000080200000| Untracked 
|   3|0x0000000080300000, 0x0000000080400000, 0x0000000080400000|100%|HS|  |TAMS 0x0000000080400000, 0x0000000080300000| Complete 
|   4|0x0000000080400000, 0x0000000080500000, 0x0000000080500000|100%|HC|  |TAMS 0x0000000080500000, 0x0000000080400000| Complete 
|   5|0x0000000080500000, 0x0000000080600000, 0x0000000080600000|100%|HC|  |TAMS 0x0000000080600000, 0x0000000080500000| Complete 
|   6|0x0000000080600000, 0x0000000080700000, 0x0000000080700000|100%| O|  |TAMS 0x0000000080700000, 0x0000000080600000| Untracked 
|   7|0x0000000080700000, 0x0000000080800000, 0x0000000080800000|100%| O|  |TAMS 0x0000000080800000, 0x0000000080700000| Untracked 
|   8|0x0000000080800000, 0x0000000080900000, 0x0000000080900000|100%| O|  |TAMS 0x0000000080900000, 0x0000000080800000| Untracked 
|   9|0x0000000080900000, 0x0000000080a00000, 0x0000000080a00000|100%| O|  |TAMS 0x0000000080a00000, 0x0000000080900000| Untracked 
|  10|0x0000000080a00000, 0x0000000080b00000, 0x0000000080b00000|100%| O|  |TAMS 0x0000000080b00000, 0x0000000080a00000| Untracked 
|  11|0x0000000080b00000, 0x0000000080c00000, 0x0000000080c00000|100%| O|  |TAMS 0x0000000080c00000, 0x0000000080b00000| Untracked 
|  12|0x0000000080c00000, 0x0000000080d00000, 0x0000000080d00000|100%| O|  |TAMS 0x0000000080d00000, 0x0000000080c00000| Untracked 
|  13|0x0000000080d00000, 0x0000000080e00000, 0x0000000080e00000|100%| O|  |TAMS 0x0000000080e00000, 0x0000000080d00000| Untracked 
|  14|0x0000000080e00000, 0x0000000080f00000, 0x0000000080f00000|100%| O|  |TAMS 0x0000000080f00000, 0x0000000080e00000| Untracked 
|  15|0x0000000080f00000, 0x0000000081000000, 0x0000000081000000|100%| O|  |TAMS 0x0000000081000000, 0x0000000080f00000| Untracked 
|  16|0x0000000081000000, 0x0000000081100000, 0x0000000081100000|100%|HS|  |TAMS 0x0000000081100000, 0x0000000081000000| Complete 
|  17|0x0000000081100000, 0x0000000081200000, 0x0000000081200000|100%|HC|  |TAMS 0x0000000081200000, 0x0000000081100000| Complete 
|  18|0x0000000081200000, 0x0000000081300000, 0x0000000081300000|100%|HS|  |TAMS 0x0000000081300000, 0x0000000081200000| Complete 
|  19|0x0000000081300000, 0x0000000081400000, 0x0000000081400000|100%|HC|  |TAMS 0x0000000081400000, 0x0000000081300000| Complete 
|  20|0x0000000081400000, 0x0000000081500000, 0x0000000081500000|100%|HC|  |TAMS 0x0000000081500000, 0x0000000081400000| Complete 
|  21|0x0000000081500000, 0x0000000081600000, 0x0000000081600000|100%|HS|  |TAMS 0x0000000081600000, 0x0000000081500000| Complete 
|  22|0x0000000081600000, 0x0000000081700000, 0x0000000081700000|100%|HC|  |TAMS 0x0000000081700000, 0x0000000081600000| Complete 
|  23|0x0000000081700000, 0x0000000081800000, 0x0000000081800000|100%|HC|  |TAMS 0x0000000081800000, 0x0000000081700000| Complete 
|  24|0x0000000081800000, 0x0000000081900000, 0x0000000081900000|100%|HC|  |TAMS 0x0000000081900000, 0x0000000081800000| Complete 
|  25|0x0000000081900000, 0x0000000081a00000, 0x0000000081a00000|100%|HC|  |TAMS 0x0000000081a00000, 0x0000000081900000| Complete 
|  26|0x0000000081a00000, 0x0000000081b00000, 0x0000000081b00000|100%| O|  |TAMS 0x0000000081b00000, 0x0000000081a00000| Untracked 
|  27|0x0000000081b00000, 0x0000000081c00000, 0x0000000081c00000|100%| O|  |TAMS 0x0000000081c00000, 0x0000000081b00000| Untracked 
|  28|0x0000000081c00000, 0x0000000081d00000, 0x0000000081d00000|100%| O|  |TAMS 0x0000000081d00000, 0x0000000081c00000| Untracked 
|  29|0x0000000081d00000, 0x0000000081e00000, 0x0000000081e00000|100%| O|  |TAMS 0x0000000081e00000, 0x0000000081d00000| Untracked 
|  30|0x0000000081e00000, 0x0000000081f00000, 0x0000000081f00000|100%| O|  |TAMS 0x0000000081f00000, 0x0000000081e00000| Untracked 
|  31|0x0000000081f00000, 0x0000000082000000, 0x0000000082000000|100%| O|  |TAMS 0x0000000082000000, 0x0000000081f00000| Untracked 
|  32|0x0000000082000000, 0x0000000082100000, 0x0000000082100000|100%| O|  |TAMS 0x0000000082100000, 0x0000000082000000| Untracked 
|  33|0x0000000082100000, 0x0000000082200000, 0x0000000082200000|100%| O|  |TAMS 0x0000000082200000, 0x0000000082100000| Untracked 
|  34|0x0000000082200000, 0x0000000082300000, 0x0000000082300000|100%| O|  |TAMS 0x0000000082300000, 0x0000000082200000| Untracked 
|  35|0x0000000082300000, 0x0000000082400000, 0x0000000082400000|100%| O|  |TAMS 0x0000000082400000, 0x0000000082300000| Untracked 
|  36|0x0000000082400000, 0x0000000082500000, 0x0000000082500000|100%| O|  |TAMS 0x0000000082500000, 0x0000000082400000| Untracked 
|  37|0x0000000082500000, 0x0000000082600000, 0x0000000082600000|100%| O|  |TAMS 0x0000000082600000, 0x0000000082500000| Untracked 
|  38|0x0000000082600000, 0x0000000082700000, 0x0000000082700000|100%| O|  |TAMS 0x0000000082700000, 0x0000000082600000| Untracked 
|  39|0x0000000082700000, 0x0000000082800000, 0x0000000082800000|100%| O|  |TAMS 0x0000000082800000, 0x0000000082700000| Untracked 
|  40|0x0000000082800000, 0x0000000082900000, 0x0000000082900000|100%| O|  |TAMS 0x0000000082900000, 0x0000000082800000| Untracked 
|  41|0x0000000082900000, 0x0000000082a00000, 0x0000000082a00000|100%| O|  |TAMS 0x0000000082a00000, 0x0000000082900000| Untracked 
|  42|0x0000000082a00000, 0x0000000082a00000, 0x0000000082b00000|  0%| F|  |TAMS 0x0000000082a00000, 0x0000000082a00000| Untracked 
|  43|0x0000000082b00000, 0x0000000082b00000, 0x0000000082c00000|  0%| F|  |TAMS 0x0000000082b00000, 0x0000000082b00000| Untracked 
|  44|0x0000000082c00000, 0x0000000082c00000, 0x0000000082d00000|  0%| F|  |TAMS 0x0000000082c00000, 0x0000000082c00000| Untracked 
|  45|0x0000000082d00000, 0x0000000082e00000, 0x0000000082e00000|100%|HS|  |TAMS 0x0000000082e00000, 0x0000000082d00000| Complete 
|  46|0x0000000082e00000, 0x0000000082f00000, 0x0000000082f00000|100%|HC|  |TAMS 0x0000000082f00000, 0x0000000082e00000| Complete 
|  47|0x0000000082f00000, 0x0000000083000000, 0x0000000083000000|100%|HC|  |TAMS 0x0000000083000000, 0x0000000082f00000| Complete 
|  48|0x0000000083000000, 0x0000000083100000, 0x0000000083100000|100%|HC|  |TAMS 0x0000000083100000, 0x0000000083000000| Complete 
|  49|0x0000000083100000, 0x0000000083200000, 0x0000000083200000|100%|HC|  |TAMS 0x0000000083200000, 0x0000000083100000| Complete 
|  50|0x0000000083200000, 0x0000000083300000, 0x0000000083300000|100%| O|  |TAMS 0x0000000083300000, 0x0000000083200000| Untracked 
|  51|0x0000000083300000, 0x0000000083400000, 0x0000000083400000|100%| O|  |TAMS 0x0000000083400000, 0x0000000083300000| Untracked 
|  52|0x0000000083400000, 0x0000000083500000, 0x0000000083500000|100%| O|  |TAMS 0x0000000083500000, 0x0000000083400000| Untracked 
|  53|0x0000000083500000, 0x0000000083600000, 0x0000000083600000|100%| O|  |TAMS 0x0000000083600000, 0x0000000083500000| Untracked 
|  54|0x0000000083600000, 0x0000000083700000, 0x0000000083700000|100%| O|  |TAMS 0x0000000083700000, 0x0000000083600000| Untracked 
|  55|0x0000000083700000, 0x0000000083800000, 0x0000000083800000|100%| O|  |TAMS 0x0000000083800000, 0x0000000083700000| Untracked 
|  56|0x0000000083800000, 0x0000000083900000, 0x0000000083900000|100%| O|  |TAMS 0x0000000083900000, 0x0000000083800000| Untracked 
|  57|0x0000000083900000, 0x0000000083a00000, 0x0000000083a00000|100%| O|  |TAMS 0x0000000083a00000, 0x0000000083900000| Untracked 
|  58|0x0000000083a00000, 0x0000000083b00000, 0x0000000083b00000|100%| O|  |TAMS 0x0000000083b00000, 0x0000000083a00000| Untracked 
|  59|0x0000000083b00000, 0x0000000083c00000, 0x0000000083c00000|100%|HS|  |TAMS 0x0000000083c00000, 0x0000000083b00000| Complete 
|  60|0x0000000083c00000, 0x0000000083d00000, 0x0000000083d00000|100%|HC|  |TAMS 0x0000000083d00000, 0x0000000083c00000| Complete 
|  61|0x0000000083d00000, 0x0000000083e00000, 0x0000000083e00000|100%|HC|  |TAMS 0x0000000083e00000, 0x0000000083d00000| Complete 
|  62|0x0000000083e00000, 0x0000000083f00000, 0x0000000083f00000|100%| O|  |TAMS 0x0000000083f00000, 0x0000000083e00000| Untracked 
|  63|0x0000000083f00000, 0x0000000084000000, 0x0000000084000000|100%| O|  |TAMS 0x0000000084000000, 0x0000000083f00000| Untracked 
|  64|0x0000000084000000, 0x0000000084100000, 0x0000000084100000|100%| O|  |TAMS 0x0000000084100000, 0x0000000084000000| Untracked 
|  65|0x0000000084100000, 0x0000000084200000, 0x0000000084200000|100%| O|  |TAMS 0x0000000084200000, 0x0000000084100000| Untracked 
|  66|0x0000000084200000, 0x0000000084300000, 0x0000000084300000|100%| O|  |TAMS 0x0000000084300000, 0x0000000084200000| Untracked 
|  67|0x0000000084300000, 0x0000000084400000, 0x0000000084400000|100%| O|  |TAMS 0x0000000084400000, 0x0000000084300000| Untracked 
|  68|0x0000000084400000, 0x0000000084500000, 0x0000000084500000|100%| O|  |TAMS 0x0000000084500000, 0x0000000084400000| Untracked 
|  69|0x0000000084500000, 0x0000000084600000, 0x0000000084600000|100%|HS|  |TAMS 0x0000000084600000, 0x0000000084500000| Complete 
|  70|0x0000000084600000, 0x0000000084700000, 0x0000000084700000|100%|HS|  |TAMS 0x0000000084700000, 0x0000000084600000| Complete 
|  71|0x0000000084700000, 0x0000000084800000, 0x0000000084800000|100%|HS|  |TAMS 0x0000000084800000, 0x0000000084700000| Complete 
|  72|0x0000000084800000, 0x0000000084900000, 0x0000000084900000|100%| O|  |TAMS 0x0000000084900000, 0x0000000084800000| Untracked 
|  73|0x0000000084900000, 0x0000000084a00000, 0x0000000084a00000|100%| O|  |TAMS 0x0000000084a00000, 0x0000000084900000| Untracked 
|  74|0x0000000084a00000, 0x0000000084b00000, 0x0000000084b00000|100%|HS|  |TAMS 0x0000000084b00000, 0x0000000084a00000| Complete 
|  75|0x0000000084b00000, 0x0000000084c00000, 0x0000000084c00000|100%|HC|  |TAMS 0x0000000084c00000, 0x0000000084b00000| Complete 
|  76|0x0000000084c00000, 0x0000000084d00000, 0x0000000084d00000|100%|HC|  |TAMS 0x0000000084d00000, 0x0000000084c00000| Complete 
|  77|0x0000000084d00000, 0x0000000084e00000, 0x0000000084e00000|100%|HS|  |TAMS 0x0000000084e00000, 0x0000000084d00000| Complete 
|  78|0x0000000084e00000, 0x0000000084f00000, 0x0000000084f00000|100%|HC|  |TAMS 0x0000000084f00000, 0x0000000084e00000| Complete 
|  79|0x0000000084f00000, 0x0000000085000000, 0x0000000085000000|100%| O|  |TAMS 0x0000000085000000, 0x0000000084f00000| Untracked 
|  80|0x0000000085000000, 0x0000000085100000, 0x0000000085100000|100%| O|  |TAMS 0x0000000085100000, 0x0000000085000000| Untracked 
|  81|0x0000000085100000, 0x0000000085200000, 0x0000000085200000|100%| O|  |TAMS 0x0000000085200000, 0x0000000085100000| Untracked 
|  82|0x0000000085200000, 0x0000000085300000, 0x0000000085300000|100%| O|  |TAMS 0x0000000085300000, 0x0000000085200000| Untracked 
|  83|0x0000000085300000, 0x0000000085400000, 0x0000000085400000|100%| O|  |TAMS 0x0000000085400000, 0x0000000085300000| Untracked 
|  84|0x0000000085400000, 0x0000000085500000, 0x0000000085500000|100%| O|  |TAMS 0x0000000085500000, 0x0000000085400000| Untracked 
|  85|0x0000000085500000, 0x00000000855fb800, 0x0000000085600000| 98%| O|  |TAMS 0x00000000855fb800, 0x0000000085500000| Untracked 
|  86|0x0000000085600000, 0x0000000085600000, 0x0000000085700000|  0%| F|  |TAMS 0x0000000085600000, 0x0000000085600000| Untracked 
|  87|0x0000000085700000, 0x0000000085700000, 0x0000000085800000|  0%| F|  |TAMS 0x0000000085700000, 0x0000000085700000| Untracked 
|  88|0x0000000085800000, 0x0000000085800000, 0x0000000085900000|  0%| F|  |TAMS 0x0000000085800000, 0x0000000085800000| Untracked 
|  89|0x0000000085900000, 0x0000000085900000, 0x0000000085a00000|  0%| F|  |TAMS 0x0000000085900000, 0x0000000085900000| Untracked 
|  90|0x0000000085a00000, 0x0000000085a00000, 0x0000000085b00000|  0%| F|  |TAMS 0x0000000085a00000, 0x0000000085a00000| Untracked 
|  91|0x0000000085b00000, 0x0000000085b00000, 0x0000000085c00000|  0%| F|  |TAMS 0x0000000085b00000, 0x0000000085b00000| Untracked 
|  92|0x0000000085c00000, 0x0000000085c00000, 0x0000000085d00000|  0%| F|  |TAMS 0x0000000085c00000, 0x0000000085c00000| Untracked 
|  93|0x0000000085d00000, 0x0000000085d00000, 0x0000000085e00000|  0%| F|  |TAMS 0x0000000085d00000, 0x0000000085d00000| Untracked 
|  94|0x0000000085e00000, 0x0000000085e00000, 0x0000000085f00000|  0%| F|  |TAMS 0x0000000085e00000, 0x0000000085e00000| Untracked 
|  95|0x0000000085f00000, 0x0000000085f00000, 0x0000000086000000|  0%| F|  |TAMS 0x0000000085f00000, 0x0000000085f00000| Untracked 
|  96|0x0000000086000000, 0x0000000086000000, 0x0000000086100000|  0%| F|  |TAMS 0x0000000086000000, 0x0000000086000000| Untracked 
|  97|0x0000000086100000, 0x0000000086100000, 0x0000000086200000|  0%| F|  |TAMS 0x0000000086100000, 0x0000000086100000| Untracked 
|  98|0x0000000086200000, 0x0000000086200000, 0x0000000086300000|  0%| F|  |TAMS 0x0000000086200000, 0x0000000086200000| Untracked 
|  99|0x0000000086300000, 0x0000000086300000, 0x0000000086400000|  0%| F|  |TAMS 0x0000000086300000, 0x0000000086300000| Untracked 
| 100|0x0000000086400000, 0x0000000086400000, 0x0000000086500000|  0%| F|  |TAMS 0x0000000086400000, 0x0000000086400000| Untracked 
| 101|0x0000000086500000, 0x0000000086500000, 0x0000000086600000|  0%| F|  |TAMS 0x0000000086500000, 0x0000000086500000| Untracked 
| 102|0x0000000086600000, 0x0000000086600000, 0x0000000086700000|  0%| F|  |TAMS 0x0000000086600000, 0x0000000086600000| Untracked 
| 103|0x0000000086700000, 0x0000000086700000, 0x0000000086800000|  0%| F|  |TAMS 0x0000000086700000, 0x0000000086700000| Untracked 
| 104|0x0000000086800000, 0x0000000086800000, 0x0000000086900000|  0%| F|  |TAMS 0x0000000086800000, 0x0000000086800000| Untracked 
| 105|0x0000000086900000, 0x0000000086900000, 0x0000000086a00000|  0%| F|  |TAMS 0x0000000086900000, 0x0000000086900000| Untracked 
| 106|0x0000000086a00000, 0x0000000086a00000, 0x0000000086b00000|  0%| F|  |TAMS 0x0000000086a00000, 0x0000000086a00000| Untracked 
| 107|0x0000000086b00000, 0x0000000086b00000, 0x0000000086c00000|  0%| F|  |TAMS 0x0000000086b00000, 0x0000000086b00000| Untracked 
| 108|0x0000000086c00000, 0x0000000086c00000, 0x0000000086d00000|  0%| F|  |TAMS 0x0000000086c00000, 0x0000000086c00000| Untracked 
| 109|0x0000000086d00000, 0x0000000086d00000, 0x0000000086e00000|  0%| F|  |TAMS 0x0000000086d00000, 0x0000000086d00000| Untracked 
| 110|0x0000000086e00000, 0x0000000086e00000, 0x0000000086f00000|  0%| F|  |TAMS 0x0000000086e00000, 0x0000000086e00000| Untracked 
| 111|0x0000000086f00000, 0x0000000086f00000, 0x0000000087000000|  0%| F|  |TAMS 0x0000000086f00000, 0x0000000086f00000| Untracked 
| 112|0x0000000087000000, 0x00000000870e95c0, 0x0000000087100000| 91%| S|CS|TAMS 0x0000000087000000, 0x0000000087000000| Complete 
| 113|0x0000000087100000, 0x0000000087200000, 0x0000000087200000|100%| S|CS|TAMS 0x0000000087100000, 0x0000000087100000| Complete 
| 114|0x0000000087200000, 0x0000000087300000, 0x0000000087300000|100%| S|CS|TAMS 0x0000000087200000, 0x0000000087200000| Complete 
| 115|0x0000000087300000, 0x0000000087400000, 0x0000000087400000|100%| S|CS|TAMS 0x0000000087300000, 0x0000000087300000| Complete 
| 116|0x0000000087400000, 0x0000000087500000, 0x0000000087500000|100%| S|CS|TAMS 0x0000000087400000, 0x0000000087400000| Complete 
| 117|0x0000000087500000, 0x0000000087600000, 0x0000000087600000|100%| S|CS|TAMS 0x0000000087500000, 0x0000000087500000| Complete 
| 118|0x0000000087600000, 0x0000000087700000, 0x0000000087700000|100%| S|CS|TAMS 0x0000000087600000, 0x0000000087600000| Complete 
| 119|0x0000000087700000, 0x0000000087800000, 0x0000000087800000|100%| S|CS|TAMS 0x0000000087700000, 0x0000000087700000| Complete 
| 120|0x0000000087800000, 0x0000000087900000, 0x0000000087900000|100%| S|CS|TAMS 0x0000000087800000, 0x0000000087800000| Complete 
| 121|0x0000000087900000, 0x0000000087a00000, 0x0000000087a00000|100%| S|CS|TAMS 0x0000000087900000, 0x0000000087900000| Complete 
| 122|0x0000000087a00000, 0x0000000087a00000, 0x0000000087b00000|  0%| F|  |TAMS 0x0000000087a00000, 0x0000000087a00000| Untracked 
| 123|0x0000000087b00000, 0x0000000087b00000, 0x0000000087c00000|  0%| F|  |TAMS 0x0000000087b00000, 0x0000000087b00000| Untracked 
| 124|0x0000000087c00000, 0x0000000087c00000, 0x0000000087d00000|  0%| F|  |TAMS 0x0000000087c00000, 0x0000000087c00000| Untracked 
| 125|0x0000000087d00000, 0x0000000087d00000, 0x0000000087e00000|  0%| F|  |TAMS 0x0000000087d00000, 0x0000000087d00000| Untracked 
| 126|0x0000000087e00000, 0x0000000087e00000, 0x0000000087f00000|  0%| F|  |TAMS 0x0000000087e00000, 0x0000000087e00000| Untracked 
| 127|0x0000000087f00000, 0x0000000087f00000, 0x0000000088000000|  0%| F|  |TAMS 0x0000000087f00000, 0x0000000087f00000| Untracked 
| 128|0x0000000088000000, 0x0000000088000000, 0x0000000088100000|  0%| F|  |TAMS 0x0000000088000000, 0x0000000088000000| Untracked 
| 129|0x0000000088100000, 0x0000000088200000, 0x0000000088200000|100%| S|CS|TAMS 0x0000000088100000, 0x0000000088100000| Complete 
| 130|0x0000000088200000, 0x0000000088300000, 0x0000000088300000|100%| S|CS|TAMS 0x0000000088200000, 0x0000000088200000| Complete 
| 131|0x0000000088300000, 0x0000000088400000, 0x0000000088400000|100%| S|CS|TAMS 0x0000000088300000, 0x0000000088300000| Complete 
| 132|0x0000000088400000, 0x0000000088400000, 0x0000000088500000|  0%| F|  |TAMS 0x0000000088400000, 0x0000000088400000| Untracked 
| 133|0x0000000088500000, 0x0000000088500000, 0x0000000088600000|  0%| F|  |TAMS 0x0000000088500000, 0x0000000088500000| Untracked 
| 134|0x0000000088600000, 0x0000000088600000, 0x0000000088700000|  0%| F|  |TAMS 0x0000000088600000, 0x0000000088600000| Untracked 
| 135|0x0000000088700000, 0x0000000088700000, 0x0000000088800000|  0%| F|  |TAMS 0x0000000088700000, 0x0000000088700000| Untracked 
| 136|0x0000000088800000, 0x0000000088800000, 0x0000000088900000|  0%| F|  |TAMS 0x0000000088800000, 0x0000000088800000| Untracked 
| 137|0x0000000088900000, 0x0000000088900000, 0x0000000088a00000|  0%| F|  |TAMS 0x0000000088900000, 0x0000000088900000| Untracked 
| 138|0x0000000088a00000, 0x0000000088a00000, 0x0000000088b00000|  0%| F|  |TAMS 0x0000000088a00000, 0x0000000088a00000| Untracked 
| 139|0x0000000088b00000, 0x0000000088b00000, 0x0000000088c00000|  0%| F|  |TAMS 0x0000000088b00000, 0x0000000088b00000| Untracked 
| 140|0x0000000088c00000, 0x0000000088c00000, 0x0000000088d00000|  0%| F|  |TAMS 0x0000000088c00000, 0x0000000088c00000| Untracked 
| 141|0x0000000088d00000, 0x0000000088d00000, 0x0000000088e00000|  0%| F|  |TAMS 0x0000000088d00000, 0x0000000088d00000| Untracked 
| 142|0x0000000088e00000, 0x0000000088e00000, 0x0000000088f00000|  0%| F|  |TAMS 0x0000000088e00000, 0x0000000088e00000| Untracked 
| 143|0x0000000088f00000, 0x0000000088f00000, 0x0000000089000000|  0%| F|  |TAMS 0x0000000088f00000, 0x0000000088f00000| Untracked 
| 144|0x0000000089000000, 0x0000000089000000, 0x0000000089100000|  0%| F|  |TAMS 0x0000000089000000, 0x0000000089000000| Untracked 
| 145|0x0000000089100000, 0x0000000089100000, 0x0000000089200000|  0%| F|  |TAMS 0x0000000089100000, 0x0000000089100000| Untracked 
| 146|0x0000000089200000, 0x0000000089200000, 0x0000000089300000|  0%| F|  |TAMS 0x0000000089200000, 0x0000000089200000| Untracked 
| 147|0x0000000089300000, 0x0000000089300000, 0x0000000089400000|  0%| F|  |TAMS 0x0000000089300000, 0x0000000089300000| Untracked 
| 148|0x0000000089400000, 0x0000000089489520, 0x0000000089500000| 53%| E|  |TAMS 0x0000000089400000, 0x0000000089400000| Complete 
| 149|0x0000000089500000, 0x0000000089600000, 0x0000000089600000|100%| E|CS|TAMS 0x0000000089500000, 0x0000000089500000| Complete 
| 150|0x0000000089600000, 0x0000000089700000, 0x0000000089700000|100%| E|CS|TAMS 0x0000000089600000, 0x0000000089600000| Complete 
| 151|0x0000000089700000, 0x0000000089800000, 0x0000000089800000|100%| E|CS|TAMS 0x0000000089700000, 0x0000000089700000| Complete 
| 152|0x0000000089800000, 0x0000000089900000, 0x0000000089900000|100%| E|CS|TAMS 0x0000000089800000, 0x0000000089800000| Complete 
| 153|0x0000000089900000, 0x0000000089a00000, 0x0000000089a00000|100%| E|CS|TAMS 0x0000000089900000, 0x0000000089900000| Complete 
| 154|0x0000000089a00000, 0x0000000089b00000, 0x0000000089b00000|100%| E|CS|TAMS 0x0000000089a00000, 0x0000000089a00000| Complete 
| 155|0x0000000089b00000, 0x0000000089c00000, 0x0000000089c00000|100%| E|CS|TAMS 0x0000000089b00000, 0x0000000089b00000| Complete 
| 156|0x0000000089c00000, 0x0000000089d00000, 0x0000000089d00000|100%| E|CS|TAMS 0x0000000089c00000, 0x0000000089c00000| Complete 
| 157|0x0000000089d00000, 0x0000000089e00000, 0x0000000089e00000|100%| E|CS|TAMS 0x0000000089d00000, 0x0000000089d00000| Complete 
| 158|0x0000000089e00000, 0x0000000089f00000, 0x0000000089f00000|100%| E|CS|TAMS 0x0000000089e00000, 0x0000000089e00000| Complete 
| 159|0x0000000089f00000, 0x000000008a000000, 0x000000008a000000|100%| E|CS|TAMS 0x0000000089f00000, 0x0000000089f00000| Complete 
| 160|0x000000008a000000, 0x000000008a100000, 0x000000008a100000|100%| E|CS|TAMS 0x000000008a000000, 0x000000008a000000| Complete 
| 161|0x000000008a100000, 0x000000008a200000, 0x000000008a200000|100%| E|CS|TAMS 0x000000008a100000, 0x000000008a100000| Complete 
| 162|0x000000008a200000, 0x000000008a300000, 0x000000008a300000|100%| E|CS|TAMS 0x000000008a200000, 0x000000008a200000| Complete 
| 163|0x000000008a300000, 0x000000008a400000, 0x000000008a400000|100%| E|CS|TAMS 0x000000008a300000, 0x000000008a300000| Complete 
| 164|0x000000008a400000, 0x000000008a500000, 0x000000008a500000|100%| E|CS|TAMS 0x000000008a400000, 0x000000008a400000| Complete 
| 165|0x000000008a500000, 0x000000008a600000, 0x000000008a600000|100%| E|CS|TAMS 0x000000008a500000, 0x000000008a500000| Complete 
| 166|0x000000008a600000, 0x000000008a700000, 0x000000008a700000|100%| E|CS|TAMS 0x000000008a600000, 0x000000008a600000| Complete 
| 167|0x000000008a700000, 0x000000008a800000, 0x000000008a800000|100%| E|CS|TAMS 0x000000008a700000, 0x000000008a700000| Complete 
| 168|0x000000008a800000, 0x000000008a900000, 0x000000008a900000|100%| E|CS|TAMS 0x000000008a800000, 0x000000008a800000| Complete 
| 169|0x000000008a900000, 0x000000008aa00000, 0x000000008aa00000|100%| E|CS|TAMS 0x000000008a900000, 0x000000008a900000| Complete 
| 170|0x000000008aa00000, 0x000000008ab00000, 0x000000008ab00000|100%| E|CS|TAMS 0x000000008aa00000, 0x000000008aa00000| Complete 
| 171|0x000000008ab00000, 0x000000008ac00000, 0x000000008ac00000|100%| E|CS|TAMS 0x000000008ab00000, 0x000000008ab00000| Complete 
| 172|0x000000008ac00000, 0x000000008ad00000, 0x000000008ad00000|100%| E|CS|TAMS 0x000000008ac00000, 0x000000008ac00000| Complete 
| 173|0x000000008ad00000, 0x000000008ae00000, 0x000000008ae00000|100%| E|CS|TAMS 0x000000008ad00000, 0x000000008ad00000| Complete 
| 174|0x000000008ae00000, 0x000000008af00000, 0x000000008af00000|100%| E|CS|TAMS 0x000000008ae00000, 0x000000008ae00000| Complete 
| 175|0x000000008af00000, 0x000000008b000000, 0x000000008b000000|100%| E|CS|TAMS 0x000000008af00000, 0x000000008af00000| Complete 
| 176|0x000000008b000000, 0x000000008b100000, 0x000000008b100000|100%| E|CS|TAMS 0x000000008b000000, 0x000000008b000000| Complete 
| 177|0x000000008b100000, 0x000000008b200000, 0x000000008b200000|100%| E|CS|TAMS 0x000000008b100000, 0x000000008b100000| Complete 
| 178|0x000000008b200000, 0x000000008b300000, 0x000000008b300000|100%| E|CS|TAMS 0x000000008b200000, 0x000000008b200000| Complete 
| 179|0x000000008b300000, 0x000000008b400000, 0x000000008b400000|100%| E|CS|TAMS 0x000000008b300000, 0x000000008b300000| Complete 
| 180|0x000000008b400000, 0x000000008b500000, 0x000000008b500000|100%| E|CS|TAMS 0x000000008b400000, 0x000000008b400000| Complete 
| 181|0x000000008b500000, 0x000000008b600000, 0x000000008b600000|100%| E|CS|TAMS 0x000000008b500000, 0x000000008b500000| Complete 
| 182|0x000000008b600000, 0x000000008b700000, 0x000000008b700000|100%| E|CS|TAMS 0x000000008b600000, 0x000000008b600000| Complete 
| 183|0x000000008b700000, 0x000000008b800000, 0x000000008b800000|100%| E|CS|TAMS 0x000000008b700000, 0x000000008b700000| Complete 
| 184|0x000000008b800000, 0x000000008b900000, 0x000000008b900000|100%| E|CS|TAMS 0x000000008b800000, 0x000000008b800000| Complete 
| 185|0x000000008b900000, 0x000000008ba00000, 0x000000008ba00000|100%| E|CS|TAMS 0x000000008b900000, 0x000000008b900000| Complete 
| 186|0x000000008ba00000, 0x000000008bb00000, 0x000000008bb00000|100%| E|CS|TAMS 0x000000008ba00000, 0x000000008ba00000| Complete 
| 187|0x000000008bb00000, 0x000000008bc00000, 0x000000008bc00000|100%| E|CS|TAMS 0x000000008bb00000, 0x000000008bb00000| Complete 
| 188|0x000000008bc00000, 0x000000008bd00000, 0x000000008bd00000|100%| E|CS|TAMS 0x000000008bc00000, 0x000000008bc00000| Complete 
| 189|0x000000008bd00000, 0x000000008be00000, 0x000000008be00000|100%| E|CS|TAMS 0x000000008bd00000, 0x000000008bd00000| Complete 
| 190|0x000000008be00000, 0x000000008bf00000, 0x000000008bf00000|100%| E|CS|TAMS 0x000000008be00000, 0x000000008be00000| Complete 
| 191|0x000000008bf00000, 0x000000008c000000, 0x000000008c000000|100%| E|CS|TAMS 0x000000008bf00000, 0x000000008bf00000| Complete 
| 192|0x000000008c000000, 0x000000008c100000, 0x000000008c100000|100%| E|CS|TAMS 0x000000008c000000, 0x000000008c000000| Complete 
| 193|0x000000008c100000, 0x000000008c200000, 0x000000008c200000|100%| E|CS|TAMS 0x000000008c100000, 0x000000008c100000| Complete 
| 194|0x000000008c200000, 0x000000008c300000, 0x000000008c300000|100%| E|CS|TAMS 0x000000008c200000, 0x000000008c200000| Complete 
| 195|0x000000008c300000, 0x000000008c400000, 0x000000008c400000|100%| E|CS|TAMS 0x000000008c300000, 0x000000008c300000| Complete 
| 196|0x000000008c400000, 0x000000008c500000, 0x000000008c500000|100%| E|CS|TAMS 0x000000008c400000, 0x000000008c400000| Complete 
| 197|0x000000008c500000, 0x000000008c600000, 0x000000008c600000|100%| E|CS|TAMS 0x000000008c500000, 0x000000008c500000| Complete 
| 198|0x000000008c600000, 0x000000008c700000, 0x000000008c700000|100%| E|CS|TAMS 0x000000008c600000, 0x000000008c600000| Complete 
| 199|0x000000008c700000, 0x000000008c800000, 0x000000008c800000|100%| E|CS|TAMS 0x000000008c700000, 0x000000008c700000| Complete 
| 200|0x000000008c800000, 0x000000008c900000, 0x000000008c900000|100%| E|CS|TAMS 0x000000008c800000, 0x000000008c800000| Complete 
| 201|0x000000008c900000, 0x000000008ca00000, 0x000000008ca00000|100%| E|CS|TAMS 0x000000008c900000, 0x000000008c900000| Complete 
| 202|0x000000008ca00000, 0x000000008cb00000, 0x000000008cb00000|100%| E|CS|TAMS 0x000000008ca00000, 0x000000008ca00000| Complete 
| 203|0x000000008cb00000, 0x000000008cc00000, 0x000000008cc00000|100%| E|CS|TAMS 0x000000008cb00000, 0x000000008cb00000| Complete 
| 204|0x000000008cc00000, 0x000000008cd00000, 0x000000008cd00000|100%| E|CS|TAMS 0x000000008cc00000, 0x000000008cc00000| Complete 
| 205|0x000000008cd00000, 0x000000008ce00000, 0x000000008ce00000|100%| E|CS|TAMS 0x000000008cd00000, 0x000000008cd00000| Complete 
| 206|0x000000008ce00000, 0x000000008cf00000, 0x000000008cf00000|100%| E|CS|TAMS 0x000000008ce00000, 0x000000008ce00000| Complete 
| 207|0x000000008cf00000, 0x000000008d000000, 0x000000008d000000|100%| E|CS|TAMS 0x000000008cf00000, 0x000000008cf00000| Complete 
| 208|0x000000008d000000, 0x000000008d100000, 0x000000008d100000|100%| E|CS|TAMS 0x000000008d000000, 0x000000008d000000| Complete 
| 209|0x000000008d100000, 0x000000008d200000, 0x000000008d200000|100%| E|CS|TAMS 0x000000008d100000, 0x000000008d100000| Complete 
| 210|0x000000008d200000, 0x000000008d300000, 0x000000008d300000|100%| E|CS|TAMS 0x000000008d200000, 0x000000008d200000| Complete 
| 211|0x000000008d300000, 0x000000008d400000, 0x000000008d400000|100%| E|CS|TAMS 0x000000008d300000, 0x000000008d300000| Complete 
| 212|0x000000008d400000, 0x000000008d500000, 0x000000008d500000|100%| E|CS|TAMS 0x000000008d400000, 0x000000008d400000| Complete 
| 213|0x000000008d500000, 0x000000008d600000, 0x000000008d600000|100%| E|CS|TAMS 0x000000008d500000, 0x000000008d500000| Complete 
| 214|0x000000008d600000, 0x000000008d700000, 0x000000008d700000|100%| E|CS|TAMS 0x000000008d600000, 0x000000008d600000| Complete 
| 215|0x000000008d700000, 0x000000008d800000, 0x000000008d800000|100%| E|CS|TAMS 0x000000008d700000, 0x000000008d700000| Complete 
| 216|0x000000008d800000, 0x000000008d900000, 0x000000008d900000|100%| E|CS|TAMS 0x000000008d800000, 0x000000008d800000| Complete 
| 217|0x000000008d900000, 0x000000008da00000, 0x000000008da00000|100%| E|CS|TAMS 0x000000008d900000, 0x000000008d900000| Complete 
| 218|0x000000008da00000, 0x000000008db00000, 0x000000008db00000|100%| E|CS|TAMS 0x000000008da00000, 0x000000008da00000| Complete 
| 219|0x000000008db00000, 0x000000008dc00000, 0x000000008dc00000|100%| E|CS|TAMS 0x000000008db00000, 0x000000008db00000| Complete 
| 220|0x000000008dc00000, 0x000000008dd00000, 0x000000008dd00000|100%| E|CS|TAMS 0x000000008dc00000, 0x000000008dc00000| Complete 
| 221|0x000000008dd00000, 0x000000008de00000, 0x000000008de00000|100%| E|CS|TAMS 0x000000008dd00000, 0x000000008dd00000| Complete 

Card table byte_map: [0x000001f6284b0000,0x000001f6288b0000] _byte_map_base: 0x000001f6280b0000

Marking Bits (Prev, Next): (CMBitMap*) 0x000001f6155fc428, (CMBitMap*) 0x000001f6155fc460
 Prev Bits: [0x000001f628cb0000, 0x000001f62acb0000)
 Next Bits: [0x000001f62acb0000, 0x000001f62ccb0000)

Polling page: 0x000001f613530000

Metaspace:

Usage:
  Non-class:     74.90 MB capacity,    73.41 MB ( 98%) used,     1.26 MB (  2%) free+waste,   237.50 KB ( <1%) overhead. 
      Class:     11.73 MB capacity,    10.91 MB ( 93%) used,   723.44 KB (  6%) free+waste,   110.75 KB ( <1%) overhead. 
       Both:     86.63 MB capacity,    84.32 MB ( 97%) used,     1.97 MB (  2%) free+waste,   348.25 KB ( <1%) overhead. 

Virtual space:
  Non-class space:       76.00 MB reserved,      75.00 MB ( 99%) committed 
      Class space:        1.00 GB reserved,      11.75 MB (  1%) committed 
             Both:        1.07 GB reserved,      86.75 MB (  8%) committed 

Chunk freelists:
   Non-Class:  36.00 KB
       Class:  23.00 KB
        Both:  59.00 KB

MaxMetaspaceSize: 17179869184.00 GB
CompressedClassSpaceSize: 1.00 GB

CodeHeap 'non-profiled nmethods': size=120064Kb used=9591Kb max_used=9591Kb free=110472Kb
 bounds [0x000001f620b70000, 0x000001f6214d0000, 0x000001f6280b0000]
CodeHeap 'profiled nmethods': size=120000Kb used=23675Kb max_used=23675Kb free=96324Kb
 bounds [0x000001f619640000, 0x000001f61ad60000, 0x000001f620b70000]
CodeHeap 'non-nmethods': size=5696Kb used=2289Kb max_used=2339Kb free=3406Kb
 bounds [0x000001f6190b0000, 0x000001f619320000, 0x000001f619640000]
 total_blobs=11715 nmethods=10822 adapters=803
 compilation: enabled
              stopped_count=0, restarted_count=0
 full_count=0

Compilation events (20 events):
Event: 103.601 Thread 0x000001f62f1c1800 11024       2       org.codehaus.groovy.reflection.ClassInfo::setWeakMetaClass (37 bytes)
Event: 103.601 Thread 0x000001f62f1c1800 nmethod 11024 0x000001f61ad54690 code [0x000001f61ad54880, 0x000001f61ad54b68]
Event: 103.601 Thread 0x000001f62f1c1800 11025       1       org.gradle.api.internal.provider.Collectors$TypedCollector::getType (5 bytes)
Event: 103.601 Thread 0x000001f62f1c1800 nmethod 11025 0x000001f6214cd390 code [0x000001f6214cd540, 0x000001f6214cd5f8]
Event: 103.630 Thread 0x000001f62f1c1800 11027       2       com.google.common.collect.LinkedHashMultimap$ValueSet::add (144 bytes)
Event: 103.631 Thread 0x000001f62f1c1800 nmethod 11027 0x000001f61ad54d90 code [0x000001f61ad54fc0, 0x000001f61ad55898]
Event: 103.631 Thread 0x000001f62f1c1800 11029       2       com.google.common.collect.LinkedHashMultimap$ValueSet::rehashIfNecessary (88 bytes)
Event: 103.631 Thread 0x000001f62f1c1800 nmethod 11029 0x000001f61ad55c10 code [0x000001f61ad55e20, 0x000001f61ad562c8]
Event: 103.631 Thread 0x000001f62f1c1800 11031       2       org.objectweb.asm.Frame::execute (2318 bytes)
Event: 103.635 Thread 0x000001f62f1c1800 nmethod 11031 0x000001f61ad56490 code [0x000001f61ad56f00, 0x000001f61ad59db8]
Event: 103.635 Thread 0x000001f62f1c1800 11032       2       org.objectweb.asm.Frame::getAbstractTypeFromDescriptor (415 bytes)
Event: 103.636 Thread 0x000001f62f1c1800 nmethod 11032 0x000001f61ad5b790 code [0x000001f61ad5ba20, 0x000001f61ad5c4b8]
Event: 103.636 Thread 0x000001f62f1c1800 11033       2       org.objectweb.asm.Type::getType (122 bytes)
Event: 103.636 Thread 0x000001f62f1c1800 nmethod 11033 0x000001f61ad5cb90 code [0x000001f61ad5cdc0, 0x000001f61ad5d228]
Event: 103.636 Thread 0x000001f62f1c1800 11028       2       com.google.common.collect.LinkedHashMultimap$ValueSet::mask (8 bytes)
Event: 103.636 Thread 0x000001f62f1c1800 nmethod 11028 0x000001f61ad5d410 code [0x000001f61ad5d5c0, 0x000001f61ad5d6b8]
Event: 103.636 Thread 0x000001f62f1c1800 11030       2       com.google.common.collect.Hashing::needsResizing (22 bytes)
Event: 103.636 Thread 0x000001f62f1c1800 nmethod 11030 0x000001f61ad5d790 code [0x000001f61ad5d940, 0x000001f61ad5da78]
Event: 103.636 Thread 0x000001f62f1c1800 11034       1       org.gradle.internal.instantiation.generator.AbstractClassGenerator$PropertyMetadata::access$2400 (5 bytes)
Event: 103.636 Thread 0x000001f62f1c1800 nmethod 11034 0x000001f6214cd690 code [0x000001f6214cd840, 0x000001f6214cd8d8]

GC Heap History (20 events):
Event: 81.516 GC heap before
{Heap before GC invocations=74 (full 0):
 garbage-first heap   total 227328K, used 202255K [0x0000000080000000, 0x0000000100000000)
  region size 1024K, 125 young (128000K), 1 survivors (1024K)
 Metaspace       used 57709K, capacity 59526K, committed 59648K, reserved 1101824K
  class space    used 7350K, capacity 7934K, committed 7936K, reserved 1048576K
}
Event: 81.518 GC heap after
{Heap after GC invocations=75 (full 0):
 garbage-first heap   total 227328K, used 76445K [0x0000000080000000, 0x0000000100000000)
  region size 1024K, 2 young (2048K), 2 survivors (2048K)
 Metaspace       used 57709K, capacity 59526K, committed 59648K, reserved 1101824K
  class space    used 7350K, capacity 7934K, committed 7936K, reserved 1048576K
}
Event: 81.863 GC heap before
{Heap before GC invocations=75 (full 0):
 garbage-first heap   total 227328K, used 200349K [0x0000000080000000, 0x0000000100000000)
  region size 1024K, 123 young (125952K), 2 survivors (2048K)
 Metaspace       used 57709K, capacity 59526K, committed 59648K, reserved 1101824K
  class space    used 7350K, capacity 7934K, committed 7936K, reserved 1048576K
}
Event: 81.866 GC heap after
{Heap after GC invocations=76 (full 0):
 garbage-first heap   total 227328K, used 78201K [0x0000000080000000, 0x0000000100000000)
  region size 1024K, 4 young (4096K), 4 survivors (4096K)
 Metaspace       used 57709K, capacity 59526K, committed 59648K, reserved 1101824K
  class space    used 7350K, capacity 7934K, committed 7936K, reserved 1048576K
}
Event: 82.176 GC heap before
{Heap before GC invocations=76 (full 0):
 garbage-first heap   total 227328K, used 198009K [0x0000000080000000, 0x0000000100000000)
  region size 1024K, 121 young (123904K), 4 survivors (4096K)
 Metaspace       used 57709K, capacity 59526K, committed 59648K, reserved 1101824K
  class space    used 7350K, capacity 7934K, committed 7936K, reserved 1048576K
}
Event: 82.179 GC heap after
{Heap after GC invocations=77 (full 0):
 garbage-first heap   total 227328K, used 79846K [0x0000000080000000, 0x0000000100000000)
  region size 1024K, 5 young (5120K), 5 survivors (5120K)
 Metaspace       used 57709K, capacity 59526K, committed 59648K, reserved 1101824K
  class space    used 7350K, capacity 7934K, committed 7936K, reserved 1048576K
}
Event: 83.384 GC heap before
{Heap before GC invocations=77 (full 0):
 garbage-first heap   total 227328K, used 196582K [0x0000000080000000, 0x0000000100000000)
  region size 1024K, 120 young (122880K), 5 survivors (5120K)
 Metaspace       used 57710K, capacity 59526K, committed 59648K, reserved 1101824K
  class space    used 7350K, capacity 7934K, committed 7936K, reserved 1048576K
}
Event: 83.387 GC heap after
{Heap after GC invocations=78 (full 0):
 garbage-first heap   total 227328K, used 72513K [0x0000000080000000, 0x0000000100000000)
  region size 1024K, 1 young (1024K), 1 survivors (1024K)
 Metaspace       used 57710K, capacity 59526K, committed 59648K, reserved 1101824K
  class space    used 7350K, capacity 7934K, committed 7936K, reserved 1048576K
}
Event: 86.361 GC heap before
{Heap before GC invocations=78 (full 0):
 garbage-first heap   total 227328K, used 199489K [0x0000000080000000, 0x0000000100000000)
  region size 1024K, 123 young (125952K), 1 survivors (1024K)
 Metaspace       used 57711K, capacity 59526K, committed 59648K, reserved 1101824K
  class space    used 7350K, capacity 7934K, committed 7936K, reserved 1048576K
}
Event: 86.363 GC heap after
{Heap after GC invocations=79 (full 0):
 garbage-first heap   total 227328K, used 74807K [0x0000000080000000, 0x0000000100000000)
  region size 1024K, 1 young (1024K), 1 survivors (1024K)
 Metaspace       used 57711K, capacity 59526K, committed 59648K, reserved 1101824K
  class space    used 7350K, capacity 7934K, committed 7936K, reserved 1048576K
}
Event: 87.478 GC heap before
{Heap before GC invocations=79 (full 0):
 garbage-first heap   total 227328K, used 198711K [0x0000000080000000, 0x0000000100000000)
  region size 1024K, 122 young (124928K), 1 survivors (1024K)
 Metaspace       used 57715K, capacity 59526K, committed 59648K, reserved 1101824K
  class space    used 7350K, capacity 7934K, committed 7936K, reserved 1048576K
}
Event: 87.480 GC heap after
{Heap after GC invocations=80 (full 0):
 garbage-first heap   total 227328K, used 72072K [0x0000000080000000, 0x0000000100000000)
  region size 1024K, 1 young (1024K), 1 survivors (1024K)
 Metaspace       used 57715K, capacity 59526K, committed 59648K, reserved 1101824K
  class space    used 7350K, capacity 7934K, committed 7936K, reserved 1048576K
}
Event: 95.247 GC heap before
{Heap before GC invocations=80 (full 0):
 garbage-first heap   total 227328K, used 204168K [0x0000000080000000, 0x0000000100000000)
  region size 1024K, 123 young (125952K), 1 survivors (1024K)
 Metaspace       used 63076K, capacity 64974K, committed 65024K, reserved 1105920K
  class space    used 8045K, capacity 8700K, committed 8704K, reserved 1048576K
}
Event: 95.253 GC heap after
{Heap after GC invocations=81 (full 0):
 garbage-first heap   total 227328K, used 88396K [0x0000000080000000, 0x0000000100000000)
  region size 1024K, 9 young (9216K), 9 survivors (9216K)
 Metaspace       used 63076K, capacity 64974K, committed 65024K, reserved 1105920K
  class space    used 8045K, capacity 8700K, committed 8704K, reserved 1048576K
}
Event: 96.175 GC heap before
{Heap before GC invocations=81 (full 0):
 garbage-first heap   total 227328K, used 97612K [0x0000000080000000, 0x0000000100000000)
  region size 1024K, 19 young (19456K), 9 survivors (9216K)
 Metaspace       used 64528K, capacity 66476K, committed 66560K, reserved 1107968K
  class space    used 8202K, capacity 8880K, committed 8960K, reserved 1048576K
}
Event: 96.189 GC heap after
{Heap after GC invocations=82 (full 0):
 garbage-first heap   total 227328K, used 88479K [0x0000000080000000, 0x0000000100000000)
  region size 1024K, 1 young (1024K), 1 survivors (1024K)
 Metaspace       used 64528K, capacity 66476K, committed 66560K, reserved 1107968K
  class space    used 8202K, capacity 8880K, committed 8960K, reserved 1048576K
}
Event: 98.977 GC heap before
{Heap before GC invocations=83 (full 0):
 garbage-first heap   total 227328K, used 179615K [0x0000000080000000, 0x0000000100000000)
  region size 1024K, 93 young (95232K), 1 survivors (1024K)
 Metaspace       used 74706K, capacity 76712K, committed 77056K, reserved 1116160K
  class space    used 9488K, capacity 10142K, committed 10240K, reserved 1048576K
}
Event: 98.986 GC heap after
{Heap after GC invocations=84 (full 0):
 garbage-first heap   total 227328K, used 91154K [0x0000000080000000, 0x0000000100000000)
  region size 1024K, 7 young (7168K), 7 survivors (7168K)
 Metaspace       used 74706K, capacity 76712K, committed 77056K, reserved 1116160K
  class space    used 9488K, capacity 10142K, committed 10240K, reserved 1048576K
}
Event: 101.055 GC heap before
{Heap before GC invocations=84 (full 0):
 garbage-first heap   total 227328K, used 183314K [0x0000000080000000, 0x0000000100000000)
  region size 1024K, 97 young (99328K), 7 survivors (7168K)
 Metaspace       used 81317K, capacity 83489K, committed 83712K, reserved 1122304K
  class space    used 10471K, capacity 11218K, committed 11264K, reserved 1048576K
}
Event: 101.070 GC heap after
{Heap after GC invocations=85 (full 0):
 garbage-first heap   total 227328K, used 98195K [0x0000000080000000, 0x0000000100000000)
  region size 1024K, 13 young (13312K), 13 survivors (13312K)
 Metaspace       used 81317K, capacity 83489K, committed 83712K, reserved 1122304K
  class space    used 10471K, capacity 11218K, committed 11264K, reserved 1048576K
}

Deoptimization events (20 events):
Event: 103.388 Thread 0x000001f6316a8000 DEOPT PACKING pc=0x000001f621370524 sp=0x0000002994cf9df0
Event: 103.388 Thread 0x000001f6316a8000 DEOPT UNPACKING pc=0x000001f6190d78af sp=0x0000002994cf9db0 mode 2
Event: 103.574 Thread 0x000001f6316a8000 Uncommon trap: trap_request=0xffffffc6 fr.pc=0x000001f620c99450 relative=0x00000000000008f0
Event: 103.574 Thread 0x000001f6316a8000 Uncommon trap: reason=bimorphic_or_optimized_type_check action=maybe_recompile pc=0x000001f620c99450 method=java.lang.Throwable.<init>(Ljava/lang/String;Ljava/lang/Throwable;)V @ 24 c2
Event: 103.574 Thread 0x000001f6316a8000 DEOPT PACKING pc=0x000001f620c99450 sp=0x0000002994cfbef0
Event: 103.574 Thread 0x000001f6316a8000 DEOPT UNPACKING pc=0x000001f6190d78af sp=0x0000002994cfbe60 mode 2
Event: 103.575 Thread 0x000001f6316a8000 DEOPT PACKING pc=0x000001f61a37e5af sp=0x0000002994cf8de0
Event: 103.575 Thread 0x000001f6316a8000 DEOPT UNPACKING pc=0x000001f6190d76ce sp=0x0000002994cf8268 mode 0
Event: 103.630 Thread 0x000001f6316a8000 Uncommon trap: trap_request=0xffffff4d fr.pc=0x000001f6214a6d68 relative=0x0000000000001f88
Event: 103.630 Thread 0x000001f6316a8000 Uncommon trap: reason=unstable_if action=reinterpret pc=0x000001f6214a6d68 method=org.objectweb.asm.Type.getType(Ljava/lang/Class;)Lorg/objectweb/asm/Type; @ 33 c2
Event: 103.630 Thread 0x000001f6316a8000 DEOPT PACKING pc=0x000001f6214a6d68 sp=0x0000002994cf96f0
Event: 103.630 Thread 0x000001f6316a8000 DEOPT UNPACKING pc=0x000001f6190d78af sp=0x0000002994cf96f0 mode 2
Event: 103.630 Thread 0x000001f6316a8000 Uncommon trap: trap_request=0xffffff4d fr.pc=0x000001f6213ef950 relative=0x0000000000000a10
Event: 103.630 Thread 0x000001f6316a8000 Uncommon trap: reason=unstable_if action=reinterpret pc=0x000001f6213ef950 method=org.objectweb.asm.Frame.getAbstractTypeFromDescriptor(Lorg/objectweb/asm/SymbolTable;Ljava/lang/String;I)I @ 5 c2
Event: 103.630 Thread 0x000001f6316a8000 DEOPT PACKING pc=0x000001f6213ef950 sp=0x0000002994cf95f0
Event: 103.630 Thread 0x000001f6316a8000 DEOPT UNPACKING pc=0x000001f6190d78af sp=0x0000002994cf95b0 mode 2
Event: 103.630 Thread 0x000001f6316a8000 Uncommon trap: trap_request=0xffffff4d fr.pc=0x000001f6213ce8bc relative=0x00000000000011dc
Event: 103.630 Thread 0x000001f6316a8000 Uncommon trap: reason=unstable_if action=reinterpret pc=0x000001f6213ce8bc method=org.objectweb.asm.Frame.push(Lorg/objectweb/asm/SymbolTable;Ljava/lang/String;)V @ 42 c2
Event: 103.630 Thread 0x000001f6316a8000 DEOPT PACKING pc=0x000001f6213ce8bc sp=0x0000002994cf9670
Event: 103.630 Thread 0x000001f6316a8000 DEOPT UNPACKING pc=0x000001f6190d78af sp=0x0000002994cf9580 mode 2

Classes redefined (0 events):
No events

Internal exceptions (20 events):
Event: 103.454 Thread 0x000001f6316a8000 Exception <a 'java/lang/ClassNotFoundException'{0x000000008a7c0ab0}: org/gradle/internal/extensibility/DefaultConventionCustomizer> (0x000000008a7c0ab0) thrown at [./src/hotspot/share/classfile/systemDictionary.cpp, line 231]
Event: 103.491 Thread 0x000001f6316a8000 Exception <a 'java/lang/ClassNotFoundException'{0x000000008a6625f8}: org/gradle/internal/extensibility/DefaultExtensionsSchemaBeanInfo> (0x000000008a6625f8) thrown at [./src/hotspot/share/classfile/systemDictionary.cpp, line 231]
Event: 103.492 Thread 0x000001f6316a8000 Exception <a 'java/lang/ClassNotFoundException'{0x000000008a679990}: org/gradle/internal/extensibility/DefaultExtensionsSchemaCustomizer> (0x000000008a679990) thrown at [./src/hotspot/share/classfile/systemDictionary.cpp, line 231]
Event: 103.493 Thread 0x000001f6316a8000 Exception <a 'java/lang/ClassNotFoundException'{0x000000008a6b8d10}: org/gradle/internal/extensibility/ExtensionsStorage$ExtensionHolderBeanInfo> (0x000000008a6b8d10) thrown at [./src/hotspot/share/classfile/systemDictionary.cpp, line 231]
Event: 103.493 Thread 0x000001f6316a8000 Exception <a 'java/lang/ClassNotFoundException'{0x000000008a6d13f8}: org/gradle/internal/extensibility/ExtensionsStorage$ExtensionHolderCustomizer> (0x000000008a6d13f8) thrown at [./src/hotspot/share/classfile/systemDictionary.cpp, line 231]
Event: 103.504 Thread 0x000001f6316a8000 Exception <a 'java/lang/ClassNotFoundException'{0x000000008a5de790}: org/gradle/plugins/ide/idea/model/IdeaProject_DecoratedBeanInfo> (0x000000008a5de790) thrown at [./src/hotspot/share/classfile/systemDictionary.cpp, line 231]
Event: 103.505 Thread 0x000001f6316a8000 Exception <a 'java/lang/ClassNotFoundException'{0x000000008a5fe2c0}: org/gradle/plugins/ide/idea/model/IdeaProjectBeanInfo> (0x000000008a5fe2c0) thrown at [./src/hotspot/share/classfile/systemDictionary.cpp, line 231]
Event: 103.505 Thread 0x000001f6316a8000 Exception <a 'java/lang/ClassNotFoundException'{0x000000008a41e6d0}: org/gradle/plugins/ide/idea/model/IdeaProjectCustomizer> (0x000000008a41e6d0) thrown at [./src/hotspot/share/classfile/systemDictionary.cpp, line 231]
Event: 103.506 Thread 0x000001f6316a8000 Exception <a 'java/lang/ClassNotFoundException'{0x000000008a45c168}: org/gradle/plugins/ide/idea/model/IdeaProject_DecoratedCustomizer> (0x000000008a45c168) thrown at [./src/hotspot/share/classfile/systemDictionary.cpp, line 231]
Event: 103.509 Thread 0x000001f6316a8000 Exception <a 'java/lang/ClassNotFoundException'{0x000000008a4fd940}: org/gradle/plugins/ide/idea/model/IdeaModule_DecoratedBeanInfo> (0x000000008a4fd940) thrown at [./src/hotspot/share/classfile/systemDictionary.cpp, line 231]
Event: 103.510 Thread 0x000001f6316a8000 Exception <a 'java/lang/ClassNotFoundException'{0x000000008a31d848}: org/gradle/plugins/ide/idea/model/IdeaModuleBeanInfo> (0x000000008a31d848) thrown at [./src/hotspot/share/classfile/systemDictionary.cpp, line 231]
Event: 103.510 Thread 0x000001f6316a8000 Exception <a 'java/lang/ClassNotFoundException'{0x000000008a33d638}: org/gradle/plugins/ide/idea/model/IdeaModuleCustomizer> (0x000000008a33d638) thrown at [./src/hotspot/share/classfile/systemDictionary.cpp, line 231]
Event: 103.513 Thread 0x000001f6316a8000 Exception <a 'java/lang/ClassNotFoundException'{0x000000008a3a5f18}: org/gradle/plugins/ide/idea/model/IdeaModule_DecoratedCustomizer> (0x000000008a3a5f18) thrown at [./src/hotspot/share/classfile/systemDictionary.cpp, line 231]
Event: 103.519 Thread 0x000001f6316a8000 Exception <a 'java/lang/NoSuchMethodError'{0x000000008a2aaa98}: <clinit>> (0x000000008a2aaa98) thrown at [./src/hotspot/share/prims/jni.cpp, line 1362]
Event: 103.523 Thread 0x000001f6316a8000 Exception <a 'java/lang/ClassNotFoundException'{0x000000008a0a10a8}: org/codehaus/groovy/runtime/NullObjectBeanInfo> (0x000000008a0a10a8) thrown at [./src/hotspot/share/classfile/systemDictionary.cpp, line 231]
Event: 103.525 Thread 0x000001f6316a8000 Exception <a 'java/lang/ClassNotFoundException'{0x0000000089e75b30}: org/codehaus/groovy/runtime/NullObjectCustomizer> (0x0000000089e75b30) thrown at [./src/hotspot/share/classfile/systemDictionary.cpp, line 231]
Event: 103.573 Thread 0x000001f6316a8000 Exception <a 'java/lang/NoSuchMethodError'{0x0000000089d56c70}: <clinit>> (0x0000000089d56c70) thrown at [./src/hotspot/share/prims/jni.cpp, line 1362]
Event: 103.579 Thread 0x000001f6316a8000 Exception <a 'java/lang/NoSuchMethodError'{0x0000000089de10e8}: <clinit>> (0x0000000089de10e8) thrown at [./src/hotspot/share/prims/jni.cpp, line 1362]
Event: 103.582 Thread 0x000001f6316a8000 Exception <a 'java/lang/NoSuchMethodError'{0x0000000089c34bf8}: <clinit>> (0x0000000089c34bf8) thrown at [./src/hotspot/share/prims/jni.cpp, line 1362]
Event: 103.586 Thread 0x000001f6316a8000 Exception <a 'java/lang/NoSuchMethodError'{0x0000000089c8fd88}: <clinit>> (0x0000000089c8fd88) thrown at [./src/hotspot/share/prims/jni.cpp, line 1362]

Events (20 events):
Event: 103.636 loading class org/gradle/internal/logging/text/StyledTextOutputFactory
Event: 103.636 loading class org/gradle/internal/logging/text/StyledTextOutputFactory done
Event: 103.636 loading class org/gradle/api/file/FileSystemOperations
Event: 103.636 loading class org/gradle/api/file/FileSystemOperations done
Event: 103.636 loading class org/gradle/internal/operations/BuildOperationExecutor
Event: 103.636 loading class org/gradle/internal/operations/BuildOperationExecutor done
Event: 103.636 loading class org/gradle/api/internal/tasks/testing/logging/DefaultTestLoggingContainer
Event: 103.636 loading class org/gradle/api/internal/tasks/testing/logging/DefaultTestLoggingContainer done
Event: 103.656 loading class org/gradle/api/tasks/testing/logging/TestLogEvent
Event: 103.656 loading class org/gradle/api/tasks/testing/logging/TestLogEvent done
Event: 103.657 loading class org/gradle/api/tasks/testing/logging/TestStackTraceFilter
Event: 103.657 loading class org/gradle/api/tasks/testing/logging/TestStackTraceFilter done
Event: 103.657 loading class org/gradle/api/tasks/testing/logging/TestExceptionFormat
Event: 103.657 loading class org/gradle/api/tasks/testing/logging/TestExceptionFormat done
Event: 103.659 loading class org/gradle/api/internal/tasks/testing/logging/DefaultTestLogging
Event: 103.659 loading class org/gradle/api/internal/tasks/testing/logging/DefaultTestLogging done
Event: 103.662 loading class org/gradle/api/internal/tasks/testing/DefaultTestTaskReports
Event: 103.662 loading class org/gradle/api/internal/tasks/testing/DefaultTestTaskReports done
Event: 103.664 loading class org/gradle/api/reporting/internal/TaskReportContainer
Event: 103.664 loading class org/gradle/api/reporting/internal/TaskReportContainer done


Dynamic libraries:
0x00007ff796c30000 - 0x00007ff796c3a000 	C:\Program Files\Android\Android Studio\jre\bin\java.exe
0x00007ffa40fd0000 - 0x00007ffa411c5000 	C:\Windows\SYSTEM32\ntdll.dll
0x00007ffa3f180000 - 0x00007ffa3f23e000 	C:\Windows\System32\KERNEL32.DLL
0x00007ffa3ec70000 - 0x00007ffa3ef39000 	C:\Windows\System32\KERNELBASE.dll
0x00007ffa3e6f0000 - 0x00007ffa3e7f0000 	C:\Windows\System32\ucrtbase.dll
0x00007ffa31380000 - 0x00007ffa31399000 	C:\Program Files\Android\Android Studio\jre\bin\jli.dll
0x00007ffa347b0000 - 0x00007ffa347c7000 	C:\Program Files\Android\Android Studio\jre\bin\VCRUNTIME140.dll
0x00007ffa3fe80000 - 0x00007ffa40021000 	C:\Windows\System32\USER32.dll
0x00007ffa3ef40000 - 0x00007ffa3ef62000 	C:\Windows\System32\win32u.dll
0x00007ffa40210000 - 0x00007ffa4023b000 	C:\Windows\System32\GDI32.dll
0x00007ffa21520000 - 0x00007ffa217ba000 	C:\Windows\WinSxS\amd64_microsoft.windows.common-controls_6595b64144ccf1df_6.0.19041.1110_none_60b5254171f9507e\COMCTL32.dll
0x00007ffa3eb60000 - 0x00007ffa3ec6b000 	C:\Windows\System32\gdi32full.dll
0x00007ffa3ea30000 - 0x00007ffa3eacd000 	C:\Windows\System32\msvcp_win.dll
0x00007ffa3f740000 - 0x00007ffa3f7de000 	C:\Windows\System32\msvcrt.dll
0x00007ffa3f150000 - 0x00007ffa3f180000 	C:\Windows\System32\IMM32.DLL
0x00007ffa024c0000 - 0x00007ffa0255d000 	C:\Program Files\Android\Android Studio\jre\bin\msvcp140.dll
0x00007ff9f8350000 - 0x00007ff9f8e1f000 	C:\Program Files\Android\Android Studio\jre\bin\server\jvm.dll
0x00007ffa40140000 - 0x00007ffa401ec000 	C:\Windows\System32\ADVAPI32.dll
0x00007ffa3f8c0000 - 0x00007ffa3f95b000 	C:\Windows\System32\sechost.dll
0x00007ffa3f020000 - 0x00007ffa3f14a000 	C:\Windows\System32\RPCRT4.dll
0x00007ffa401f0000 - 0x00007ffa401f8000 	C:\Windows\System32\PSAPI.DLL
0x00007ffa2ecd0000 - 0x00007ffa2ecd9000 	C:\Windows\SYSTEM32\WSOCK32.dll
0x00007ffa2f570000 - 0x00007ffa2f597000 	C:\Windows\SYSTEM32\WINMM.dll
0x00007ffa389e0000 - 0x00007ffa389ea000 	C:\Windows\SYSTEM32\VERSION.dll
0x00007ffa40f20000 - 0x00007ffa40f8b000 	C:\Windows\System32\WS2_32.dll
0x00007ffa3c4e0000 - 0x00007ffa3c4f2000 	C:\Windows\SYSTEM32\kernel.appcore.dll
0x00007ffa3a4a0000 - 0x00007ffa3a4b1000 	C:\Program Files\Android\Android Studio\jre\bin\verify.dll
0x00007ffa33c20000 - 0x00007ffa33e04000 	C:\Windows\SYSTEM32\DBGHELP.DLL
0x00007ffa33960000 - 0x00007ffa3398c000 	C:\Windows\SYSTEM32\dbgcore.DLL
0x00007ffa3ead0000 - 0x00007ffa3eb53000 	C:\Windows\System32\bcryptPrimitives.dll
0x00007ffa38b80000 - 0x00007ffa38ba9000 	C:\Program Files\Android\Android Studio\jre\bin\java.dll
0x00007ffa3a560000 - 0x00007ffa3a56b000 	C:\Program Files\Android\Android Studio\jre\bin\jimage.dll
0x00007ffa389c0000 - 0x00007ffa389d8000 	C:\Program Files\Android\Android Studio\jre\bin\zip.dll
0x00007ffa40240000 - 0x00007ffa4097f000 	C:\Windows\System32\SHELL32.dll
0x00007ffa3c7f0000 - 0x00007ffa3cf80000 	C:\Windows\SYSTEM32\windows.storage.dll
0x00007ffa3f2f0000 - 0x00007ffa3f645000 	C:\Windows\System32\combase.dll
0x00007ffa3e070000 - 0x00007ffa3e09c000 	C:\Windows\SYSTEM32\Wldp.dll
0x00007ffa3f240000 - 0x00007ffa3f2ee000 	C:\Windows\System32\SHCORE.dll
0x00007ffa40980000 - 0x00007ffa409d5000 	C:\Windows\System32\shlwapi.dll
0x00007ffa3e630000 - 0x00007ffa3e64f000 	C:\Windows\SYSTEM32\profapi.dll
0x00007ffa34940000 - 0x00007ffa3495a000 	C:\Program Files\Android\Android Studio\jre\bin\net.dll
0x00007ffa38a30000 - 0x00007ffa38b38000 	C:\Windows\SYSTEM32\WINHTTP.dll
0x00007ffa3ddd0000 - 0x00007ffa3de3a000 	C:\Windows\system32\mswsock.dll
0x00007ffa34880000 - 0x00007ffa34894000 	C:\Program Files\Android\Android Studio\jre\bin\nio.dll
0x00007ffa22880000 - 0x00007ffa228a7000 	C:\Users\Vitaly\.gradle\native\e1d6ef7f7dcc3fd88c89a11ec53ec762bb8ba0a96d01ffa2cd45eb1d1d8dd5c5\windows-amd64\native-platform.dll
0x00007ff9f94b0000 - 0x00007ff9f95f4000 	C:\Users\Vitaly\.gradle\native\5664cfc778a61ccfe75a443a1ab52a65af34e5dc3c78e0209fed803814484fcb\windows-amd64\native-platform-file-events.dll
0x00007ffa3a190000 - 0x00007ffa3a19a000 	C:\Program Files\Android\Android Studio\jre\bin\management.dll
0x00007ffa395e0000 - 0x00007ffa395ec000 	C:\Program Files\Android\Android Studio\jre\bin\management_ext.dll
0x00007ffa3dfc0000 - 0x00007ffa3dfd8000 	C:\Windows\SYSTEM32\CRYPTSP.dll
0x00007ffa3d750000 - 0x00007ffa3d784000 	C:\Windows\system32\rsaenh.dll
0x00007ffa3e9b0000 - 0x00007ffa3e9d7000 	C:\Windows\System32\bcrypt.dll
0x00007ffa3e5b0000 - 0x00007ffa3e5de000 	C:\Windows\SYSTEM32\USERENV.dll
0x00007ffa3dfe0000 - 0x00007ffa3dfec000 	C:\Windows\SYSTEM32\CRYPTBASE.dll
0x00007ffa3dac0000 - 0x00007ffa3dafb000 	C:\Windows\SYSTEM32\IPHLPAPI.DLL
0x00007ffa40200000 - 0x00007ffa40208000 	C:\Windows\System32\NSI.dll
0x00007ffa37400000 - 0x00007ffa37417000 	C:\Windows\SYSTEM32\dhcpcsvc6.DLL
0x00007ffa37e40000 - 0x00007ffa37e5d000 	C:\Windows\SYSTEM32\dhcpcsvc.DLL
0x00007ffa3db10000 - 0x00007ffa3dbdc000 	C:\Windows\SYSTEM32\DNSAPI.dll

dbghelp: loaded successfully - version: 4.0.5 - missing functions: none
symbol engine: initialized successfully - sym options: 0x614 - pdb path: .;C:\Program Files\Android\Android Studio\jre\bin;C:\Windows\SYSTEM32;C:\Windows\WinSxS\amd64_microsoft.windows.common-controls_6595b64144ccf1df_6.0.19041.1110_none_60b5254171f9507e;C:\Program Files\Android\Android Studio\jre\bin\server;C:\Users\Vitaly\.gradle\native\e1d6ef7f7dcc3fd88c89a11ec53ec762bb8ba0a96d01ffa2cd45eb1d1d8dd5c5\windows-amd64;C:\Users\Vitaly\.gradle\native\5664cfc778a61ccfe75a443a1ab52a65af34e5dc3c78e0209fed803814484fcb\windows-amd64

VM Arguments:
jvm_args: --add-opens=java.base/java.util=ALL-UNNAMED --add-opens=java.base/java.lang=ALL-UNNAMED --add-opens=java.base/java.lang.invoke=ALL-UNNAMED --add-opens=java.base/java.util=ALL-UNNAMED --add-opens=java.prefs/java.util.prefs=ALL-UNNAMED --add-opens=java.prefs/java.util.prefs=ALL-UNNAMED --add-opens=java.base/java.nio.charset=ALL-UNNAMED --add-opens=java.base/java.net=ALL-UNNAMED --add-opens=java.base/java.util.concurrent.atomic=ALL-UNNAMED -Xmx2048m -Dfile.encoding=UTF-8 -Duser.country=RU -Duser.language=ru -Duser.variant 
java_command: org.gradle.launcher.daemon.bootstrap.GradleDaemon 7.3.3
java_class_path (initial): C:\Users\Vitaly\.gradle\wrapper\dists\gradle-7.3.3-bin\6a41zxkdtcxs8rphpq6y0069z\gradle-7.3.3\lib\gradle-launcher-7.3.3.jar
Launcher Type: SUN_STANDARD

[Global flags]
     intx CICompilerCount                          = 3                                         {product} {ergonomic}
     uint ConcGCThreads                            = 1                                         {product} {ergonomic}
     uint G1ConcRefinementThreads                  = 4                                         {product} {ergonomic}
   size_t G1HeapRegionSize                         = 1048576                                   {product} {ergonomic}
    uintx GCDrainStackTargetSize                   = 64                                        {product} {ergonomic}
   size_t InitialHeapSize                          = 134217728                                 {product} {ergonomic}
   size_t MarkStackSize                            = 4194304                                   {product} {ergonomic}
   size_t MaxHeapSize                              = 2147483648                                {product} {command line}
   size_t MaxNewSize                               = 1287651328                                {product} {ergonomic}
   size_t MinHeapDeltaBytes                        = 1048576                                   {product} {ergonomic}
    uintx NonNMethodCodeHeapSize                   = 5830732                                {pd product} {ergonomic}
    uintx NonProfiledCodeHeapSize                  = 122913754                              {pd product} {ergonomic}
    uintx ProfiledCodeHeapSize                     = 122913754                              {pd product} {ergonomic}
    uintx ReservedCodeCacheSize                    = 251658240                              {pd product} {ergonomic}
     bool SegmentedCodeCache                       = true                                      {product} {ergonomic}
     bool UseCompressedClassPointers               = true                                 {lp64_product} {ergonomic}
     bool UseCompressedOops                        = true                                 {lp64_product} {ergonomic}
     bool UseG1GC                                  = true                                      {product} {ergonomic}
     bool UseLargePagesIndividualAllocation        = false                                  {pd product} {ergonomic}

Logging:
Log output configuration:
 #0: stdout all=warning uptime,level,tags
 #1: stderr all=off uptime,level,tags

Environment Variables:
PATH=C:\Program Files (x86)\Intel\Intel(R) Management Engine Components\iCLS\;C:\Program Files\Intel\Intel(R) Management Engine Components\iCLS\;C:\Windows\system32;C:\Windows;C:\Windows\System32\Wbem;C:\Windows\System32\WindowsPowerShell\v1.0\;c:\Program Files (x86)\Intel\Intel(R) Management Engine Components\DAL;c:\Program Files\Intel\Intel(R) Management Engine Components\DAL;c:\Program Files (x86)\Intel\Intel(R) Management Engine Components\IPT;c:\Program Files\Intel\Intel(R) Management Engine Components\IPT;C:\Program Files\Git\cmd;C:\Users\Vitaly\AppData\Local\Microsoft\WindowsApps;C:\OpenCV2.1\bin
USERNAME=Vitaly
OS=Windows_NT
PROCESSOR_IDENTIFIER=Intel64 Family 6 Model 142 Stepping 9, GenuineIntel



---------------  S Y S T E M  ---------------

OS: Windows 10 , 64 bit Build 19041 (10.0.19041.1202)
OS uptime: 0 days 4:33 hours

CPU:total 4 (initial active 4) (2 cores per cpu, 2 threads per core) family 6 model 142 stepping 9 microcode 0xb4, cmov, cx8, fxsr, mmx, sse, sse2, sse3, ssse3, sse4.1, sse4.2, popcnt, avx, avx2, aes, clmul, erms, 3dnowpref, lzcnt, ht, tsc, tscinvbit, bmi1, bmi2, adx, fma

Memory: 4k page, system-wide physical 8092M (117M free)
TotalPageFile size 8092M (AvailPageFile size 5M)
current process WorkingSet (physical memory assigned to process): 474M, peak: 474M
current process commit charge ("private bytes"): 506M, peak: 507M

vm_info: OpenJDK 64-Bit Server VM (11.0.10+0-b96-7249189) for windows-amd64 JRE (11.0.10+0-b96-7249189), built on Mar 31 2021 21:44:00 by "builder" with MS VC++ 14.0 (VS2015)

END.
